06:10:40 [0m[33m[WARN] [0mCollecting statistics
(append nil ?x) => ?x
(append (cons ?x2 ?y) ?z) => (cons ?x2 (append ?y ?z))
(ta1 ?pred nil) => nil
(sol171 ?pred ?lst) => (aux ?pred (S Z) ?lst)
(aux ?pred ?i nil) => nil
06:10:40 [0m[33m[WARN] [0m ex is: zero
06:10:40 [0m[33m[WARN] [0m ex is: (succ zero)
06:10:40 [0m[33m[WARN] [0m ex is: (succ (succ zero))
06:10:40 [0m[33m[WARN] [0m ex is: nil
06:10:40 [0m[33m[WARN] [0m ex is: (cons autovar_Nat_0 nil)
06:10:40 [0m[33m[WARN] [0m ex is: (cons autovar_Nat_1 (cons autovar_Nat_0 nil))
06:10:40 [0m[33m[WARN] [0mProof mode: false
06:10:40 [0m[33m[WARN] [0m ex is: zero
06:10:40 [0m[33m[WARN] [0m ex is: (succ zero)
06:10:40 [0m[33m[WARN] [0m ex is: (succ (succ zero))
06:10:40 [0m[33m[WARN] [0m ex is: nil
06:10:40 [0m[33m[WARN] [0m ex is: (cons autovar_Nat_0 nil)
06:10:40 [0m[33m[WARN] [0m ex is: (cons autovar_Nat_1 (cons autovar_Nat_0 nil))
06:10:40 [0m[33m[WARN] [0mProof mode: false
06:10:40 [0m[33m[WARN] [0mproved: (append ?ts_ph_Lst_0 nil) => ?ts_ph_Lst_0
06:10:41 [0m[33m[WARN] [0mproved: (append ?ts_ph_Lst_0 (append ?ts_ph_Lst_1 ?ts_ph_Lst_2)) => (append (append ?ts_ph_Lst_0 ?ts_ph_Lst_1) ?ts_ph_Lst_2)
06:10:41 [0m[33m[WARN] [0mproved: (append (append ?ts_ph_Lst_0 ?ts_ph_Lst_1) ?ts_ph_Lst_2) => (append ?ts_ph_Lst_0 (append ?ts_ph_Lst_1 ?ts_ph_Lst_2))
done in 444
