08:43:00 [0m[33m[WARN] [0mCollecting statistics
(add1 Z ?y) => ?y
(add1 (S ?x) ?y) => (S (add1 ?x ?y))
(add4 ?n1 Z) => ?n1
(add4 ?n1 (S ?n)) => (add4 (S ?n1) ?n)
(mul1 Z ?n2) => Z
(mul1 (S ?n) ?n2) => (add1 ?n2 (mul1 ?n ?n2))
(mul6 ?n1 Z) => Z
(mul6 ?n1 (S ?n)) => (add4 ?n1 (mul6 ?n1 ?n))
08:43:00 [0m[33m[WARN] [0m ex is: Z
08:43:00 [0m[33m[WARN] [0m ex is: (S Z)
08:43:00 [0m[33m[WARN] [0m ex is: (S (S Z))
08:43:00 [0m[33m[WARN] [0mRunning exploration without proof mode, but goals were given
08:43:00 [0m[33m[WARN] [0mProof mode: true
08:43:00 [0m[33m[WARN] [0m ex is: Z
08:43:00 [0m[33m[WARN] [0m ex is: (S Z)
08:43:00 [0m[33m[WARN] [0m ex is: (S (S Z))
08:43:00 [0m[33m[WARN] [0mRunning exploration without proof mode, but goals were given
08:43:00 [0m[33m[WARN] [0mProof mode: true
08:43:00 [0m[33m[WARN] [0mproved: (mul6 Z ?ts_ph_Nat_0) => Z
08:43:00 [0m[33m[WARN] [0mproved: (mul1 ?ts_ph_Nat_0 Z) => Z
08:43:00 [0m[33m[WARN] [0mproved: (add1 ?ts_ph_Nat_0 Z) => ?ts_ph_Nat_0
08:43:01 [0m[33m[WARN] [0mproved: (S ?ts_ph_Nat_0) => (add1 ?ts_ph_Nat_0 (S Z))
08:43:01 [0m[33m[WARN] [0mproved: (add1 ?ts_ph_Nat_0 (S Z)) => (S ?ts_ph_Nat_0)
08:43:01 [0m[33m[WARN] [0mgeneralized case_split proof as: (add1 (add1 ?ts_ph_Nat_0 ?ts_ph_Nat_1) ?ts_ph_Nat_2) -- (add1 ?ts_ph_Nat_0 (add1 ?ts_ph_Nat_1 ?ts_ph_Nat_2))
08:43:01 [0m[33m[WARN] [0mproved: (add1 (add1 ?ts_ph_Nat_0 ?ts_ph_Nat_1) ?ts_ph_Nat_2) => (add1 ?ts_ph_Nat_0 (add1 ?ts_ph_Nat_1 ?ts_ph_Nat_2))
08:43:01 [0m[33m[WARN] [0mproved: (add1 ?ts_ph_Nat_0 (add1 ?ts_ph_Nat_1 ?ts_ph_Nat_2)) => (add1 (add1 ?ts_ph_Nat_0 ?ts_ph_Nat_1) ?ts_ph_Nat_2)
08:43:01 [0m[33m[WARN] [0mproved: (add1 (add4 Z ?ts_ph_Nat_0) ?ts_ph_Nat_1) => (add4 ?ts_ph_Nat_1 ?ts_ph_Nat_0)
08:43:01 [0m[33m[WARN] [0mproved: (add4 ?ts_ph_Nat_1 ?ts_ph_Nat_0) => (add1 (add4 Z ?ts_ph_Nat_0) ?ts_ph_Nat_1)
08:43:01 [0m[33m[WARN] [0mproved: (add4 Z (add4 ?ts_ph_Nat_1 ?ts_ph_Nat_0)) => (add4 ?ts_ph_Nat_0 ?ts_ph_Nat_1)
08:43:01 [0m[33m[WARN] [0mproved: (add4 ?ts_ph_Nat_0 ?ts_ph_Nat_1) => (add4 Z (add4 ?ts_ph_Nat_1 ?ts_ph_Nat_0))
08:43:01 [0m[33m[WARN] [0mproved: (mul6 ?ts_ph_Nat_1 (add4 Z ?ts_ph_Nat_0)) => (mul6 ?ts_ph_Nat_1 ?ts_ph_Nat_0)
08:43:01 [0m[33m[WARN] [0mproved: (mul6 ?ts_ph_Nat_1 ?ts_ph_Nat_0) => (mul6 ?ts_ph_Nat_1 (add4 Z ?ts_ph_Nat_0))
08:43:01 [0m[33m[WARN] [0mproved: (add4 (add4 ?ts_ph_Nat_0 ?ts_ph_Nat_0) ?ts_ph_Nat_1) => (add4 (add1 ?ts_ph_Nat_0 ?ts_ph_Nat_0) ?ts_ph_Nat_1)
08:43:01 [0m[33m[WARN] [0mproved: (add4 (add1 ?ts_ph_Nat_0 ?ts_ph_Nat_0) ?ts_ph_Nat_1) => (add4 (add4 ?ts_ph_Nat_0 ?ts_ph_Nat_0) ?ts_ph_Nat_1)
08:43:01 [0m[33m[WARN] [0mproved: (add1 ?ts_ph_Nat_0 (add4 ?ts_ph_Nat_0 ?ts_ph_Nat_1)) => (add4 (add4 ?ts_ph_Nat_0 ?ts_ph_Nat_1) ?ts_ph_Nat_0)
08:43:01 [0m[33m[WARN] [0mproved: (add4 (add4 ?ts_ph_Nat_0 ?ts_ph_Nat_1) ?ts_ph_Nat_0) => (add1 ?ts_ph_Nat_0 (add4 ?ts_ph_Nat_0 ?ts_ph_Nat_1))
08:43:01 [0m[33m[WARN] [0mproved: (add4 (add4 Z ?ts_ph_Nat_1) ?ts_ph_Nat_0) => (add1 ?ts_ph_Nat_0 (add4 Z ?ts_ph_Nat_1))
08:43:01 [0m[33m[WARN] [0mproved: (add1 ?ts_ph_Nat_0 (add4 Z ?ts_ph_Nat_1)) => (add4 (add4 Z ?ts_ph_Nat_1) ?ts_ph_Nat_0)
08:43:01 [0m[33m[WARN] [0mproved: (S ?ts_ph_Nat_0) => (mul1 (S ?ts_ph_Nat_0) (S Z))
08:43:01 [0m[33m[WARN] [0mproved: (mul1 (S ?ts_ph_Nat_0) (S Z)) => (S ?ts_ph_Nat_0)
08:43:01 [0m[33m[WARN] [0mproved: (add4 Z (add4 Z ?ts_ph_Nat_0)) => (mul1 ?ts_ph_Nat_0 (S Z))
08:43:01 [0m[33m[WARN] [0mproved: (mul1 ?ts_ph_Nat_0 (S Z)) => (add4 Z (add4 Z ?ts_ph_Nat_0))
08:43:01 [0m[33m[WARN] [0mproved: (add4 Z (add4 Z ?ts_ph_Nat_0)) => (mul6 (S Z) ?ts_ph_Nat_0)
08:43:01 [0m[33m[WARN] [0mproved: (mul6 (S Z) ?ts_ph_Nat_0) => (add4 Z (add4 Z ?ts_ph_Nat_0))
08:43:02 [0m[33m[WARN] [0mgeneralized case_split proof as: (mul6 (add4 ?ts_ph_Nat_1 ?ts_ph_Nat_2) ?ts_ph_Nat_0) -- (add4 (mul6 ?ts_ph_Nat_1 ?ts_ph_Nat_0) (mul6 ?ts_ph_Nat_2 ?ts_ph_Nat_0))
08:43:02 [0m[33m[WARN] [0mproved: (mul6 (add4 ?ts_ph_Nat_1 ?ts_ph_Nat_2) ?ts_ph_Nat_0) => (add4 (mul6 ?ts_ph_Nat_1 ?ts_ph_Nat_0) (mul6 ?ts_ph_Nat_2 ?ts_ph_Nat_0))
08:43:02 [0m[33m[WARN] [0mproved: (add4 (mul6 ?ts_ph_Nat_1 ?ts_ph_Nat_0) (mul6 ?ts_ph_Nat_2 ?ts_ph_Nat_0)) => (mul6 (add4 ?ts_ph_Nat_1 ?ts_ph_Nat_2) ?ts_ph_Nat_0)
08:43:02 [0m[33m[WARN] [0mFound all lemmas
done in 2045
