03:37:11 [0m[33m[WARN] [0mCollecting statistics
(add1 Z ?y) => ?y
(add1 (S ?x) ?y) => (S (add1 ?x ?y))
(add3 Z ?n2) => ?n2
(add3 (S ?n) ?n2) => (add3 ?n (S ?n2))
(mul1 Z ?n2) => Z
(mul1 (S ?n) ?n2) => (add1 ?n2 (mul1 ?n ?n2))
(mul4 Z ?n2) => Z
(mul4 (S ?n) ?n2) => (add3 (mul4 ?n ?n2) ?n2)
03:37:11 [0m[33m[WARN] [0m ex is: Z
03:37:11 [0m[33m[WARN] [0m ex is: (S Z)
03:37:11 [0m[33m[WARN] [0m ex is: (S (S Z))
03:37:11 [0m[33m[WARN] [0mRunning exploration without proof mode, but goals were given
03:37:11 [0m[33m[WARN] [0mProof mode: true
03:37:11 [0m[33m[WARN] [0m ex is: Z
03:37:11 [0m[33m[WARN] [0m ex is: (S Z)
03:37:11 [0m[33m[WARN] [0m ex is: (S (S Z))
03:37:11 [0m[33m[WARN] [0mRunning exploration without proof mode, but goals were given
03:37:11 [0m[33m[WARN] [0mProof mode: true
03:37:11 [0m[33m[WARN] [0mproved: (add1 ?ts_ph_Nat_0 Z) => ?ts_ph_Nat_0
03:37:11 [0m[33m[WARN] [0mproved: (mul4 ?ts_ph_Nat_0 Z) => Z
03:37:11 [0m[33m[WARN] [0mproved: (mul1 ?ts_ph_Nat_0 Z) => Z
03:37:11 [0m[33m[WARN] [0mproved: (mul1 ?ts_ph_Nat_0 (S Z)) => ?ts_ph_Nat_0
03:37:11 [0m[33m[WARN] [0mproved: (add1 ?ts_ph_Nat_0 (S Z)) => (S ?ts_ph_Nat_0)
03:37:11 [0m[33m[WARN] [0mproved: (S ?ts_ph_Nat_0) => (add1 ?ts_ph_Nat_0 (S Z))
03:37:12 [0m[33m[WARN] [0mproved: (add3 (add3 ?ts_ph_Nat_0 ?ts_ph_Nat_1) (S Z)) => (add3 ?ts_ph_Nat_1 (S ?ts_ph_Nat_0))
03:37:12 [0m[33m[WARN] [0mproved: (add3 ?ts_ph_Nat_1 (S ?ts_ph_Nat_0)) => (add3 (add3 ?ts_ph_Nat_0 ?ts_ph_Nat_1) (S Z))
03:37:12 [0m[33m[WARN] [0mproved: (add1 (add3 ?ts_ph_Nat_0 ?ts_ph_Nat_0) (S ?ts_ph_Nat_1)) => (add3 ?ts_ph_Nat_0 (S (add1 ?ts_ph_Nat_0 ?ts_ph_Nat_1)))
03:37:12 [0m[33m[WARN] [0mproved: (add3 ?ts_ph_Nat_0 (S (add1 ?ts_ph_Nat_0 ?ts_ph_Nat_1))) => (add1 (add3 ?ts_ph_Nat_0 ?ts_ph_Nat_0) (S ?ts_ph_Nat_1))
03:37:12 [0m[33m[WARN] [0mproved: (add3 ?ts_ph_Nat_0 (S Z)) => (add3 (add3 ?ts_ph_Nat_0 Z) (S Z))
03:37:12 [0m[33m[WARN] [0mproved: (add3 (add3 ?ts_ph_Nat_0 Z) (S Z)) => (add3 ?ts_ph_Nat_0 (S Z))
03:37:12 [0m[33m[WARN] [0mproved: (S (add1 ?ts_ph_Nat_0 (add3 ?ts_ph_Nat_0 Z))) => (S (add1 ?ts_ph_Nat_0 ?ts_ph_Nat_0))
03:37:12 [0m[33m[WARN] [0mproved: (S (add1 ?ts_ph_Nat_0 ?ts_ph_Nat_0)) => (S (add1 ?ts_ph_Nat_0 (add3 ?ts_ph_Nat_0 Z)))
03:37:12 [0m[33m[WARN] [0mproved: (mul1 (add3 ?ts_ph_Nat_0 Z) (S Z)) => (mul4 ?ts_ph_Nat_0 (S Z))
03:37:12 [0m[33m[WARN] [0mproved: (mul4 ?ts_ph_Nat_0 (S Z)) => (mul1 (add3 ?ts_ph_Nat_0 Z) (S Z))
03:37:12 [0m[33m[WARN] [0mproved: (mul1 (add3 ?ts_ph_Nat_0 Z) (S ?ts_ph_Nat_0)) => (mul1 ?ts_ph_Nat_0 (S ?ts_ph_Nat_0))
03:37:12 [0m[33m[WARN] [0mproved: (mul1 ?ts_ph_Nat_0 (S ?ts_ph_Nat_0)) => (mul1 (add3 ?ts_ph_Nat_0 Z) (S ?ts_ph_Nat_0))
03:37:12 [0m[33m[WARN] [0mproved: (mul4 (S ?ts_ph_Nat_0) ?ts_ph_Nat_0) => (mul4 (S ?ts_ph_Nat_0) (add3 ?ts_ph_Nat_0 Z))
03:37:12 [0m[33m[WARN] [0mproved: (mul4 (S ?ts_ph_Nat_0) (add3 ?ts_ph_Nat_0 Z)) => (mul4 (S ?ts_ph_Nat_0) ?ts_ph_Nat_0)
03:37:12 [0m[33m[WARN] [0mproved: (mul1 (S ?ts_ph_Nat_0) (add3 ?ts_ph_Nat_0 Z)) => (mul1 (S ?ts_ph_Nat_0) ?ts_ph_Nat_0)
03:37:12 [0m[33m[WARN] [0mproved: (mul1 (S ?ts_ph_Nat_0) ?ts_ph_Nat_0) => (mul1 (S ?ts_ph_Nat_0) (add3 ?ts_ph_Nat_0 Z))
03:37:12 [0m[33m[WARN] [0mproved: (mul4 (add3 ?ts_ph_Nat_0 ?ts_ph_Nat_0) (S Z)) => (add3 (add3 ?ts_ph_Nat_0 Z) ?ts_ph_Nat_0)
03:37:12 [0m[33m[WARN] [0mproved: (add3 (add3 ?ts_ph_Nat_0 Z) ?ts_ph_Nat_0) => (mul4 (add3 ?ts_ph_Nat_0 ?ts_ph_Nat_0) (S Z))
03:37:12 [0m[33m[WARN] [0mproved: (add3 (add1 ?ts_ph_Nat_0 ?ts_ph_Nat_0) Z) => (mul1 (add1 ?ts_ph_Nat_0 ?ts_ph_Nat_0) (S Z))
03:37:12 [0m[33m[WARN] [0mproved: (mul1 (add1 ?ts_ph_Nat_0 ?ts_ph_Nat_0) (S Z)) => (add3 (add1 ?ts_ph_Nat_0 ?ts_ph_Nat_0) Z)
03:37:12 [0m[33m[WARN] [0mproved: (add1 ?ts_ph_Nat_0 (add3 ?ts_ph_Nat_0 Z)) => (mul1 (add1 ?ts_ph_Nat_0 ?ts_ph_Nat_0) (S Z))
03:37:12 [0m[33m[WARN] [0mproved: (mul1 (add1 ?ts_ph_Nat_0 ?ts_ph_Nat_0) (S Z)) => (add1 ?ts_ph_Nat_0 (add3 ?ts_ph_Nat_0 Z))
03:37:12 [0m[33m[WARN] [0mproved: (mul1 (mul1 ?ts_ph_Nat_0 ?ts_ph_Nat_0) (S Z)) => (mul1 (add3 ?ts_ph_Nat_0 Z) ?ts_ph_Nat_0)
03:37:12 [0m[33m[WARN] [0mproved: (mul1 (add3 ?ts_ph_Nat_0 Z) ?ts_ph_Nat_0) => (mul1 (mul1 ?ts_ph_Nat_0 ?ts_ph_Nat_0) (S Z))
03:37:12 [0m[33m[WARN] [0mproved: (mul1 (mul4 ?ts_ph_Nat_0 ?ts_ph_Nat_0) (S Z)) => (add3 (mul4 ?ts_ph_Nat_0 ?ts_ph_Nat_0) Z)
03:37:12 [0m[33m[WARN] [0mproved: (add3 (mul4 ?ts_ph_Nat_0 ?ts_ph_Nat_0) Z) => (mul1 (mul4 ?ts_ph_Nat_0 ?ts_ph_Nat_0) (S Z))
03:37:12 [0m[33m[WARN] [0mproved: (mul1 (mul1 ?ts_ph_Nat_0 ?ts_ph_Nat_0) (S Z)) => (mul1 ?ts_ph_Nat_0 (add3 ?ts_ph_Nat_0 Z))
03:37:12 [0m[33m[WARN] [0mproved: (mul1 ?ts_ph_Nat_0 (add3 ?ts_ph_Nat_0 Z)) => (mul1 (mul1 ?ts_ph_Nat_0 ?ts_ph_Nat_0) (S Z))
03:37:12 [0m[33m[WARN] [0mproved: (mul1 (mul1 ?ts_ph_Nat_0 ?ts_ph_Nat_0) (S Z)) => (add3 (mul1 ?ts_ph_Nat_0 ?ts_ph_Nat_0) Z)
03:37:12 [0m[33m[WARN] [0mproved: (add3 (mul1 ?ts_ph_Nat_0 ?ts_ph_Nat_0) Z) => (mul1 (mul1 ?ts_ph_Nat_0 ?ts_ph_Nat_0) (S Z))
03:37:12 [0m[33m[WARN] [0mproved: (mul4 (add3 ?ts_ph_Nat_0 Z) ?ts_ph_Nat_0) => (mul1 (mul4 ?ts_ph_Nat_0 ?ts_ph_Nat_0) (S Z))
03:37:12 [0m[33m[WARN] [0mproved: (mul1 (mul4 ?ts_ph_Nat_0 ?ts_ph_Nat_0) (S Z)) => (mul4 (add3 ?ts_ph_Nat_0 Z) ?ts_ph_Nat_0)
03:37:13 [0m[33m[WARN] [0mproved: (mul4 (add3 ?ts_ph_Nat_0 ?ts_ph_Nat_0) (S Z)) => (mul1 (add3 ?ts_ph_Nat_0 ?ts_ph_Nat_0) (S Z))
03:37:13 [0m[33m[WARN] [0mproved: (mul1 (add3 ?ts_ph_Nat_0 ?ts_ph_Nat_0) (S Z)) => (mul4 (add3 ?ts_ph_Nat_0 ?ts_ph_Nat_0) (S Z))
03:37:13 [0m[33m[WARN] [0mproved: (add3 (add3 ?ts_ph_Nat_0 Z) (S ?ts_ph_Nat_0)) => (add1 (add3 ?ts_ph_Nat_0 ?ts_ph_Nat_0) (S Z))
03:37:13 [0m[33m[WARN] [0mproved: (add1 (add3 ?ts_ph_Nat_0 ?ts_ph_Nat_0) (S Z)) => (add3 (add3 ?ts_ph_Nat_0 Z) (S ?ts_ph_Nat_0))
03:37:13 [0m[33m[WARN] [0mgeneralized case_split proof as: (mul1 ?ts_ph_Nat_0 (add3 ?ts_ph_Nat_1 ?ts_ph_Nat_2)) -- (mul1 (add3 ?ts_ph_Nat_0 Z) (add3 ?ts_ph_Nat_1 ?ts_ph_Nat_2))
03:37:13 [0m[33m[WARN] [0mproved: (mul1 ?ts_ph_Nat_0 (add3 ?ts_ph_Nat_1 ?ts_ph_Nat_2)) => (mul1 (add3 ?ts_ph_Nat_0 Z) (add3 ?ts_ph_Nat_1 ?ts_ph_Nat_2))
03:37:13 [0m[33m[WARN] [0mproved: (mul1 (add3 ?ts_ph_Nat_0 Z) (add3 ?ts_ph_Nat_1 ?ts_ph_Nat_2)) => (mul1 ?ts_ph_Nat_0 (add3 ?ts_ph_Nat_1 ?ts_ph_Nat_2))
03:37:13 [0m[33m[WARN] [0mgeneralized case_split proof as: (mul1 ?ts_ph_Nat_0 (mul4 ?ts_ph_Nat_1 ?ts_ph_Nat_2)) -- (mul1 (add3 ?ts_ph_Nat_0 Z) (mul4 ?ts_ph_Nat_1 ?ts_ph_Nat_2))
03:37:13 [0m[33m[WARN] [0mproved: (mul1 ?ts_ph_Nat_0 (mul4 ?ts_ph_Nat_1 ?ts_ph_Nat_2)) => (mul1 (add3 ?ts_ph_Nat_0 Z) (mul4 ?ts_ph_Nat_1 ?ts_ph_Nat_2))
03:37:13 [0m[33m[WARN] [0mproved: (mul1 (add3 ?ts_ph_Nat_0 Z) (mul4 ?ts_ph_Nat_1 ?ts_ph_Nat_2)) => (mul1 ?ts_ph_Nat_0 (mul4 ?ts_ph_Nat_1 ?ts_ph_Nat_2))
03:37:14 [0m[33m[WARN] [0mgeneralized case_split proof as: (add3 ?ts_ph_Nat_0 (add1 ?ts_ph_Nat_1 ?ts_ph_Nat_2)) -- (add3 (add3 ?ts_ph_Nat_0 Z) (add1 ?ts_ph_Nat_1 ?ts_ph_Nat_2))
03:37:14 [0m[33m[WARN] [0mproved: (add3 ?ts_ph_Nat_0 (add1 ?ts_ph_Nat_1 ?ts_ph_Nat_2)) => (add3 (add3 ?ts_ph_Nat_0 Z) (add1 ?ts_ph_Nat_1 ?ts_ph_Nat_2))
03:37:14 [0m[33m[WARN] [0mproved: (add3 (add3 ?ts_ph_Nat_0 Z) (add1 ?ts_ph_Nat_1 ?ts_ph_Nat_2)) => (add3 ?ts_ph_Nat_0 (add1 ?ts_ph_Nat_1 ?ts_ph_Nat_2))
03:37:14 [0m[33m[WARN] [0mgeneralized case_split proof as: (add1 (add3 ?ts_ph_Nat_1 ?ts_ph_Nat_2) ?ts_ph_Nat_0) -- (add1 (add3 ?ts_ph_Nat_1 ?ts_ph_Nat_2) (add3 ?ts_ph_Nat_0 Z))
03:37:14 [0m[33m[WARN] [0mproved: (add1 (add3 ?ts_ph_Nat_1 ?ts_ph_Nat_2) ?ts_ph_Nat_0) => (add1 (add3 ?ts_ph_Nat_1 ?ts_ph_Nat_2) (add3 ?ts_ph_Nat_0 Z))
03:37:14 [0m[33m[WARN] [0mproved: (add1 (add3 ?ts_ph_Nat_1 ?ts_ph_Nat_2) (add3 ?ts_ph_Nat_0 Z)) => (add1 (add3 ?ts_ph_Nat_1 ?ts_ph_Nat_2) ?ts_ph_Nat_0)
03:37:14 [0m[33m[WARN] [0mgeneralized case_split proof as: (mul4 (add3 ?ts_ph_Nat_0 Z) (add3 ?ts_ph_Nat_1 ?ts_ph_Nat_2)) -- (mul4 ?ts_ph_Nat_0 (add3 ?ts_ph_Nat_1 ?ts_ph_Nat_2))
03:37:14 [0m[33m[WARN] [0mproved: (mul4 (add3 ?ts_ph_Nat_0 Z) (add3 ?ts_ph_Nat_1 ?ts_ph_Nat_2)) => (mul4 ?ts_ph_Nat_0 (add3 ?ts_ph_Nat_1 ?ts_ph_Nat_2))
03:37:14 [0m[33m[WARN] [0mproved: (mul4 ?ts_ph_Nat_0 (add3 ?ts_ph_Nat_1 ?ts_ph_Nat_2)) => (mul4 (add3 ?ts_ph_Nat_0 Z) (add3 ?ts_ph_Nat_1 ?ts_ph_Nat_2))
03:37:14 [0m[33m[WARN] [0mgeneralized case_split proof as: (add1 ?ts_ph_Nat_0 (add3 ?ts_ph_Nat_1 ?ts_ph_Nat_2)) -- (add1 (add3 ?ts_ph_Nat_0 Z) (add3 ?ts_ph_Nat_1 ?ts_ph_Nat_2))
03:37:14 [0m[33m[WARN] [0mproved: (add1 ?ts_ph_Nat_0 (add3 ?ts_ph_Nat_1 ?ts_ph_Nat_2)) => (add1 (add3 ?ts_ph_Nat_0 Z) (add3 ?ts_ph_Nat_1 ?ts_ph_Nat_2))
03:37:14 [0m[33m[WARN] [0mproved: (add1 (add3 ?ts_ph_Nat_0 Z) (add3 ?ts_ph_Nat_1 ?ts_ph_Nat_2)) => (add1 ?ts_ph_Nat_0 (add3 ?ts_ph_Nat_1 ?ts_ph_Nat_2))
03:37:14 [0m[33m[WARN] [0mgeneralized case_split proof as: (mul4 (add1 ?ts_ph_Nat_1 ?ts_ph_Nat_2) (add3 ?ts_ph_Nat_0 Z)) -- (mul4 (add1 ?ts_ph_Nat_1 ?ts_ph_Nat_2) ?ts_ph_Nat_0)
03:37:14 [0m[33m[WARN] [0mproved: (mul4 (add1 ?ts_ph_Nat_1 ?ts_ph_Nat_2) (add3 ?ts_ph_Nat_0 Z)) => (mul4 (add1 ?ts_ph_Nat_1 ?ts_ph_Nat_2) ?ts_ph_Nat_0)
03:37:14 [0m[33m[WARN] [0mproved: (mul4 (add1 ?ts_ph_Nat_1 ?ts_ph_Nat_2) ?ts_ph_Nat_0) => (mul4 (add1 ?ts_ph_Nat_1 ?ts_ph_Nat_2) (add3 ?ts_ph_Nat_0 Z))
03:37:14 [0m[33m[WARN] [0mgeneralized case_split proof as: (add3 (add1 ?ts_ph_Nat_1 ?ts_ph_Nat_2) ?ts_ph_Nat_0) -- (add3 (add1 ?ts_ph_Nat_1 ?ts_ph_Nat_2) (add3 ?ts_ph_Nat_0 Z))
03:37:14 [0m[33m[WARN] [0mproved: (add3 (add1 ?ts_ph_Nat_1 ?ts_ph_Nat_2) ?ts_ph_Nat_0) => (add3 (add1 ?ts_ph_Nat_1 ?ts_ph_Nat_2) (add3 ?ts_ph_Nat_0 Z))
03:37:14 [0m[33m[WARN] [0mproved: (add3 (add1 ?ts_ph_Nat_1 ?ts_ph_Nat_2) (add3 ?ts_ph_Nat_0 Z)) => (add3 (add1 ?ts_ph_Nat_1 ?ts_ph_Nat_2) ?ts_ph_Nat_0)
03:37:14 [0m[33m[WARN] [0mgeneralized case_split proof as: (mul1 (mul1 ?ts_ph_Nat_1 ?ts_ph_Nat_2) (add3 ?ts_ph_Nat_0 Z)) -- (mul1 (mul1 ?ts_ph_Nat_1 ?ts_ph_Nat_2) ?ts_ph_Nat_0)
03:37:14 [0m[33m[WARN] [0mproved: (mul1 (mul1 ?ts_ph_Nat_1 ?ts_ph_Nat_2) (add3 ?ts_ph_Nat_0 Z)) => (mul1 (mul1 ?ts_ph_Nat_1 ?ts_ph_Nat_2) ?ts_ph_Nat_0)
03:37:14 [0m[33m[WARN] [0mproved: (mul1 (mul1 ?ts_ph_Nat_1 ?ts_ph_Nat_2) ?ts_ph_Nat_0) => (mul1 (mul1 ?ts_ph_Nat_1 ?ts_ph_Nat_2) (add3 ?ts_ph_Nat_0 Z))
03:37:14 [0m[33m[WARN] [0mgeneralized case_split proof as: (mul4 ?ts_ph_Nat_0 (add1 ?ts_ph_Nat_1 ?ts_ph_Nat_2)) -- (mul4 (add3 ?ts_ph_Nat_0 Z) (add1 ?ts_ph_Nat_1 ?ts_ph_Nat_2))
03:37:14 [0m[33m[WARN] [0mproved: (mul4 ?ts_ph_Nat_0 (add1 ?ts_ph_Nat_1 ?ts_ph_Nat_2)) => (mul4 (add3 ?ts_ph_Nat_0 Z) (add1 ?ts_ph_Nat_1 ?ts_ph_Nat_2))
03:37:14 [0m[33m[WARN] [0mproved: (mul4 (add3 ?ts_ph_Nat_0 Z) (add1 ?ts_ph_Nat_1 ?ts_ph_Nat_2)) => (mul4 ?ts_ph_Nat_0 (add1 ?ts_ph_Nat_1 ?ts_ph_Nat_2))
03:37:14 [0m[33m[WARN] [0mgeneralized case_split proof as: (mul4 (mul1 ?ts_ph_Nat_1 ?ts_ph_Nat_2) (add3 ?ts_ph_Nat_0 Z)) -- (mul4 (mul1 ?ts_ph_Nat_1 ?ts_ph_Nat_2) ?ts_ph_Nat_0)
03:37:14 [0m[33m[WARN] [0mproved: (mul4 (mul1 ?ts_ph_Nat_1 ?ts_ph_Nat_2) (add3 ?ts_ph_Nat_0 Z)) => (mul4 (mul1 ?ts_ph_Nat_1 ?ts_ph_Nat_2) ?ts_ph_Nat_0)
03:37:14 [0m[33m[WARN] [0mproved: (mul4 (mul1 ?ts_ph_Nat_1 ?ts_ph_Nat_2) ?ts_ph_Nat_0) => (mul4 (mul1 ?ts_ph_Nat_1 ?ts_ph_Nat_2) (add3 ?ts_ph_Nat_0 Z))
03:37:14 [0m[33m[WARN] [0mgeneralized case_split proof as: (mul4 (add3 ?ts_ph_Nat_1 ?ts_ph_Nat_2) ?ts_ph_Nat_0) -- (mul4 (add3 ?ts_ph_Nat_1 ?ts_ph_Nat_2) (add3 ?ts_ph_Nat_0 Z))
03:37:14 [0m[33m[WARN] [0mproved: (mul4 (add3 ?ts_ph_Nat_1 ?ts_ph_Nat_2) ?ts_ph_Nat_0) => (mul4 (add3 ?ts_ph_Nat_1 ?ts_ph_Nat_2) (add3 ?ts_ph_Nat_0 Z))
03:37:14 [0m[33m[WARN] [0mproved: (mul4 (add3 ?ts_ph_Nat_1 ?ts_ph_Nat_2) (add3 ?ts_ph_Nat_0 Z)) => (mul4 (add3 ?ts_ph_Nat_1 ?ts_ph_Nat_2) ?ts_ph_Nat_0)
03:37:14 [0m[33m[WARN] [0mgeneralized case_split proof as: (add3 (add3 ?ts_ph_Nat_1 ?ts_ph_Nat_2) (add3 ?ts_ph_Nat_0 Z)) -- (add3 (add3 ?ts_ph_Nat_1 ?ts_ph_Nat_2) ?ts_ph_Nat_0)
03:37:14 [0m[33m[WARN] [0mproved: (add3 (add3 ?ts_ph_Nat_1 ?ts_ph_Nat_2) (add3 ?ts_ph_Nat_0 Z)) => (add3 (add3 ?ts_ph_Nat_1 ?ts_ph_Nat_2) ?ts_ph_Nat_0)
03:37:14 [0m[33m[WARN] [0mproved: (add3 (add3 ?ts_ph_Nat_1 ?ts_ph_Nat_2) ?ts_ph_Nat_0) => (add3 (add3 ?ts_ph_Nat_1 ?ts_ph_Nat_2) (add3 ?ts_ph_Nat_0 Z))
03:37:14 [0m[33m[WARN] [0mgeneralized case_split proof as: (add3 (add3 ?ts_ph_Nat_0 ?ts_ph_Nat_0) (mul4 ?ts_ph_Nat_1 ?ts_ph_Nat_2)) -- (add1 (add3 ?ts_ph_Nat_0 ?ts_ph_Nat_0) (mul4 ?ts_ph_Nat_1 ?ts_ph_Nat_2))
03:37:14 [0m[33m[WARN] [0mproved: (add3 (add3 ?ts_ph_Nat_0 ?ts_ph_Nat_0) (mul4 ?ts_ph_Nat_1 ?ts_ph_Nat_2)) => (add1 (add3 ?ts_ph_Nat_0 ?ts_ph_Nat_0) (mul4 ?ts_ph_Nat_1 ?ts_ph_Nat_2))
03:37:14 [0m[33m[WARN] [0mproved: (add1 (add3 ?ts_ph_Nat_0 ?ts_ph_Nat_0) (mul4 ?ts_ph_Nat_1 ?ts_ph_Nat_2)) => (add3 (add3 ?ts_ph_Nat_0 ?ts_ph_Nat_0) (mul4 ?ts_ph_Nat_1 ?ts_ph_Nat_2))
03:37:15 [0m[33m[WARN] [0mproved: (add1 (add3 ?ts_ph_Nat_0 Z) (mul1 ?ts_ph_Nat_1 ?ts_ph_Nat_0)) => (mul1 (S ?ts_ph_Nat_1) ?ts_ph_Nat_0)
03:37:15 [0m[33m[WARN] [0mproved: (mul1 (S ?ts_ph_Nat_1) ?ts_ph_Nat_0) => (add1 (add3 ?ts_ph_Nat_0 Z) (mul1 ?ts_ph_Nat_1 ?ts_ph_Nat_0))
03:37:15 [0m[33m[WARN] [0mproved: (mul1 (add3 ?ts_ph_Nat_1 ?ts_ph_Nat_0) (add3 ?ts_ph_Nat_0 Z)) => (mul1 (add3 ?ts_ph_Nat_1 ?ts_ph_Nat_0) ?ts_ph_Nat_0)
03:37:15 [0m[33m[WARN] [0mproved: (mul1 (add3 ?ts_ph_Nat_1 ?ts_ph_Nat_0) ?ts_ph_Nat_0) => (mul1 (add3 ?ts_ph_Nat_1 ?ts_ph_Nat_0) (add3 ?ts_ph_Nat_0 Z))
03:37:15 [0m[33m[WARN] [0mproved: (mul4 (add3 ?ts_ph_Nat_0 Z) (mul1 ?ts_ph_Nat_0 ?ts_ph_Nat_1)) => (mul4 ?ts_ph_Nat_0 (mul1 ?ts_ph_Nat_0 ?ts_ph_Nat_1))
03:37:15 [0m[33m[WARN] [0mproved: (mul4 ?ts_ph_Nat_0 (mul1 ?ts_ph_Nat_0 ?ts_ph_Nat_1)) => (mul4 (add3 ?ts_ph_Nat_0 Z) (mul1 ?ts_ph_Nat_0 ?ts_ph_Nat_1))
03:37:15 [0m[33m[WARN] [0mproved: (mul4 (add3 ?ts_ph_Nat_0 Z) (mul4 ?ts_ph_Nat_1 ?ts_ph_Nat_0)) => (mul4 ?ts_ph_Nat_0 (mul4 ?ts_ph_Nat_1 ?ts_ph_Nat_0))
03:37:15 [0m[33m[WARN] [0mproved: (mul4 ?ts_ph_Nat_0 (mul4 ?ts_ph_Nat_1 ?ts_ph_Nat_0)) => (mul4 (add3 ?ts_ph_Nat_0 Z) (mul4 ?ts_ph_Nat_1 ?ts_ph_Nat_0))
03:37:15 [0m[33m[WARN] [0mproved: (add3 ?ts_ph_Nat_0 (add3 ?ts_ph_Nat_1 ?ts_ph_Nat_0)) => (add3 (add3 ?ts_ph_Nat_0 Z) (add3 ?ts_ph_Nat_1 ?ts_ph_Nat_0))
03:37:15 [0m[33m[WARN] [0mproved: (add3 (add3 ?ts_ph_Nat_0 Z) (add3 ?ts_ph_Nat_1 ?ts_ph_Nat_0)) => (add3 ?ts_ph_Nat_0 (add3 ?ts_ph_Nat_1 ?ts_ph_Nat_0))
03:37:15 [0m[33m[WARN] [0mproved: (add1 (add3 ?ts_ph_Nat_0 Z) (add1 ?ts_ph_Nat_1 ?ts_ph_Nat_0)) => (add1 ?ts_ph_Nat_0 (add1 ?ts_ph_Nat_1 ?ts_ph_Nat_0))
03:37:15 [0m[33m[WARN] [0mproved: (add1 ?ts_ph_Nat_0 (add1 ?ts_ph_Nat_1 ?ts_ph_Nat_0)) => (add1 (add3 ?ts_ph_Nat_0 Z) (add1 ?ts_ph_Nat_1 ?ts_ph_Nat_0))
03:37:15 [0m[33m[WARN] [0mproved: (add1 (add1 ?ts_ph_Nat_0 ?ts_ph_Nat_1) (add3 ?ts_ph_Nat_0 Z)) => (add1 (add1 ?ts_ph_Nat_0 ?ts_ph_Nat_1) ?ts_ph_Nat_0)
03:37:15 [0m[33m[WARN] [0mproved: (add1 (add1 ?ts_ph_Nat_0 ?ts_ph_Nat_1) ?ts_ph_Nat_0) => (add1 (add1 ?ts_ph_Nat_0 ?ts_ph_Nat_1) (add3 ?ts_ph_Nat_0 Z))
03:37:15 [0m[33m[WARN] [0mproved: (add3 (add3 ?ts_ph_Nat_0 Z) (add3 ?ts_ph_Nat_0 ?ts_ph_Nat_1)) => (add3 ?ts_ph_Nat_0 (add3 ?ts_ph_Nat_0 ?ts_ph_Nat_1))
03:37:15 [0m[33m[WARN] [0mproved: (add3 ?ts_ph_Nat_0 (add3 ?ts_ph_Nat_0 ?ts_ph_Nat_1)) => (add3 (add3 ?ts_ph_Nat_0 Z) (add3 ?ts_ph_Nat_0 ?ts_ph_Nat_1))
03:37:15 [0m[33m[WARN] [0mproved: (add3 (add3 ?ts_ph_Nat_0 Z) (add1 ?ts_ph_Nat_0 ?ts_ph_Nat_1)) => (add1 (add3 ?ts_ph_Nat_0 ?ts_ph_Nat_0) ?ts_ph_Nat_1)
03:37:15 [0m[33m[WARN] [0mproved: (add1 (add3 ?ts_ph_Nat_0 ?ts_ph_Nat_0) ?ts_ph_Nat_1) => (add3 (add3 ?ts_ph_Nat_0 Z) (add1 ?ts_ph_Nat_0 ?ts_ph_Nat_1))
03:37:15 [0m[33m[WARN] [0mproved: (add1 (mul1 ?ts_ph_Nat_1 ?ts_ph_Nat_0) (add3 ?ts_ph_Nat_0 Z)) => (add1 (mul1 ?ts_ph_Nat_1 ?ts_ph_Nat_0) ?ts_ph_Nat_0)
03:37:15 [0m[33m[WARN] [0mproved: (add1 (mul1 ?ts_ph_Nat_1 ?ts_ph_Nat_0) ?ts_ph_Nat_0) => (add1 (mul1 ?ts_ph_Nat_1 ?ts_ph_Nat_0) (add3 ?ts_ph_Nat_0 Z))
03:37:15 [0m[33m[WARN] [0mproved: (mul1 (add1 ?ts_ph_Nat_1 ?ts_ph_Nat_0) (add3 ?ts_ph_Nat_0 Z)) => (mul1 (add1 ?ts_ph_Nat_1 ?ts_ph_Nat_0) ?ts_ph_Nat_0)
03:37:15 [0m[33m[WARN] [0mproved: (mul1 (add1 ?ts_ph_Nat_1 ?ts_ph_Nat_0) ?ts_ph_Nat_0) => (mul1 (add1 ?ts_ph_Nat_1 ?ts_ph_Nat_0) (add3 ?ts_ph_Nat_0 Z))
03:37:15 [0m[33m[WARN] [0mproved: (add1 (mul1 ?ts_ph_Nat_0 ?ts_ph_Nat_1) (add3 ?ts_ph_Nat_0 Z)) => (add1 (mul1 ?ts_ph_Nat_0 ?ts_ph_Nat_1) ?ts_ph_Nat_0)
03:37:15 [0m[33m[WARN] [0mproved: (add1 (mul1 ?ts_ph_Nat_0 ?ts_ph_Nat_1) ?ts_ph_Nat_0) => (add1 (mul1 ?ts_ph_Nat_0 ?ts_ph_Nat_1) (add3 ?ts_ph_Nat_0 Z))
03:37:15 [0m[33m[WARN] [0mproved: (mul1 (mul4 ?ts_ph_Nat_1 ?ts_ph_Nat_0) (add3 ?ts_ph_Nat_0 Z)) => (mul1 (mul4 ?ts_ph_Nat_1 ?ts_ph_Nat_0) ?ts_ph_Nat_0)
03:37:15 [0m[33m[WARN] [0mproved: (mul1 (mul4 ?ts_ph_Nat_1 ?ts_ph_Nat_0) ?ts_ph_Nat_0) => (mul1 (mul4 ?ts_ph_Nat_1 ?ts_ph_Nat_0) (add3 ?ts_ph_Nat_0 Z))
03:37:15 [0m[33m[WARN] [0mproved: (add3 ?ts_ph_Nat_0 (add3 ?ts_ph_Nat_1 Z)) => (add3 (add3 ?ts_ph_Nat_0 Z) (add3 ?ts_ph_Nat_1 Z))
03:37:15 [0m[33m[WARN] [0mproved: (add3 (add3 ?ts_ph_Nat_0 Z) (add3 ?ts_ph_Nat_1 Z)) => (add3 ?ts_ph_Nat_0 (add3 ?ts_ph_Nat_1 Z))
03:37:15 [0m[33m[WARN] [0mproved: (add1 (add3 ?ts_ph_Nat_0 Z) (mul4 ?ts_ph_Nat_0 ?ts_ph_Nat_1)) => (add1 ?ts_ph_Nat_0 (mul4 ?ts_ph_Nat_0 ?ts_ph_Nat_1))
03:37:15 [0m[33m[WARN] [0mproved: (add1 ?ts_ph_Nat_0 (mul4 ?ts_ph_Nat_0 ?ts_ph_Nat_1)) => (add1 (add3 ?ts_ph_Nat_0 Z) (mul4 ?ts_ph_Nat_0 ?ts_ph_Nat_1))
03:37:15 [0m[33m[WARN] [0mproved: (add3 ?ts_ph_Nat_0 (mul4 ?ts_ph_Nat_0 ?ts_ph_Nat_1)) => (add3 (add3 ?ts_ph_Nat_0 Z) (mul4 ?ts_ph_Nat_0 ?ts_ph_Nat_1))
03:37:15 [0m[33m[WARN] [0mproved: (add3 (add3 ?ts_ph_Nat_0 Z) (mul4 ?ts_ph_Nat_0 ?ts_ph_Nat_1)) => (add3 ?ts_ph_Nat_0 (mul4 ?ts_ph_Nat_0 ?ts_ph_Nat_1))
03:37:15 [0m[33m[WARN] [0mproved: (mul1 (mul4 ?ts_ph_Nat_0 ?ts_ph_Nat_1) ?ts_ph_Nat_0) => (mul1 (mul4 ?ts_ph_Nat_0 ?ts_ph_Nat_1) (add3 ?ts_ph_Nat_0 Z))
03:37:15 [0m[33m[WARN] [0mproved: (mul1 (mul4 ?ts_ph_Nat_0 ?ts_ph_Nat_1) (add3 ?ts_ph_Nat_0 Z)) => (mul1 (mul4 ?ts_ph_Nat_0 ?ts_ph_Nat_1) ?ts_ph_Nat_0)
03:37:15 [0m[33m[WARN] [0mproved: (mul4 (mul4 ?ts_ph_Nat_1 ?ts_ph_Nat_0) (add3 ?ts_ph_Nat_0 Z)) => (mul4 (mul4 ?ts_ph_Nat_1 ?ts_ph_Nat_0) ?ts_ph_Nat_0)
03:37:15 [0m[33m[WARN] [0mproved: (mul4 (mul4 ?ts_ph_Nat_1 ?ts_ph_Nat_0) ?ts_ph_Nat_0) => (mul4 (mul4 ?ts_ph_Nat_1 ?ts_ph_Nat_0) (add3 ?ts_ph_Nat_0 Z))
03:37:15 [0m[33m[WARN] [0mproved: (add1 (add1 ?ts_ph_Nat_1 ?ts_ph_Nat_0) (add3 ?ts_ph_Nat_0 Z)) => (add1 (add1 ?ts_ph_Nat_1 ?ts_ph_Nat_0) ?ts_ph_Nat_0)
03:37:15 [0m[33m[WARN] [0mproved: (add1 (add1 ?ts_ph_Nat_1 ?ts_ph_Nat_0) ?ts_ph_Nat_0) => (add1 (add1 ?ts_ph_Nat_1 ?ts_ph_Nat_0) (add3 ?ts_ph_Nat_0 Z))
03:37:15 [0m[33m[WARN] [0mproved: (add1 (add3 ?ts_ph_Nat_0 Z) (mul1 ?ts_ph_Nat_0 ?ts_ph_Nat_1)) => (add1 ?ts_ph_Nat_0 (mul1 ?ts_ph_Nat_0 ?ts_ph_Nat_1))
03:37:15 [0m[33m[WARN] [0mproved: (add1 ?ts_ph_Nat_0 (mul1 ?ts_ph_Nat_0 ?ts_ph_Nat_1)) => (add1 (add3 ?ts_ph_Nat_0 Z) (mul1 ?ts_ph_Nat_0 ?ts_ph_Nat_1))
03:37:15 [0m[33m[WARN] [0mproved: (add3 (add3 ?ts_ph_Nat_0 Z) (mul1 ?ts_ph_Nat_0 ?ts_ph_Nat_1)) => (add3 ?ts_ph_Nat_0 (mul1 ?ts_ph_Nat_0 ?ts_ph_Nat_1))
03:37:15 [0m[33m[WARN] [0mproved: (add3 ?ts_ph_Nat_0 (mul1 ?ts_ph_Nat_0 ?ts_ph_Nat_1)) => (add3 (add3 ?ts_ph_Nat_0 Z) (mul1 ?ts_ph_Nat_0 ?ts_ph_Nat_1))
03:37:15 [0m[33m[WARN] [0mproved: (mul1 (add1 ?ts_ph_Nat_0 ?ts_ph_Nat_1) ?ts_ph_Nat_0) => (mul1 (add1 ?ts_ph_Nat_0 ?ts_ph_Nat_1) (add3 ?ts_ph_Nat_0 Z))
03:37:15 [0m[33m[WARN] [0mproved: (mul1 (add1 ?ts_ph_Nat_0 ?ts_ph_Nat_1) (add3 ?ts_ph_Nat_0 Z)) => (mul1 (add1 ?ts_ph_Nat_0 ?ts_ph_Nat_1) ?ts_ph_Nat_0)
03:37:16 [0m[33m[WARN] [0mproved: (add3 (add3 ?ts_ph_Nat_0 Z) (mul4 ?ts_ph_Nat_1 ?ts_ph_Nat_0)) => (add3 ?ts_ph_Nat_0 (mul4 ?ts_ph_Nat_1 ?ts_ph_Nat_0))
03:37:16 [0m[33m[WARN] [0mproved: (add3 ?ts_ph_Nat_0 (mul4 ?ts_ph_Nat_1 ?ts_ph_Nat_0)) => (add3 (add3 ?ts_ph_Nat_0 Z) (mul4 ?ts_ph_Nat_1 ?ts_ph_Nat_0))
03:37:16 [0m[33m[WARN] [0mproved: (add1 (add3 ?ts_ph_Nat_0 Z) (mul1 ?ts_ph_Nat_1 ?ts_ph_Nat_0)) => (mul1 (S ?ts_ph_Nat_1) (add3 ?ts_ph_Nat_0 Z))
03:37:16 [0m[33m[WARN] [0mproved: (mul1 (S ?ts_ph_Nat_1) (add3 ?ts_ph_Nat_0 Z)) => (add1 (add3 ?ts_ph_Nat_0 Z) (mul1 ?ts_ph_Nat_1 ?ts_ph_Nat_0))
03:37:18 [0m[33m[WARN] [0mproved: (add3 (add3 ?ts_ph_Nat_0 ?ts_ph_Nat_0) (add3 ?ts_ph_Nat_1 ?ts_ph_Nat_0)) => (add1 (add3 ?ts_ph_Nat_0 ?ts_ph_Nat_0) (add3 ?ts_ph_Nat_1 ?ts_ph_Nat_0))
03:37:18 [0m[33m[WARN] [0mproved: (add1 (add3 ?ts_ph_Nat_0 ?ts_ph_Nat_0) (add3 ?ts_ph_Nat_1 ?ts_ph_Nat_0)) => (add3 (add3 ?ts_ph_Nat_0 ?ts_ph_Nat_0) (add3 ?ts_ph_Nat_1 ?ts_ph_Nat_0))
03:37:19 [0m[33m[WARN] [0mproved: (add1 (add3 ?ts_ph_Nat_0 ?ts_ph_Nat_0) (add3 ?ts_ph_Nat_0 ?ts_ph_Nat_1)) => (add3 (add3 ?ts_ph_Nat_0 ?ts_ph_Nat_0) (add3 ?ts_ph_Nat_0 ?ts_ph_Nat_1))
03:37:19 [0m[33m[WARN] [0mproved: (add3 (add3 ?ts_ph_Nat_0 ?ts_ph_Nat_0) (add3 ?ts_ph_Nat_0 ?ts_ph_Nat_1)) => (add1 (add3 ?ts_ph_Nat_0 ?ts_ph_Nat_0) (add3 ?ts_ph_Nat_0 ?ts_ph_Nat_1))
03:37:21 [0m[33m[WARN] [0mproved: (mul1 (add3 ?ts_ph_Nat_0 Z) (add1 ?ts_ph_Nat_0 ?ts_ph_Nat_0)) => (mul1 ?ts_ph_Nat_0 (add1 ?ts_ph_Nat_0 ?ts_ph_Nat_0))
03:37:21 [0m[33m[WARN] [0mproved: (mul1 ?ts_ph_Nat_0 (add1 ?ts_ph_Nat_0 ?ts_ph_Nat_0)) => (mul1 (add3 ?ts_ph_Nat_0 Z) (add1 ?ts_ph_Nat_0 ?ts_ph_Nat_0))
03:37:23 [0m[33m[WARN] [0mproved: (add3 (add1 ?ts_ph_Nat_0 ?ts_ph_Nat_0) (add3 ?ts_ph_Nat_0 Z)) => (add3 ?ts_ph_Nat_0 (add1 ?ts_ph_Nat_0 ?ts_ph_Nat_0))
03:37:23 [0m[33m[WARN] [0mproved: (add3 ?ts_ph_Nat_0 (add1 ?ts_ph_Nat_0 ?ts_ph_Nat_0)) => (add3 (add1 ?ts_ph_Nat_0 ?ts_ph_Nat_0) (add3 ?ts_ph_Nat_0 Z))
03:37:23 [0m[33m[WARN] [0mproved: (add3 (add3 ?ts_ph_Nat_0 Z) (add3 ?ts_ph_Nat_0 ?ts_ph_Nat_0)) => (add3 ?ts_ph_Nat_0 (add1 ?ts_ph_Nat_0 ?ts_ph_Nat_0))
03:37:23 [0m[33m[WARN] [0mproved: (add3 ?ts_ph_Nat_0 (add1 ?ts_ph_Nat_0 ?ts_ph_Nat_0)) => (add3 (add3 ?ts_ph_Nat_0 Z) (add3 ?ts_ph_Nat_0 ?ts_ph_Nat_0))
03:37:32 [0m[33m[WARN] [0mproved: (add3 ?ts_ph_Nat_1 ?ts_ph_Nat_0) => (add3 ?ts_ph_Nat_0 ?ts_ph_Nat_1)
03:37:32 [0m[33m[WARN] [0mproved: (add3 ?ts_ph_Nat_0 ?ts_ph_Nat_1) => (add3 ?ts_ph_Nat_1 ?ts_ph_Nat_0)
03:37:32 [0m[33m[WARN] [0mproved: (add3 ?ts_ph_Nat_0 ?ts_ph_Nat_1) => (add1 ?ts_ph_Nat_0 ?ts_ph_Nat_1)
03:37:32 [0m[33m[WARN] [0mproved: (add1 ?ts_ph_Nat_0 ?ts_ph_Nat_1) => (add3 ?ts_ph_Nat_0 ?ts_ph_Nat_1)
03:37:32 [0m[33m[WARN] [0mFound all lemmas
done in 21548
