03:38:32 [WARN] Collecting statistics
03:38:32 [WARN]  ex is: Z
03:38:32 [WARN]  ex is: (S Z)
03:38:32 [WARN]  ex is: (S (S Z))
03:38:32 [WARN] Running exploration without proof mode, but goals were given
03:38:32 [WARN] Proof mode: true
03:38:32 [WARN]  ex is: Z
03:38:32 [WARN]  ex is: (S Z)
03:38:32 [WARN]  ex is: (S (S Z))
03:38:32 [WARN] Running exploration without proof mode, but goals were given
03:38:32 [WARN] Proof mode: true
03:38:32 [WARN] proved: (add-6 ?ts_ph_Nat_0 Z) => ?ts_ph_Nat_0
03:38:32 [WARN] proved: (sol6 ?ts_ph_Nat_0 Z) => Z
03:38:32 [WARN] proved: (sol6 ?ts_ph_Nat_0 Z) => (mul1 ?ts_ph_Nat_0 Z)
03:38:32 [WARN] proved: (mul1 ?ts_ph_Nat_0 Z) => (sol6 ?ts_ph_Nat_0 Z)
03:38:32 [WARN] proved: (add-6 ?ts_ph_Nat_0 Z) => (add1 ?ts_ph_Nat_0 Z)
03:38:32 [WARN] proved: (add1 ?ts_ph_Nat_0 Z) => (add-6 ?ts_ph_Nat_0 Z)
03:38:33 [WARN] proved: (add1 ?ts_ph_Nat_0 (S ?ts_ph_Nat_1)) => (S (add1 ?ts_ph_Nat_0 ?ts_ph_Nat_1))
03:38:33 [WARN] proved: (S (add1 ?ts_ph_Nat_0 ?ts_ph_Nat_1)) => (add1 ?ts_ph_Nat_0 (S ?ts_ph_Nat_1))
03:38:33 [WARN] proved: (sol6 ?ts_ph_Nat_0 (S Z)) => ?ts_ph_Nat_0
03:38:33 [WARN] proved: (add1 ?ts_ph_Nat_0 (S ?ts_ph_Nat_0)) => (add-6 ?ts_ph_Nat_0 (S ?ts_ph_Nat_0))
03:38:33 [WARN] proved: (add-6 ?ts_ph_Nat_0 (S ?ts_ph_Nat_0)) => (add1 ?ts_ph_Nat_0 (S ?ts_ph_Nat_0))
03:38:33 [WARN] proved: (add1 (add1 ?ts_ph_Nat_0 ?ts_ph_Nat_0) ?ts_ph_Nat_1) => (add1 ?ts_ph_Nat_0 (add1 ?ts_ph_Nat_0 ?ts_ph_Nat_1))
03:38:33 [WARN] proved: (add1 ?ts_ph_Nat_0 (add1 ?ts_ph_Nat_0 ?ts_ph_Nat_1)) => (add1 (add1 ?ts_ph_Nat_0 ?ts_ph_Nat_0) ?ts_ph_Nat_1)
03:38:33 [WARN] proved: (add-6 ?ts_ph_Nat_0 (add1 ?ts_ph_Nat_0 ?ts_ph_Nat_1)) => (add1 ?ts_ph_Nat_0 (add1 ?ts_ph_Nat_0 ?ts_ph_Nat_1))
03:38:33 [WARN] proved: (add1 ?ts_ph_Nat_0 (add1 ?ts_ph_Nat_0 ?ts_ph_Nat_1)) => (add-6 ?ts_ph_Nat_0 (add1 ?ts_ph_Nat_0 ?ts_ph_Nat_1))
03:38:33 [WARN] proved: (add1 ?ts_ph_Nat_0 (add1 ?ts_ph_Nat_1 ?ts_ph_Nat_0)) => (add1 (add1 ?ts_ph_Nat_0 ?ts_ph_Nat_1) ?ts_ph_Nat_0)
03:38:33 [WARN] proved: (add1 (add1 ?ts_ph_Nat_0 ?ts_ph_Nat_1) ?ts_ph_Nat_0) => (add1 ?ts_ph_Nat_0 (add1 ?ts_ph_Nat_1 ?ts_ph_Nat_0))
03:38:33 [WARN] proved: (add1 ?ts_ph_Nat_1 (add1 ?ts_ph_Nat_0 ?ts_ph_Nat_0)) => (add1 ?ts_ph_Nat_1 (add-6 ?ts_ph_Nat_0 ?ts_ph_Nat_0))
03:38:33 [WARN] proved: (add1 ?ts_ph_Nat_1 (add-6 ?ts_ph_Nat_0 ?ts_ph_Nat_0)) => (add1 ?ts_ph_Nat_1 (add1 ?ts_ph_Nat_0 ?ts_ph_Nat_0))
03:38:33 [WARN] proved: (add1 (add-6 ?ts_ph_Nat_0 ?ts_ph_Nat_0) ?ts_ph_Nat_0) => (add1 (add1 ?ts_ph_Nat_0 ?ts_ph_Nat_0) ?ts_ph_Nat_0)
03:38:33 [WARN] proved: (add1 (add1 ?ts_ph_Nat_0 ?ts_ph_Nat_0) ?ts_ph_Nat_0) => (add1 (add-6 ?ts_ph_Nat_0 ?ts_ph_Nat_0) ?ts_ph_Nat_0)
03:38:33 [WARN] proved: (add-6 (add1 ?ts_ph_Nat_0 ?ts_ph_Nat_0) ?ts_ph_Nat_0) => (add1 (add1 ?ts_ph_Nat_0 ?ts_ph_Nat_0) ?ts_ph_Nat_0)
03:38:33 [WARN] proved: (add1 (add1 ?ts_ph_Nat_0 ?ts_ph_Nat_0) ?ts_ph_Nat_0) => (add-6 (add1 ?ts_ph_Nat_0 ?ts_ph_Nat_0) ?ts_ph_Nat_0)
03:38:33 [WARN] proved: (add1 (S ?ts_ph_Nat_0) (S ?ts_ph_Nat_0)) => (S (S (add-6 ?ts_ph_Nat_0 ?ts_ph_Nat_0)))
03:38:33 [WARN] proved: (S (S (add-6 ?ts_ph_Nat_0 ?ts_ph_Nat_0))) => (add1 (S ?ts_ph_Nat_0) (S ?ts_ph_Nat_0))
03:38:33 [WARN] proved: (sol6 ?ts_ph_Nat_0 (add1 ?ts_ph_Nat_0 ?ts_ph_Nat_0)) => (sol6 ?ts_ph_Nat_0 (add-6 ?ts_ph_Nat_0 ?ts_ph_Nat_0))
03:38:33 [WARN] proved: (sol6 ?ts_ph_Nat_0 (add-6 ?ts_ph_Nat_0 ?ts_ph_Nat_0)) => (sol6 ?ts_ph_Nat_0 (add1 ?ts_ph_Nat_0 ?ts_ph_Nat_0))
03:38:33 [WARN] proved: (mul1 ?ts_ph_Nat_0 (add-6 ?ts_ph_Nat_0 ?ts_ph_Nat_0)) => (mul1 ?ts_ph_Nat_0 (add1 ?ts_ph_Nat_0 ?ts_ph_Nat_0))
03:38:33 [WARN] proved: (mul1 ?ts_ph_Nat_0 (add1 ?ts_ph_Nat_0 ?ts_ph_Nat_0)) => (mul1 ?ts_ph_Nat_0 (add-6 ?ts_ph_Nat_0 ?ts_ph_Nat_0))
03:38:33 [WARN] proved: (sol6 (add1 ?ts_ph_Nat_0 ?ts_ph_Nat_0) (S ?ts_ph_Nat_1)) => (sol6 (add-6 ?ts_ph_Nat_0 ?ts_ph_Nat_0) (S ?ts_ph_Nat_1))
03:38:33 [WARN] proved: (sol6 (add-6 ?ts_ph_Nat_0 ?ts_ph_Nat_0) (S ?ts_ph_Nat_1)) => (sol6 (add1 ?ts_ph_Nat_0 ?ts_ph_Nat_0) (S ?ts_ph_Nat_1))
03:38:33 [WARN] proved: (sol6 (S ?ts_ph_Nat_1) (add-6 ?ts_ph_Nat_0 ?ts_ph_Nat_0)) => (sol6 (S ?ts_ph_Nat_1) (add1 ?ts_ph_Nat_0 ?ts_ph_Nat_0))
03:38:33 [WARN] proved: (sol6 (S ?ts_ph_Nat_1) (add1 ?ts_ph_Nat_0 ?ts_ph_Nat_0)) => (sol6 (S ?ts_ph_Nat_1) (add-6 ?ts_ph_Nat_0 ?ts_ph_Nat_0))
03:38:33 [WARN] proved: (S (add-6 (add-6 ?ts_ph_Nat_0 ?ts_ph_Nat_0) ?ts_ph_Nat_1)) => (S (add-6 (add1 ?ts_ph_Nat_0 ?ts_ph_Nat_0) ?ts_ph_Nat_1))
03:38:33 [WARN] proved: (S (add-6 (add1 ?ts_ph_Nat_0 ?ts_ph_Nat_0) ?ts_ph_Nat_1)) => (S (add-6 (add-6 ?ts_ph_Nat_0 ?ts_ph_Nat_0) ?ts_ph_Nat_1))
03:38:33 [WARN] proved: (add-6 ?ts_ph_Nat_0 ?ts_ph_Nat_0) => (mul1 (add1 ?ts_ph_Nat_0 ?ts_ph_Nat_0) (S Z))
03:38:33 [WARN] proved: (mul1 (add1 ?ts_ph_Nat_0 ?ts_ph_Nat_0) (S Z)) => (add-6 ?ts_ph_Nat_0 ?ts_ph_Nat_0)
03:38:33 [WARN] proved: (add1 ?ts_ph_Nat_0 ?ts_ph_Nat_0) => (mul1 (add1 ?ts_ph_Nat_0 ?ts_ph_Nat_0) (S Z))
03:38:33 [WARN] proved: (mul1 (add1 ?ts_ph_Nat_0 ?ts_ph_Nat_0) (S Z)) => (add1 ?ts_ph_Nat_0 ?ts_ph_Nat_0)
03:38:33 [WARN] proved: (add-6 (add1 ?ts_ph_Nat_0 ?ts_ph_Nat_0) (S Z)) => (S (add-6 ?ts_ph_Nat_0 ?ts_ph_Nat_0))
03:38:33 [WARN] proved: (S (add-6 ?ts_ph_Nat_0 ?ts_ph_Nat_0)) => (add-6 (add1 ?ts_ph_Nat_0 ?ts_ph_Nat_0) (S Z))
03:38:33 [WARN] proved: (add-6 (mul1 ?ts_ph_Nat_0 ?ts_ph_Nat_0) (S Z)) => (S (mul1 ?ts_ph_Nat_0 ?ts_ph_Nat_0))
03:38:33 [WARN] proved: (S (mul1 ?ts_ph_Nat_0 ?ts_ph_Nat_0)) => (add-6 (mul1 ?ts_ph_Nat_0 ?ts_ph_Nat_0) (S Z))
03:38:33 [WARN] proved: (add-6 (add-6 ?ts_ph_Nat_0 ?ts_ph_Nat_0) (S ?ts_ph_Nat_0)) => (S (add-6 (add-6 ?ts_ph_Nat_0 ?ts_ph_Nat_0) ?ts_ph_Nat_0))
03:38:33 [WARN] proved: (S (add-6 (add-6 ?ts_ph_Nat_0 ?ts_ph_Nat_0) ?ts_ph_Nat_0)) => (add-6 (add-6 ?ts_ph_Nat_0 ?ts_ph_Nat_0) (S ?ts_ph_Nat_0))
03:38:33 [WARN] generalized case_split proof as: (add1 (add-6 ?ts_ph_Nat_0 ?ts_ph_Nat_0) (add-6 ?ts_ph_Nat_1 ?ts_ph_Nat_2)) -- (add-6 (add1 ?ts_ph_Nat_0 ?ts_ph_Nat_1) (add1 ?ts_ph_Nat_0 ?ts_ph_Nat_2))
03:38:33 [WARN] proved: (add1 (add-6 ?ts_ph_Nat_0 ?ts_ph_Nat_0) (add-6 ?ts_ph_Nat_1 ?ts_ph_Nat_2)) => (add-6 (add1 ?ts_ph_Nat_0 ?ts_ph_Nat_1) (add1 ?ts_ph_Nat_0 ?ts_ph_Nat_2))
03:38:33 [WARN] proved: (add-6 (add1 ?ts_ph_Nat_0 ?ts_ph_Nat_1) (add1 ?ts_ph_Nat_0 ?ts_ph_Nat_2)) => (add1 (add-6 ?ts_ph_Nat_0 ?ts_ph_Nat_0) (add-6 ?ts_ph_Nat_1 ?ts_ph_Nat_2))
03:38:35 [WARN] proved: (add1 ?ts_ph_Nat_0 ?ts_ph_Nat_1) => (add1 ?ts_ph_Nat_1 ?ts_ph_Nat_0)
03:38:35 [WARN] proved: (add1 ?ts_ph_Nat_1 ?ts_ph_Nat_0) => (add1 ?ts_ph_Nat_0 ?ts_ph_Nat_1)
03:38:35 [WARN] proved: (mul1 ?ts_ph_Nat_0 (S Z)) => ?ts_ph_Nat_0
03:38:35 [WARN] proved: (add-6 ?ts_ph_Nat_0 (S Z)) => (S ?ts_ph_Nat_0)
03:38:35 [WARN] proved: (S ?ts_ph_Nat_0) => (add-6 ?ts_ph_Nat_0 (S Z))
03:38:35 [WARN] proved: (mul1 (S ?ts_ph_Nat_0) ?ts_ph_Nat_1) => (add-6 ?ts_ph_Nat_1 (mul1 ?ts_ph_Nat_0 ?ts_ph_Nat_1))
03:38:35 [WARN] proved: (add-6 ?ts_ph_Nat_1 (mul1 ?ts_ph_Nat_0 ?ts_ph_Nat_1)) => (mul1 (S ?ts_ph_Nat_0) ?ts_ph_Nat_1)
03:38:36 [WARN] proved: (mul1 (add1 ?ts_ph_Nat_0 ?ts_ph_Nat_0) ?ts_ph_Nat_1) => (mul1 ?ts_ph_Nat_0 (add1 ?ts_ph_Nat_1 ?ts_ph_Nat_1))
03:38:36 [WARN] proved: (mul1 ?ts_ph_Nat_0 (add1 ?ts_ph_Nat_1 ?ts_ph_Nat_1)) => (mul1 (add1 ?ts_ph_Nat_0 ?ts_ph_Nat_0) ?ts_ph_Nat_1)
03:38:38 [WARN] proved: (add1 ?ts_ph_Nat_0 (sol6 ?ts_ph_Nat_0 ?ts_ph_Nat_0)) => (sol6 (S ?ts_ph_Nat_0) ?ts_ph_Nat_0)
03:38:38 [WARN] proved: (sol6 (S ?ts_ph_Nat_0) ?ts_ph_Nat_0) => (add1 ?ts_ph_Nat_0 (sol6 ?ts_ph_Nat_0 ?ts_ph_Nat_0))
03:38:39 [WARN] proved: (sol6 (S ?ts_ph_Nat_0) ?ts_ph_Nat_0) => (sol6 ?ts_ph_Nat_0 (S ?ts_ph_Nat_0))
03:38:39 [WARN] proved: (sol6 ?ts_ph_Nat_0 (S ?ts_ph_Nat_0)) => (sol6 (S ?ts_ph_Nat_0) ?ts_ph_Nat_0)
03:38:43 [WARN] proved: (add-6 (mul1 ?ts_ph_Nat_0 ?ts_ph_Nat_0) ?ts_ph_Nat_0) => (mul1 (S ?ts_ph_Nat_0) ?ts_ph_Nat_0)
03:38:43 [WARN] proved: (mul1 (S ?ts_ph_Nat_0) ?ts_ph_Nat_0) => (add-6 (mul1 ?ts_ph_Nat_0 ?ts_ph_Nat_0) ?ts_ph_Nat_0)
03:38:54 [WARN] proved: (sol6 ?ts_ph_Nat_0 (S ?ts_ph_Nat_0)) => (add-6 (sol6 ?ts_ph_Nat_0 ?ts_ph_Nat_0) ?ts_ph_Nat_0)
03:38:54 [WARN] proved: (add-6 (sol6 ?ts_ph_Nat_0 ?ts_ph_Nat_0) ?ts_ph_Nat_0) => (sol6 ?ts_ph_Nat_0 (S ?ts_ph_Nat_0))
03:39:11 [WARN] proved: (S (mul1 (S ?ts_ph_Nat_0) ?ts_ph_Nat_1)) => (add-6 (S ?ts_ph_Nat_1) (mul1 ?ts_ph_Nat_0 ?ts_ph_Nat_1))
03:39:11 [WARN] proved: (add-6 (S ?ts_ph_Nat_1) (mul1 ?ts_ph_Nat_0 ?ts_ph_Nat_1)) => (S (mul1 (S ?ts_ph_Nat_0) ?ts_ph_Nat_1))
