04:44:32 [WARN] Collecting statistics
04:44:32 [WARN]  ex is: Z
04:44:32 [WARN]  ex is: (S Z)
04:44:32 [WARN]  ex is: (S (S Z))
04:44:32 [WARN] Running exploration without proof mode, but goals were given
04:44:32 [WARN] Proof mode: true
04:44:32 [WARN]  ex is: Z
04:44:32 [WARN]  ex is: (S Z)
04:44:32 [WARN]  ex is: (S (S Z))
04:44:32 [WARN] Running exploration without proof mode, but goals were given
04:44:32 [WARN] Proof mode: true
04:44:32 [WARN] proved: (mul6 Z ?ts_ph_Nat_0) => Z
04:44:32 [WARN] proved: (mul1 ?ts_ph_Nat_0 Z) => (mul6 Z ?ts_ph_Nat_0)
04:44:32 [WARN] proved: (mul6 Z ?ts_ph_Nat_0) => (mul1 ?ts_ph_Nat_0 Z)
04:44:32 [WARN] proved: (add1 ?ts_ph_Nat_0 Z) => ?ts_ph_Nat_0
04:44:32 [WARN] proved: (add1 ?ts_ph_Nat_0 (S ?ts_ph_Nat_1)) => (S (add1 ?ts_ph_Nat_0 ?ts_ph_Nat_1))
04:44:32 [WARN] proved: (S (add1 ?ts_ph_Nat_0 ?ts_ph_Nat_1)) => (add1 ?ts_ph_Nat_0 (S ?ts_ph_Nat_1))
04:44:32 [WARN] proved: (add4 ?ts_ph_Nat_1 (S ?ts_ph_Nat_0)) => (S (add1 ?ts_ph_Nat_0 ?ts_ph_Nat_1))
04:44:32 [WARN] proved: (S (add1 ?ts_ph_Nat_0 ?ts_ph_Nat_1)) => (add4 ?ts_ph_Nat_1 (S ?ts_ph_Nat_0))
04:44:32 [WARN] proved: (add1 ?ts_ph_Nat_0 (S ?ts_ph_Nat_1)) => (S (add4 ?ts_ph_Nat_1 ?ts_ph_Nat_0))
04:44:32 [WARN] proved: (S (add4 ?ts_ph_Nat_1 ?ts_ph_Nat_0)) => (add1 ?ts_ph_Nat_0 (S ?ts_ph_Nat_1))
04:44:32 [WARN] proved: (mul6 (S Z) ?ts_ph_Nat_0) => (add4 Z ?ts_ph_Nat_0)
04:44:32 [WARN] proved: (add4 Z ?ts_ph_Nat_0) => (mul6 (S Z) ?ts_ph_Nat_0)
04:44:32 [WARN] proved: (mul6 (S Z) ?ts_ph_Nat_0) => (mul1 ?ts_ph_Nat_0 (S Z))
04:44:32 [WARN] proved: (mul1 ?ts_ph_Nat_0 (S Z)) => (mul6 (S Z) ?ts_ph_Nat_0)
04:44:32 [WARN] generalized case_split proof as: (add1 ?ts_ph_Nat_0 (add1 ?ts_ph_Nat_1 ?ts_ph_Nat_2)) -- (add1 (add1 ?ts_ph_Nat_0 ?ts_ph_Nat_1) ?ts_ph_Nat_2)
04:44:32 [WARN] proved: (add1 ?ts_ph_Nat_0 (add1 ?ts_ph_Nat_1 ?ts_ph_Nat_2)) => (add1 (add1 ?ts_ph_Nat_0 ?ts_ph_Nat_1) ?ts_ph_Nat_2)
04:44:32 [WARN] proved: (add1 (add1 ?ts_ph_Nat_0 ?ts_ph_Nat_1) ?ts_ph_Nat_2) => (add1 ?ts_ph_Nat_0 (add1 ?ts_ph_Nat_1 ?ts_ph_Nat_2))
04:44:32 [WARN] generalized case_split proof as: (add4 (add1 ?ts_ph_Nat_1 ?ts_ph_Nat_2) ?ts_ph_Nat_0) -- (add1 (add1 ?ts_ph_Nat_0 ?ts_ph_Nat_1) ?ts_ph_Nat_2)
04:44:32 [WARN] proved: (add4 (add1 ?ts_ph_Nat_1 ?ts_ph_Nat_2) ?ts_ph_Nat_0) => (add1 (add1 ?ts_ph_Nat_0 ?ts_ph_Nat_1) ?ts_ph_Nat_2)
04:44:32 [WARN] proved: (add1 (add1 ?ts_ph_Nat_0 ?ts_ph_Nat_1) ?ts_ph_Nat_2) => (add4 (add1 ?ts_ph_Nat_1 ?ts_ph_Nat_2) ?ts_ph_Nat_0)
04:44:32 [WARN] generalized case_split proof as: (add4 (add4 ?ts_ph_Nat_1 ?ts_ph_Nat_2) ?ts_ph_Nat_0) -- (add1 ?ts_ph_Nat_0 (add4 ?ts_ph_Nat_1 ?ts_ph_Nat_2))
04:44:32 [WARN] proved: (add4 (add4 ?ts_ph_Nat_1 ?ts_ph_Nat_2) ?ts_ph_Nat_0) => (add1 ?ts_ph_Nat_0 (add4 ?ts_ph_Nat_1 ?ts_ph_Nat_2))
04:44:32 [WARN] proved: (add1 ?ts_ph_Nat_0 (add4 ?ts_ph_Nat_1 ?ts_ph_Nat_2)) => (add4 (add4 ?ts_ph_Nat_1 ?ts_ph_Nat_2) ?ts_ph_Nat_0)
04:44:32 [WARN] generalized case_split proof as: (add4 (add4 ?ts_ph_Nat_1 ?ts_ph_Nat_0) ?ts_ph_Nat_2) -- (add4 ?ts_ph_Nat_1 (add4 ?ts_ph_Nat_2 ?ts_ph_Nat_0))
04:44:32 [WARN] proved: (add4 (add4 ?ts_ph_Nat_1 ?ts_ph_Nat_0) ?ts_ph_Nat_2) => (add4 ?ts_ph_Nat_1 (add4 ?ts_ph_Nat_2 ?ts_ph_Nat_0))
04:44:32 [WARN] proved: (add4 ?ts_ph_Nat_1 (add4 ?ts_ph_Nat_2 ?ts_ph_Nat_0)) => (add4 (add4 ?ts_ph_Nat_1 ?ts_ph_Nat_0) ?ts_ph_Nat_2)
04:44:32 [WARN] generalized case_split proof as: (add4 (add1 ?ts_ph_Nat_0 ?ts_ph_Nat_1) ?ts_ph_Nat_2) -- (add4 ?ts_ph_Nat_1 (add1 ?ts_ph_Nat_0 ?ts_ph_Nat_2))
04:44:32 [WARN] proved: (add4 (add1 ?ts_ph_Nat_0 ?ts_ph_Nat_1) ?ts_ph_Nat_2) => (add4 ?ts_ph_Nat_1 (add1 ?ts_ph_Nat_0 ?ts_ph_Nat_2))
04:44:32 [WARN] proved: (add4 ?ts_ph_Nat_1 (add1 ?ts_ph_Nat_0 ?ts_ph_Nat_2)) => (add4 (add1 ?ts_ph_Nat_0 ?ts_ph_Nat_1) ?ts_ph_Nat_2)
04:44:32 [WARN] generalized case_split proof as: (add4 (add4 ?ts_ph_Nat_1 ?ts_ph_Nat_0) ?ts_ph_Nat_2) -- (add4 ?ts_ph_Nat_1 (add1 ?ts_ph_Nat_0 ?ts_ph_Nat_2))
04:44:32 [WARN] proved: (add4 (add4 ?ts_ph_Nat_1 ?ts_ph_Nat_0) ?ts_ph_Nat_2) => (add4 ?ts_ph_Nat_1 (add1 ?ts_ph_Nat_0 ?ts_ph_Nat_2))
04:44:32 [WARN] proved: (add4 ?ts_ph_Nat_1 (add1 ?ts_ph_Nat_0 ?ts_ph_Nat_2)) => (add4 (add4 ?ts_ph_Nat_1 ?ts_ph_Nat_0) ?ts_ph_Nat_2)
04:44:32 [WARN] generalized case_split proof as: (mul6 ?ts_ph_Nat_1 (add1 ?ts_ph_Nat_0 ?ts_ph_Nat_2)) -- (mul6 ?ts_ph_Nat_1 (add4 ?ts_ph_Nat_2 ?ts_ph_Nat_0))
04:44:32 [WARN] proved: (mul6 ?ts_ph_Nat_1 (add1 ?ts_ph_Nat_0 ?ts_ph_Nat_2)) => (mul6 ?ts_ph_Nat_1 (add4 ?ts_ph_Nat_2 ?ts_ph_Nat_0))
04:44:32 [WARN] proved: (mul6 ?ts_ph_Nat_1 (add4 ?ts_ph_Nat_2 ?ts_ph_Nat_0)) => (mul6 ?ts_ph_Nat_1 (add1 ?ts_ph_Nat_0 ?ts_ph_Nat_2))
04:44:32 [WARN] proved: (mul6 (add4 Z ?ts_ph_Nat_0) ?ts_ph_Nat_1) => (mul6 ?ts_ph_Nat_0 ?ts_ph_Nat_1)
04:44:32 [WARN] proved: (mul6 ?ts_ph_Nat_0 ?ts_ph_Nat_1) => (mul6 (add4 Z ?ts_ph_Nat_0) ?ts_ph_Nat_1)
04:44:32 [WARN] proved: (mul1 ?ts_ph_Nat_1 (add4 ?ts_ph_Nat_0 ?ts_ph_Nat_0)) => (mul1 ?ts_ph_Nat_1 (add1 ?ts_ph_Nat_0 ?ts_ph_Nat_0))
04:44:32 [WARN] proved: (mul1 ?ts_ph_Nat_1 (add1 ?ts_ph_Nat_0 ?ts_ph_Nat_0)) => (mul1 ?ts_ph_Nat_1 (add4 ?ts_ph_Nat_0 ?ts_ph_Nat_0))
04:44:32 [WARN] proved: (add1 (add4 ?ts_ph_Nat_1 ?ts_ph_Nat_0) ?ts_ph_Nat_0) => (add1 (add1 ?ts_ph_Nat_0 ?ts_ph_Nat_1) ?ts_ph_Nat_0)
04:44:32 [WARN] proved: (add1 (add1 ?ts_ph_Nat_0 ?ts_ph_Nat_1) ?ts_ph_Nat_0) => (add1 (add4 ?ts_ph_Nat_1 ?ts_ph_Nat_0) ?ts_ph_Nat_0)
04:44:32 [WARN] proved: (mul1 ?ts_ph_Nat_0 (add1 ?ts_ph_Nat_0 ?ts_ph_Nat_1)) => (mul1 ?ts_ph_Nat_0 (add4 ?ts_ph_Nat_1 ?ts_ph_Nat_0))
04:44:32 [WARN] proved: (mul1 ?ts_ph_Nat_0 (add4 ?ts_ph_Nat_1 ?ts_ph_Nat_0)) => (mul1 ?ts_ph_Nat_0 (add1 ?ts_ph_Nat_0 ?ts_ph_Nat_1))
04:44:32 [WARN] proved: (add4 ?ts_ph_Nat_1 (mul6 ?ts_ph_Nat_0 ?ts_ph_Nat_0)) => (add1 (mul6 ?ts_ph_Nat_0 ?ts_ph_Nat_0) ?ts_ph_Nat_1)
04:44:32 [WARN] proved: (add1 (mul6 ?ts_ph_Nat_0 ?ts_ph_Nat_0) ?ts_ph_Nat_1) => (add4 ?ts_ph_Nat_1 (mul6 ?ts_ph_Nat_0 ?ts_ph_Nat_0))
04:44:32 [WARN] proved: (add4 (mul1 ?ts_ph_Nat_0 ?ts_ph_Nat_0) ?ts_ph_Nat_0) => (mul1 (S ?ts_ph_Nat_0) ?ts_ph_Nat_0)
04:44:32 [WARN] proved: (mul1 (S ?ts_ph_Nat_0) ?ts_ph_Nat_0) => (add4 (mul1 ?ts_ph_Nat_0 ?ts_ph_Nat_0) ?ts_ph_Nat_0)
04:44:32 [WARN] proved: (mul1 (add4 ?ts_ph_Nat_0 ?ts_ph_Nat_0) ?ts_ph_Nat_0) => (mul1 (add1 ?ts_ph_Nat_0 ?ts_ph_Nat_0) ?ts_ph_Nat_0)
04:44:32 [WARN] proved: (mul1 (add1 ?ts_ph_Nat_0 ?ts_ph_Nat_0) ?ts_ph_Nat_0) => (mul1 (add4 ?ts_ph_Nat_0 ?ts_ph_Nat_0) ?ts_ph_Nat_0)
04:44:33 [WARN] proved: (add1 (mul1 ?ts_ph_Nat_0 ?ts_ph_Nat_0) ?ts_ph_Nat_0) => (add4 ?ts_ph_Nat_0 (mul1 ?ts_ph_Nat_0 ?ts_ph_Nat_0))
04:44:33 [WARN] proved: (add4 ?ts_ph_Nat_0 (mul1 ?ts_ph_Nat_0 ?ts_ph_Nat_0)) => (add1 (mul1 ?ts_ph_Nat_0 ?ts_ph_Nat_0) ?ts_ph_Nat_0)
04:44:33 [WARN] generalized case_split proof as: (mul1 (S ?ts_ph_Nat_1) (add4 ?ts_ph_Nat_2 ?ts_ph_Nat_0)) -- (mul1 (S ?ts_ph_Nat_1) (add1 ?ts_ph_Nat_0 ?ts_ph_Nat_2))
04:44:33 [WARN] proved: (mul1 (S ?ts_ph_Nat_1) (add4 ?ts_ph_Nat_2 ?ts_ph_Nat_0)) => (mul1 (S ?ts_ph_Nat_1) (add1 ?ts_ph_Nat_0 ?ts_ph_Nat_2))
04:44:33 [WARN] proved: (mul1 (S ?ts_ph_Nat_1) (add1 ?ts_ph_Nat_0 ?ts_ph_Nat_2)) => (mul1 (S ?ts_ph_Nat_1) (add4 ?ts_ph_Nat_2 ?ts_ph_Nat_0))
04:44:33 [WARN] proved: (add4 (S Z) (mul1 ?ts_ph_Nat_0 ?ts_ph_Nat_0)) => (S (mul1 ?ts_ph_Nat_0 ?ts_ph_Nat_0))
04:44:33 [WARN] proved: (S (mul1 ?ts_ph_Nat_0 ?ts_ph_Nat_0)) => (add4 (S Z) (mul1 ?ts_ph_Nat_0 ?ts_ph_Nat_0))
04:44:33 [WARN] proved: (S (mul1 (S ?ts_ph_Nat_0) ?ts_ph_Nat_0)) => (add4 (S ?ts_ph_Nat_0) (mul1 ?ts_ph_Nat_0 ?ts_ph_Nat_0))
04:44:33 [WARN] proved: (add4 (S ?ts_ph_Nat_0) (mul1 ?ts_ph_Nat_0 ?ts_ph_Nat_0)) => (S (mul1 (S ?ts_ph_Nat_0) ?ts_ph_Nat_0))
04:44:34 [WARN] proved: (mul1 (add4 ?ts_ph_Nat_0 ?ts_ph_Nat_0) (S ?ts_ph_Nat_0)) => (mul1 (add1 ?ts_ph_Nat_0 ?ts_ph_Nat_0) (S ?ts_ph_Nat_0))
04:44:34 [WARN] proved: (mul1 (add1 ?ts_ph_Nat_0 ?ts_ph_Nat_0) (S ?ts_ph_Nat_0)) => (mul1 (add4 ?ts_ph_Nat_0 ?ts_ph_Nat_0) (S ?ts_ph_Nat_0))
04:44:34 [WARN] generalized case_split proof as: (mul1 (add1 ?ts_ph_Nat_0 ?ts_ph_Nat_1) (add4 ?ts_ph_Nat_2 ?ts_ph_Nat_3)) -- (mul1 (add4 ?ts_ph_Nat_1 ?ts_ph_Nat_0) (add4 ?ts_ph_Nat_2 ?ts_ph_Nat_3))
04:44:34 [WARN] proved: (mul1 (add1 ?ts_ph_Nat_0 ?ts_ph_Nat_1) (add4 ?ts_ph_Nat_2 ?ts_ph_Nat_3)) => (mul1 (add4 ?ts_ph_Nat_1 ?ts_ph_Nat_0) (add4 ?ts_ph_Nat_2 ?ts_ph_Nat_3))
04:44:34 [WARN] proved: (mul1 (add4 ?ts_ph_Nat_1 ?ts_ph_Nat_0) (add4 ?ts_ph_Nat_2 ?ts_ph_Nat_3)) => (mul1 (add1 ?ts_ph_Nat_0 ?ts_ph_Nat_1) (add4 ?ts_ph_Nat_2 ?ts_ph_Nat_3))
04:44:34 [WARN] generalized case_split proof as: (mul1 (add1 ?ts_ph_Nat_1 ?ts_ph_Nat_2) (add1 ?ts_ph_Nat_0 ?ts_ph_Nat_3)) -- (mul1 (add1 ?ts_ph_Nat_1 ?ts_ph_Nat_2) (add4 ?ts_ph_Nat_3 ?ts_ph_Nat_0))
04:44:34 [WARN] proved: (mul1 (add1 ?ts_ph_Nat_1 ?ts_ph_Nat_2) (add1 ?ts_ph_Nat_0 ?ts_ph_Nat_3)) => (mul1 (add1 ?ts_ph_Nat_1 ?ts_ph_Nat_2) (add4 ?ts_ph_Nat_3 ?ts_ph_Nat_0))
04:44:34 [WARN] proved: (mul1 (add1 ?ts_ph_Nat_1 ?ts_ph_Nat_2) (add4 ?ts_ph_Nat_3 ?ts_ph_Nat_0)) => (mul1 (add1 ?ts_ph_Nat_1 ?ts_ph_Nat_2) (add1 ?ts_ph_Nat_0 ?ts_ph_Nat_3))
04:44:34 [WARN] generalized case_split proof as: (add1 (mul1 ?ts_ph_Nat_0 ?ts_ph_Nat_1) (mul1 ?ts_ph_Nat_0 ?ts_ph_Nat_2)) -- (mul1 ?ts_ph_Nat_0 (add1 ?ts_ph_Nat_1 ?ts_ph_Nat_2))
04:44:34 [WARN] proved: (add1 (mul1 ?ts_ph_Nat_0 ?ts_ph_Nat_1) (mul1 ?ts_ph_Nat_0 ?ts_ph_Nat_2)) => (mul1 ?ts_ph_Nat_0 (add1 ?ts_ph_Nat_1 ?ts_ph_Nat_2))
04:44:34 [WARN] proved: (mul1 ?ts_ph_Nat_0 (add1 ?ts_ph_Nat_1 ?ts_ph_Nat_2)) => (add1 (mul1 ?ts_ph_Nat_0 ?ts_ph_Nat_1) (mul1 ?ts_ph_Nat_0 ?ts_ph_Nat_2))
04:44:34 [WARN] Found all lemmas
