04:43:31 [0m[33m[WARN] [0mCollecting statistics
(add1 Z ?y) => ?y
(add1 (S ?x) ?y) => (S (add1 ?x ?y))
(add3 Z ?n2) => ?n2
(add3 (S ?n) ?n2) => (add3 ?n (S ?n2))
(mul1 Z ?n2) => Z
(mul1 (S ?n) ?n2) => (add1 ?n2 (mul1 ?n ?n2))
(mul3 Z ?n2) => Z
(mul3 (S ?n) ?n2) => (add3 ?n2 (mul3 ?n ?n2))
04:43:31 [0m[33m[WARN] [0m ex is: Z
04:43:31 [0m[33m[WARN] [0m ex is: (S Z)
04:43:31 [0m[33m[WARN] [0m ex is: (S (S Z))
04:43:31 [0m[33m[WARN] [0mRunning exploration without proof mode, but goals were given
04:43:31 [0m[33m[WARN] [0mProof mode: true
04:43:31 [0m[33m[WARN] [0m ex is: Z
04:43:31 [0m[33m[WARN] [0m ex is: (S Z)
04:43:31 [0m[33m[WARN] [0m ex is: (S (S Z))
04:43:31 [0m[33m[WARN] [0mRunning exploration without proof mode, but goals were given
04:43:31 [0m[33m[WARN] [0mProof mode: true
04:43:31 [0m[33m[WARN] [0mproved: (add1 ?ts_ph_Nat_0 Z) => ?ts_ph_Nat_0
04:43:31 [0m[33m[WARN] [0mproved: (mul1 ?ts_ph_Nat_0 Z) => (mul3 ?ts_ph_Nat_0 Z)
04:43:31 [0m[33m[WARN] [0mproved: (mul3 ?ts_ph_Nat_0 Z) => (mul1 ?ts_ph_Nat_0 Z)
04:43:31 [0m[33m[WARN] [0mproved: (mul1 ?ts_ph_Nat_0 Z) => Z
04:43:31 [0m[33m[WARN] [0mproved: (add3 ?ts_ph_Nat_0 (S ?ts_ph_Nat_1)) => (S (add3 ?ts_ph_Nat_0 ?ts_ph_Nat_1))
04:43:31 [0m[33m[WARN] [0mproved: (S (add3 ?ts_ph_Nat_0 ?ts_ph_Nat_1)) => (add3 ?ts_ph_Nat_0 (S ?ts_ph_Nat_1))
04:43:31 [0m[33m[WARN] [0mproved: (S (add1 ?ts_ph_Nat_0 ?ts_ph_Nat_1)) => (S (add3 ?ts_ph_Nat_0 ?ts_ph_Nat_1))
04:43:31 [0m[33m[WARN] [0mproved: (S (add3 ?ts_ph_Nat_0 ?ts_ph_Nat_1)) => (S (add1 ?ts_ph_Nat_0 ?ts_ph_Nat_1))
04:43:31 [0m[33m[WARN] [0mproved: (add1 ?ts_ph_Nat_0 (S ?ts_ph_Nat_1)) => (S (add3 ?ts_ph_Nat_0 ?ts_ph_Nat_1))
04:43:31 [0m[33m[WARN] [0mproved: (S (add3 ?ts_ph_Nat_0 ?ts_ph_Nat_1)) => (add1 ?ts_ph_Nat_0 (S ?ts_ph_Nat_1))
04:43:31 [0m[33m[WARN] [0mproved: (mul1 ?ts_ph_Nat_0 (S Z)) => ?ts_ph_Nat_0
04:43:31 [0m[33m[WARN] [0mproved: (add3 ?ts_ph_Nat_0 Z) => (mul1 ?ts_ph_Nat_0 (S Z))
04:43:31 [0m[33m[WARN] [0mproved: (mul1 ?ts_ph_Nat_0 (S Z)) => (add3 ?ts_ph_Nat_0 Z)
04:43:31 [0m[33m[WARN] [0mproved: (add3 ?ts_ph_Nat_0 Z) => (mul3 ?ts_ph_Nat_0 (S Z))
04:43:31 [0m[33m[WARN] [0mproved: (mul3 ?ts_ph_Nat_0 (S Z)) => (add3 ?ts_ph_Nat_0 Z)
04:43:31 [0m[33m[WARN] [0mgeneralized case_split proof as: (mul1 ?ts_ph_Nat_1 (add1 ?ts_ph_Nat_0 ?ts_ph_Nat_2)) -- (mul1 ?ts_ph_Nat_1 (add3 ?ts_ph_Nat_0 ?ts_ph_Nat_2))
04:43:31 [0m[33m[WARN] [0mproved: (mul1 ?ts_ph_Nat_1 (add1 ?ts_ph_Nat_0 ?ts_ph_Nat_2)) => (mul1 ?ts_ph_Nat_1 (add3 ?ts_ph_Nat_0 ?ts_ph_Nat_2))
04:43:31 [0m[33m[WARN] [0mproved: (mul1 ?ts_ph_Nat_1 (add3 ?ts_ph_Nat_0 ?ts_ph_Nat_2)) => (mul1 ?ts_ph_Nat_1 (add1 ?ts_ph_Nat_0 ?ts_ph_Nat_2))
04:43:31 [0m[33m[WARN] [0mgeneralized case_split proof as: (add1 (add1 ?ts_ph_Nat_0 ?ts_ph_Nat_1) ?ts_ph_Nat_2) -- (add1 ?ts_ph_Nat_0 (add1 ?ts_ph_Nat_1 ?ts_ph_Nat_2))
04:43:31 [0m[33m[WARN] [0mproved: (add1 (add1 ?ts_ph_Nat_0 ?ts_ph_Nat_1) ?ts_ph_Nat_2) => (add1 ?ts_ph_Nat_0 (add1 ?ts_ph_Nat_1 ?ts_ph_Nat_2))
04:43:31 [0m[33m[WARN] [0mproved: (add1 ?ts_ph_Nat_0 (add1 ?ts_ph_Nat_1 ?ts_ph_Nat_2)) => (add1 (add1 ?ts_ph_Nat_0 ?ts_ph_Nat_1) ?ts_ph_Nat_2)
04:43:31 [0m[33m[WARN] [0mgeneralized case_split proof as: (add3 ?ts_ph_Nat_0 (add1 ?ts_ph_Nat_1 ?ts_ph_Nat_2)) -- (add1 ?ts_ph_Nat_0 (add1 ?ts_ph_Nat_1 ?ts_ph_Nat_2))
04:43:31 [0m[33m[WARN] [0mproved: (add3 ?ts_ph_Nat_0 (add1 ?ts_ph_Nat_1 ?ts_ph_Nat_2)) => (add1 ?ts_ph_Nat_0 (add1 ?ts_ph_Nat_1 ?ts_ph_Nat_2))
04:43:31 [0m[33m[WARN] [0mproved: (add1 ?ts_ph_Nat_0 (add1 ?ts_ph_Nat_1 ?ts_ph_Nat_2)) => (add3 ?ts_ph_Nat_0 (add1 ?ts_ph_Nat_1 ?ts_ph_Nat_2))
04:43:31 [0m[33m[WARN] [0mgeneralized case_split proof as: (add1 (add1 ?ts_ph_Nat_0 ?ts_ph_Nat_1) ?ts_ph_Nat_2) -- (add1 (add3 ?ts_ph_Nat_0 ?ts_ph_Nat_1) ?ts_ph_Nat_2)
04:43:31 [0m[33m[WARN] [0mproved: (add1 (add1 ?ts_ph_Nat_0 ?ts_ph_Nat_1) ?ts_ph_Nat_2) => (add1 (add3 ?ts_ph_Nat_0 ?ts_ph_Nat_1) ?ts_ph_Nat_2)
04:43:31 [0m[33m[WARN] [0mproved: (add1 (add3 ?ts_ph_Nat_0 ?ts_ph_Nat_1) ?ts_ph_Nat_2) => (add1 (add1 ?ts_ph_Nat_0 ?ts_ph_Nat_1) ?ts_ph_Nat_2)
04:43:31 [0m[33m[WARN] [0mgeneralized case_split proof as: (mul3 ?ts_ph_Nat_1 (add3 ?ts_ph_Nat_0 ?ts_ph_Nat_2)) -- (mul3 ?ts_ph_Nat_1 (add1 ?ts_ph_Nat_0 ?ts_ph_Nat_2))
04:43:31 [0m[33m[WARN] [0mproved: (mul3 ?ts_ph_Nat_1 (add3 ?ts_ph_Nat_0 ?ts_ph_Nat_2)) => (mul3 ?ts_ph_Nat_1 (add1 ?ts_ph_Nat_0 ?ts_ph_Nat_2))
04:43:31 [0m[33m[WARN] [0mproved: (mul3 ?ts_ph_Nat_1 (add1 ?ts_ph_Nat_0 ?ts_ph_Nat_2)) => (mul3 ?ts_ph_Nat_1 (add3 ?ts_ph_Nat_0 ?ts_ph_Nat_2))
04:43:31 [0m[33m[WARN] [0mgeneralized case_split proof as: (mul3 (add1 ?ts_ph_Nat_0 ?ts_ph_Nat_1) ?ts_ph_Nat_2) -- (mul3 (add3 ?ts_ph_Nat_0 ?ts_ph_Nat_1) ?ts_ph_Nat_2)
04:43:31 [0m[33m[WARN] [0mproved: (mul3 (add1 ?ts_ph_Nat_0 ?ts_ph_Nat_1) ?ts_ph_Nat_2) => (mul3 (add3 ?ts_ph_Nat_0 ?ts_ph_Nat_1) ?ts_ph_Nat_2)
04:43:31 [0m[33m[WARN] [0mproved: (mul3 (add3 ?ts_ph_Nat_0 ?ts_ph_Nat_1) ?ts_ph_Nat_2) => (mul3 (add1 ?ts_ph_Nat_0 ?ts_ph_Nat_1) ?ts_ph_Nat_2)
04:43:31 [0m[33m[WARN] [0mgeneralized case_split proof as: (add3 ?ts_ph_Nat_1 (add3 ?ts_ph_Nat_0 ?ts_ph_Nat_2)) -- (add3 (add1 ?ts_ph_Nat_0 ?ts_ph_Nat_1) ?ts_ph_Nat_2)
04:43:31 [0m[33m[WARN] [0mproved: (add3 ?ts_ph_Nat_1 (add3 ?ts_ph_Nat_0 ?ts_ph_Nat_2)) => (add3 (add1 ?ts_ph_Nat_0 ?ts_ph_Nat_1) ?ts_ph_Nat_2)
04:43:31 [0m[33m[WARN] [0mproved: (add3 (add1 ?ts_ph_Nat_0 ?ts_ph_Nat_1) ?ts_ph_Nat_2) => (add3 ?ts_ph_Nat_1 (add3 ?ts_ph_Nat_0 ?ts_ph_Nat_2))
04:43:31 [0m[33m[WARN] [0mgeneralized case_split proof as: (add3 (add3 ?ts_ph_Nat_0 ?ts_ph_Nat_1) ?ts_ph_Nat_2) -- (add3 (add1 ?ts_ph_Nat_0 ?ts_ph_Nat_1) ?ts_ph_Nat_2)
04:43:31 [0m[33m[WARN] [0mproved: (add3 (add3 ?ts_ph_Nat_0 ?ts_ph_Nat_1) ?ts_ph_Nat_2) => (add3 (add1 ?ts_ph_Nat_0 ?ts_ph_Nat_1) ?ts_ph_Nat_2)
04:43:31 [0m[33m[WARN] [0mproved: (add3 (add1 ?ts_ph_Nat_0 ?ts_ph_Nat_1) ?ts_ph_Nat_2) => (add3 (add3 ?ts_ph_Nat_0 ?ts_ph_Nat_1) ?ts_ph_Nat_2)
04:43:31 [0m[33m[WARN] [0mgeneralized case_split proof as: (add3 ?ts_ph_Nat_0 (add3 ?ts_ph_Nat_1 ?ts_ph_Nat_2)) -- (add1 ?ts_ph_Nat_0 (add3 ?ts_ph_Nat_1 ?ts_ph_Nat_2))
04:43:31 [0m[33m[WARN] [0mproved: (add3 ?ts_ph_Nat_0 (add3 ?ts_ph_Nat_1 ?ts_ph_Nat_2)) => (add1 ?ts_ph_Nat_0 (add3 ?ts_ph_Nat_1 ?ts_ph_Nat_2))
04:43:31 [0m[33m[WARN] [0mproved: (add1 ?ts_ph_Nat_0 (add3 ?ts_ph_Nat_1 ?ts_ph_Nat_2)) => (add3 ?ts_ph_Nat_0 (add3 ?ts_ph_Nat_1 ?ts_ph_Nat_2))
04:43:31 [0m[33m[WARN] [0mgeneralized case_split proof as: (add1 ?ts_ph_Nat_1 (add3 ?ts_ph_Nat_0 ?ts_ph_Nat_2)) -- (add1 ?ts_ph_Nat_1 (add1 ?ts_ph_Nat_0 ?ts_ph_Nat_2))
04:43:31 [0m[33m[WARN] [0mproved: (add1 ?ts_ph_Nat_1 (add3 ?ts_ph_Nat_0 ?ts_ph_Nat_2)) => (add1 ?ts_ph_Nat_1 (add1 ?ts_ph_Nat_0 ?ts_ph_Nat_2))
04:43:31 [0m[33m[WARN] [0mproved: (add1 ?ts_ph_Nat_1 (add1 ?ts_ph_Nat_0 ?ts_ph_Nat_2)) => (add1 ?ts_ph_Nat_1 (add3 ?ts_ph_Nat_0 ?ts_ph_Nat_2))
04:43:31 [0m[33m[WARN] [0mproved: (add1 ?ts_ph_Nat_0 (mul3 ?ts_ph_Nat_0 ?ts_ph_Nat_1)) => (add3 ?ts_ph_Nat_0 (mul3 ?ts_ph_Nat_0 ?ts_ph_Nat_1))
04:43:31 [0m[33m[WARN] [0mproved: (add3 ?ts_ph_Nat_0 (mul3 ?ts_ph_Nat_0 ?ts_ph_Nat_1)) => (add1 ?ts_ph_Nat_0 (mul3 ?ts_ph_Nat_0 ?ts_ph_Nat_1))
04:43:31 [0m[33m[WARN] [0mproved: (add3 ?ts_ph_Nat_0 (mul1 ?ts_ph_Nat_0 ?ts_ph_Nat_1)) => (add1 ?ts_ph_Nat_0 (mul1 ?ts_ph_Nat_0 ?ts_ph_Nat_1))
04:43:31 [0m[33m[WARN] [0mproved: (add1 ?ts_ph_Nat_0 (mul1 ?ts_ph_Nat_0 ?ts_ph_Nat_1)) => (add3 ?ts_ph_Nat_0 (mul1 ?ts_ph_Nat_0 ?ts_ph_Nat_1))
04:43:31 [0m[33m[WARN] [0mproved: (mul1 (add1 ?ts_ph_Nat_0 ?ts_ph_Nat_1) ?ts_ph_Nat_0) => (mul1 (add3 ?ts_ph_Nat_0 ?ts_ph_Nat_1) ?ts_ph_Nat_0)
04:43:31 [0m[33m[WARN] [0mproved: (mul1 (add3 ?ts_ph_Nat_0 ?ts_ph_Nat_1) ?ts_ph_Nat_0) => (mul1 (add1 ?ts_ph_Nat_0 ?ts_ph_Nat_1) ?ts_ph_Nat_0)
04:43:31 [0m[33m[WARN] [0mproved: (add3 (mul3 ?ts_ph_Nat_0 ?ts_ph_Nat_0) ?ts_ph_Nat_1) => (add1 (mul3 ?ts_ph_Nat_0 ?ts_ph_Nat_0) ?ts_ph_Nat_1)
04:43:31 [0m[33m[WARN] [0mproved: (add1 (mul3 ?ts_ph_Nat_0 ?ts_ph_Nat_0) ?ts_ph_Nat_1) => (add3 (mul3 ?ts_ph_Nat_0 ?ts_ph_Nat_0) ?ts_ph_Nat_1)
04:43:31 [0m[33m[WARN] [0mproved: (add3 (mul1 ?ts_ph_Nat_0 ?ts_ph_Nat_0) ?ts_ph_Nat_1) => (add1 (mul1 ?ts_ph_Nat_0 ?ts_ph_Nat_0) ?ts_ph_Nat_1)
04:43:31 [0m[33m[WARN] [0mproved: (add1 (mul1 ?ts_ph_Nat_0 ?ts_ph_Nat_0) ?ts_ph_Nat_1) => (add3 (mul1 ?ts_ph_Nat_0 ?ts_ph_Nat_0) ?ts_ph_Nat_1)
04:43:31 [0m[33m[WARN] [0mgeneralized case_split proof as: (mul1 (add1 ?ts_ph_Nat_0 ?ts_ph_Nat_1) (S ?ts_ph_Nat_2)) -- (mul1 (add3 ?ts_ph_Nat_0 ?ts_ph_Nat_1) (S ?ts_ph_Nat_2))
04:43:31 [0m[33m[WARN] [0mproved: (mul1 (add1 ?ts_ph_Nat_0 ?ts_ph_Nat_1) (S ?ts_ph_Nat_2)) => (mul1 (add3 ?ts_ph_Nat_0 ?ts_ph_Nat_1) (S ?ts_ph_Nat_2))
04:43:31 [0m[33m[WARN] [0mproved: (mul1 (add3 ?ts_ph_Nat_0 ?ts_ph_Nat_1) (S ?ts_ph_Nat_2)) => (mul1 (add1 ?ts_ph_Nat_0 ?ts_ph_Nat_1) (S ?ts_ph_Nat_2))
04:43:33 [0m[33m[WARN] [0mgeneralized case_split proof as: (mul1 (add3 ?ts_ph_Nat_0 ?ts_ph_Nat_1) (mul1 ?ts_ph_Nat_2 ?ts_ph_Nat_3)) -- (mul1 (add1 ?ts_ph_Nat_0 ?ts_ph_Nat_1) (mul1 ?ts_ph_Nat_2 ?ts_ph_Nat_3))
04:43:33 [0m[33m[WARN] [0mproved: (mul1 (add3 ?ts_ph_Nat_0 ?ts_ph_Nat_1) (mul1 ?ts_ph_Nat_2 ?ts_ph_Nat_3)) => (mul1 (add1 ?ts_ph_Nat_0 ?ts_ph_Nat_1) (mul1 ?ts_ph_Nat_2 ?ts_ph_Nat_3))
04:43:33 [0m[33m[WARN] [0mproved: (mul1 (add1 ?ts_ph_Nat_0 ?ts_ph_Nat_1) (mul1 ?ts_ph_Nat_2 ?ts_ph_Nat_3)) => (mul1 (add3 ?ts_ph_Nat_0 ?ts_ph_Nat_1) (mul1 ?ts_ph_Nat_2 ?ts_ph_Nat_3))
04:43:33 [0m[33m[WARN] [0mgeneralized case_split proof as: (mul1 (add1 ?ts_ph_Nat_0 ?ts_ph_Nat_1) (add3 ?ts_ph_Nat_2 ?ts_ph_Nat_3)) -- (mul1 (add3 ?ts_ph_Nat_0 ?ts_ph_Nat_1) (add3 ?ts_ph_Nat_2 ?ts_ph_Nat_3))
04:43:33 [0m[33m[WARN] [0mproved: (mul1 (add1 ?ts_ph_Nat_0 ?ts_ph_Nat_1) (add3 ?ts_ph_Nat_2 ?ts_ph_Nat_3)) => (mul1 (add3 ?ts_ph_Nat_0 ?ts_ph_Nat_1) (add3 ?ts_ph_Nat_2 ?ts_ph_Nat_3))
04:43:33 [0m[33m[WARN] [0mproved: (mul1 (add3 ?ts_ph_Nat_0 ?ts_ph_Nat_1) (add3 ?ts_ph_Nat_2 ?ts_ph_Nat_3)) => (mul1 (add1 ?ts_ph_Nat_0 ?ts_ph_Nat_1) (add3 ?ts_ph_Nat_2 ?ts_ph_Nat_3))
04:43:33 [0m[33m[WARN] [0mgeneralized case_split proof as: (mul1 (add1 ?ts_ph_Nat_0 ?ts_ph_Nat_0) (mul3 ?ts_ph_Nat_1 ?ts_ph_Nat_2)) -- (mul1 (add3 ?ts_ph_Nat_0 ?ts_ph_Nat_0) (mul3 ?ts_ph_Nat_1 ?ts_ph_Nat_2))
04:43:33 [0m[33m[WARN] [0mproved: (mul1 (add1 ?ts_ph_Nat_0 ?ts_ph_Nat_0) (mul3 ?ts_ph_Nat_1 ?ts_ph_Nat_2)) => (mul1 (add3 ?ts_ph_Nat_0 ?ts_ph_Nat_0) (mul3 ?ts_ph_Nat_1 ?ts_ph_Nat_2))
04:43:33 [0m[33m[WARN] [0mproved: (mul1 (add3 ?ts_ph_Nat_0 ?ts_ph_Nat_0) (mul3 ?ts_ph_Nat_1 ?ts_ph_Nat_2)) => (mul1 (add1 ?ts_ph_Nat_0 ?ts_ph_Nat_0) (mul3 ?ts_ph_Nat_1 ?ts_ph_Nat_2))
04:43:33 [0m[33m[WARN] [0mgeneralized case_split proof as: (add1 (mul1 ?ts_ph_Nat_0 ?ts_ph_Nat_1) (mul1 ?ts_ph_Nat_0 ?ts_ph_Nat_2)) -- (mul1 (add3 ?ts_ph_Nat_0 Z) (add1 ?ts_ph_Nat_1 ?ts_ph_Nat_2))
04:43:33 [0m[33m[WARN] [0mproved: (add1 (mul1 ?ts_ph_Nat_0 ?ts_ph_Nat_1) (mul1 ?ts_ph_Nat_0 ?ts_ph_Nat_2)) => (mul1 (add3 ?ts_ph_Nat_0 Z) (add1 ?ts_ph_Nat_1 ?ts_ph_Nat_2))
04:43:33 [0m[33m[WARN] [0mproved: (mul1 (add3 ?ts_ph_Nat_0 Z) (add1 ?ts_ph_Nat_1 ?ts_ph_Nat_2)) => (add1 (mul1 ?ts_ph_Nat_0 ?ts_ph_Nat_1) (mul1 ?ts_ph_Nat_0 ?ts_ph_Nat_2))
04:43:35 [0m[33m[WARN] [0mproved: (mul1 (add1 ?ts_ph_Nat_0 ?ts_ph_Nat_1) (mul3 ?ts_ph_Nat_0 ?ts_ph_Nat_0)) => (mul1 (add3 ?ts_ph_Nat_0 ?ts_ph_Nat_1) (mul3 ?ts_ph_Nat_0 ?ts_ph_Nat_0))
04:43:35 [0m[33m[WARN] [0mproved: (mul1 (add3 ?ts_ph_Nat_0 ?ts_ph_Nat_1) (mul3 ?ts_ph_Nat_0 ?ts_ph_Nat_0)) => (mul1 (add1 ?ts_ph_Nat_0 ?ts_ph_Nat_1) (mul3 ?ts_ph_Nat_0 ?ts_ph_Nat_0))
04:43:40 [0m[33m[WARN] [0mproved: (mul1 (add3 ?ts_ph_Nat_0 Z) (add3 ?ts_ph_Nat_0 ?ts_ph_Nat_0)) => (mul1 (add1 ?ts_ph_Nat_0 ?ts_ph_Nat_0) ?ts_ph_Nat_0)
04:43:40 [0m[33m[WARN] [0mproved: (mul1 (add1 ?ts_ph_Nat_0 ?ts_ph_Nat_0) ?ts_ph_Nat_0) => (mul1 (add3 ?ts_ph_Nat_0 Z) (add3 ?ts_ph_Nat_0 ?ts_ph_Nat_0))
04:43:57 [0m[33m[WARN] [0mproved: (S (mul1 ?ts_ph_Nat_0 ?ts_ph_Nat_1)) => (S (mul3 ?ts_ph_Nat_0 ?ts_ph_Nat_1))
04:43:57 [0m[33m[WARN] [0mproved: (S (mul3 ?ts_ph_Nat_0 ?ts_ph_Nat_1)) => (S (mul1 ?ts_ph_Nat_0 ?ts_ph_Nat_1))
