03:37:09 [WARN] Collecting statistics
03:37:09 [WARN]  ex is: Z
03:37:09 [WARN]  ex is: (S Z)
03:37:09 [WARN]  ex is: (S (S Z))
03:37:09 [WARN] Running exploration without proof mode, but goals were given
03:37:09 [WARN] Proof mode: true
03:37:09 [WARN]  ex is: Z
03:37:09 [WARN]  ex is: (S Z)
03:37:09 [WARN]  ex is: (S (S Z))
03:37:09 [WARN] Running exploration without proof mode, but goals were given
03:37:09 [WARN] Proof mode: true
03:37:09 [WARN] proved: (add1 ?ts_ph_Nat_0 Z) => ?ts_ph_Nat_0
03:37:09 [WARN] proved: (mul7 Z ?ts_ph_Nat_0) => Z
03:37:09 [WARN] proved: (mul7 Z ?ts_ph_Nat_0) => (mul1 ?ts_ph_Nat_0 Z)
03:37:09 [WARN] proved: (mul1 ?ts_ph_Nat_0 Z) => (mul7 Z ?ts_ph_Nat_0)
03:37:09 [WARN] proved: (mul7 ?ts_ph_Nat_1 ?ts_ph_Nat_0) => (mul1 ?ts_ph_Nat_0 ?ts_ph_Nat_1)
03:37:09 [WARN] proved: (mul1 ?ts_ph_Nat_0 ?ts_ph_Nat_1) => (mul7 ?ts_ph_Nat_1 ?ts_ph_Nat_0)
03:37:09 [WARN] proved: (S ?ts_ph_Nat_0) => (add1 ?ts_ph_Nat_0 (S Z))
03:37:09 [WARN] proved: (add1 ?ts_ph_Nat_0 (S Z)) => (S ?ts_ph_Nat_0)
03:37:09 [WARN] proved: (S ?ts_ph_Nat_0) => (mul1 (S ?ts_ph_Nat_0) (S Z))
03:37:09 [WARN] proved: (mul1 (S ?ts_ph_Nat_0) (S Z)) => (S ?ts_ph_Nat_0)
03:37:10 [WARN] proved: (mul1 (mul1 ?ts_ph_Nat_0 ?ts_ph_Nat_0) (S Z)) => (mul1 ?ts_ph_Nat_0 ?ts_ph_Nat_0)
03:37:10 [WARN] proved: (mul1 ?ts_ph_Nat_0 ?ts_ph_Nat_0) => (mul1 (mul1 ?ts_ph_Nat_0 ?ts_ph_Nat_0) (S Z))
03:37:10 [WARN] proved: (add1 ?ts_ph_Nat_0 (S ?ts_ph_Nat_1)) => (S (add1 ?ts_ph_Nat_0 ?ts_ph_Nat_1))
03:37:10 [WARN] proved: (S (add1 ?ts_ph_Nat_0 ?ts_ph_Nat_1)) => (add1 ?ts_ph_Nat_0 (S ?ts_ph_Nat_1))
03:37:10 [WARN] proved: (add1 ?ts_ph_Nat_0 ?ts_ph_Nat_1) => (add1 ?ts_ph_Nat_1 ?ts_ph_Nat_0)
03:37:10 [WARN] proved: (add1 ?ts_ph_Nat_1 ?ts_ph_Nat_0) => (add1 ?ts_ph_Nat_0 ?ts_ph_Nat_1)
03:37:10 [WARN] proved: (mul1 ?ts_ph_Nat_0 (S Z)) => ?ts_ph_Nat_0
03:37:10 [WARN] proved: (add1 ?ts_ph_Nat_1 (add1 ?ts_ph_Nat_0 ?ts_ph_Nat_2)) => (add1 ?ts_ph_Nat_0 (add1 ?ts_ph_Nat_1 ?ts_ph_Nat_2))
03:37:10 [WARN] proved: (add1 ?ts_ph_Nat_0 (add1 ?ts_ph_Nat_1 ?ts_ph_Nat_2)) => (add1 ?ts_ph_Nat_1 (add1 ?ts_ph_Nat_0 ?ts_ph_Nat_2))
03:37:10 [WARN] proved: (mul1 ?ts_ph_Nat_0 (S ?ts_ph_Nat_1)) => (add1 ?ts_ph_Nat_0 (mul1 ?ts_ph_Nat_0 ?ts_ph_Nat_1))
03:37:10 [WARN] proved: (add1 ?ts_ph_Nat_0 (mul1 ?ts_ph_Nat_0 ?ts_ph_Nat_1)) => (mul1 ?ts_ph_Nat_0 (S ?ts_ph_Nat_1))
03:37:10 [WARN] Found all lemmas
