03:37:11 [WARN] Collecting statistics
03:37:11 [WARN]  ex is: Z
03:37:11 [WARN]  ex is: (S Z)
03:37:11 [WARN]  ex is: (S (S Z))
03:37:11 [WARN] Running exploration without proof mode, but goals were given
03:37:11 [WARN] Proof mode: true
03:37:11 [WARN]  ex is: Z
03:37:11 [WARN]  ex is: (S Z)
03:37:11 [WARN]  ex is: (S (S Z))
03:37:11 [WARN] Running exploration without proof mode, but goals were given
03:37:11 [WARN] Proof mode: true
03:37:11 [WARN] proved: (add1 ?ts_ph_Nat_0 Z) => ?ts_ph_Nat_0
03:37:11 [WARN] proved: (mul4 ?ts_ph_Nat_0 Z) => Z
03:37:11 [WARN] proved: (mul1 ?ts_ph_Nat_0 Z) => Z
03:37:11 [WARN] proved: (mul1 ?ts_ph_Nat_0 (S Z)) => ?ts_ph_Nat_0
03:37:11 [WARN] proved: (add1 ?ts_ph_Nat_0 (S Z)) => (S ?ts_ph_Nat_0)
03:37:11 [WARN] proved: (S ?ts_ph_Nat_0) => (add1 ?ts_ph_Nat_0 (S Z))
03:37:12 [WARN] proved: (add3 (add3 ?ts_ph_Nat_0 ?ts_ph_Nat_1) (S Z)) => (add3 ?ts_ph_Nat_1 (S ?ts_ph_Nat_0))
03:37:12 [WARN] proved: (add3 ?ts_ph_Nat_1 (S ?ts_ph_Nat_0)) => (add3 (add3 ?ts_ph_Nat_0 ?ts_ph_Nat_1) (S Z))
03:37:12 [WARN] proved: (add1 (add3 ?ts_ph_Nat_0 ?ts_ph_Nat_0) (S ?ts_ph_Nat_1)) => (add3 ?ts_ph_Nat_0 (S (add1 ?ts_ph_Nat_0 ?ts_ph_Nat_1)))
03:37:12 [WARN] proved: (add3 ?ts_ph_Nat_0 (S (add1 ?ts_ph_Nat_0 ?ts_ph_Nat_1))) => (add1 (add3 ?ts_ph_Nat_0 ?ts_ph_Nat_0) (S ?ts_ph_Nat_1))
03:37:12 [WARN] proved: (add3 ?ts_ph_Nat_0 (S Z)) => (add3 (add3 ?ts_ph_Nat_0 Z) (S Z))
03:37:12 [WARN] proved: (add3 (add3 ?ts_ph_Nat_0 Z) (S Z)) => (add3 ?ts_ph_Nat_0 (S Z))
03:37:12 [WARN] proved: (S (add1 ?ts_ph_Nat_0 (add3 ?ts_ph_Nat_0 Z))) => (S (add1 ?ts_ph_Nat_0 ?ts_ph_Nat_0))
03:37:12 [WARN] proved: (S (add1 ?ts_ph_Nat_0 ?ts_ph_Nat_0)) => (S (add1 ?ts_ph_Nat_0 (add3 ?ts_ph_Nat_0 Z)))
03:37:12 [WARN] proved: (mul1 (add3 ?ts_ph_Nat_0 Z) (S Z)) => (mul4 ?ts_ph_Nat_0 (S Z))
03:37:12 [WARN] proved: (mul4 ?ts_ph_Nat_0 (S Z)) => (mul1 (add3 ?ts_ph_Nat_0 Z) (S Z))
03:37:12 [WARN] proved: (mul1 (add3 ?ts_ph_Nat_0 Z) (S ?ts_ph_Nat_0)) => (mul1 ?ts_ph_Nat_0 (S ?ts_ph_Nat_0))
03:37:12 [WARN] proved: (mul1 ?ts_ph_Nat_0 (S ?ts_ph_Nat_0)) => (mul1 (add3 ?ts_ph_Nat_0 Z) (S ?ts_ph_Nat_0))
03:37:12 [WARN] proved: (mul4 (S ?ts_ph_Nat_0) ?ts_ph_Nat_0) => (mul4 (S ?ts_ph_Nat_0) (add3 ?ts_ph_Nat_0 Z))
03:37:12 [WARN] proved: (mul4 (S ?ts_ph_Nat_0) (add3 ?ts_ph_Nat_0 Z)) => (mul4 (S ?ts_ph_Nat_0) ?ts_ph_Nat_0)
03:37:12 [WARN] proved: (mul1 (S ?ts_ph_Nat_0) (add3 ?ts_ph_Nat_0 Z)) => (mul1 (S ?ts_ph_Nat_0) ?ts_ph_Nat_0)
03:37:12 [WARN] proved: (mul1 (S ?ts_ph_Nat_0) ?ts_ph_Nat_0) => (mul1 (S ?ts_ph_Nat_0) (add3 ?ts_ph_Nat_0 Z))
03:37:12 [WARN] proved: (mul4 (add3 ?ts_ph_Nat_0 ?ts_ph_Nat_0) (S Z)) => (add3 (add3 ?ts_ph_Nat_0 Z) ?ts_ph_Nat_0)
03:37:12 [WARN] proved: (add3 (add3 ?ts_ph_Nat_0 Z) ?ts_ph_Nat_0) => (mul4 (add3 ?ts_ph_Nat_0 ?ts_ph_Nat_0) (S Z))
03:37:12 [WARN] proved: (add3 (add1 ?ts_ph_Nat_0 ?ts_ph_Nat_0) Z) => (mul1 (add1 ?ts_ph_Nat_0 ?ts_ph_Nat_0) (S Z))
03:37:12 [WARN] proved: (mul1 (add1 ?ts_ph_Nat_0 ?ts_ph_Nat_0) (S Z)) => (add3 (add1 ?ts_ph_Nat_0 ?ts_ph_Nat_0) Z)
03:37:12 [WARN] proved: (add1 ?ts_ph_Nat_0 (add3 ?ts_ph_Nat_0 Z)) => (mul1 (add1 ?ts_ph_Nat_0 ?ts_ph_Nat_0) (S Z))
03:37:12 [WARN] proved: (mul1 (add1 ?ts_ph_Nat_0 ?ts_ph_Nat_0) (S Z)) => (add1 ?ts_ph_Nat_0 (add3 ?ts_ph_Nat_0 Z))
03:37:12 [WARN] proved: (mul1 (mul1 ?ts_ph_Nat_0 ?ts_ph_Nat_0) (S Z)) => (mul1 (add3 ?ts_ph_Nat_0 Z) ?ts_ph_Nat_0)
03:37:12 [WARN] proved: (mul1 (add3 ?ts_ph_Nat_0 Z) ?ts_ph_Nat_0) => (mul1 (mul1 ?ts_ph_Nat_0 ?ts_ph_Nat_0) (S Z))
03:37:12 [WARN] proved: (mul1 (mul4 ?ts_ph_Nat_0 ?ts_ph_Nat_0) (S Z)) => (add3 (mul4 ?ts_ph_Nat_0 ?ts_ph_Nat_0) Z)
03:37:12 [WARN] proved: (add3 (mul4 ?ts_ph_Nat_0 ?ts_ph_Nat_0) Z) => (mul1 (mul4 ?ts_ph_Nat_0 ?ts_ph_Nat_0) (S Z))
03:37:12 [WARN] proved: (mul1 (mul1 ?ts_ph_Nat_0 ?ts_ph_Nat_0) (S Z)) => (mul1 ?ts_ph_Nat_0 (add3 ?ts_ph_Nat_0 Z))
03:37:12 [WARN] proved: (mul1 ?ts_ph_Nat_0 (add3 ?ts_ph_Nat_0 Z)) => (mul1 (mul1 ?ts_ph_Nat_0 ?ts_ph_Nat_0) (S Z))
03:37:12 [WARN] proved: (mul1 (mul1 ?ts_ph_Nat_0 ?ts_ph_Nat_0) (S Z)) => (add3 (mul1 ?ts_ph_Nat_0 ?ts_ph_Nat_0) Z)
03:37:12 [WARN] proved: (add3 (mul1 ?ts_ph_Nat_0 ?ts_ph_Nat_0) Z) => (mul1 (mul1 ?ts_ph_Nat_0 ?ts_ph_Nat_0) (S Z))
03:37:12 [WARN] proved: (mul4 (add3 ?ts_ph_Nat_0 Z) ?ts_ph_Nat_0) => (mul1 (mul4 ?ts_ph_Nat_0 ?ts_ph_Nat_0) (S Z))
03:37:12 [WARN] proved: (mul1 (mul4 ?ts_ph_Nat_0 ?ts_ph_Nat_0) (S Z)) => (mul4 (add3 ?ts_ph_Nat_0 Z) ?ts_ph_Nat_0)
03:37:13 [WARN] proved: (mul4 (add3 ?ts_ph_Nat_0 ?ts_ph_Nat_0) (S Z)) => (mul1 (add3 ?ts_ph_Nat_0 ?ts_ph_Nat_0) (S Z))
03:37:13 [WARN] proved: (mul1 (add3 ?ts_ph_Nat_0 ?ts_ph_Nat_0) (S Z)) => (mul4 (add3 ?ts_ph_Nat_0 ?ts_ph_Nat_0) (S Z))
03:37:13 [WARN] proved: (add3 (add3 ?ts_ph_Nat_0 Z) (S ?ts_ph_Nat_0)) => (add1 (add3 ?ts_ph_Nat_0 ?ts_ph_Nat_0) (S Z))
03:37:13 [WARN] proved: (add1 (add3 ?ts_ph_Nat_0 ?ts_ph_Nat_0) (S Z)) => (add3 (add3 ?ts_ph_Nat_0 Z) (S ?ts_ph_Nat_0))
03:37:13 [WARN] generalized case_split proof as: (mul1 ?ts_ph_Nat_0 (add3 ?ts_ph_Nat_1 ?ts_ph_Nat_2)) -- (mul1 (add3 ?ts_ph_Nat_0 Z) (add3 ?ts_ph_Nat_1 ?ts_ph_Nat_2))
03:37:13 [WARN] proved: (mul1 ?ts_ph_Nat_0 (add3 ?ts_ph_Nat_1 ?ts_ph_Nat_2)) => (mul1 (add3 ?ts_ph_Nat_0 Z) (add3 ?ts_ph_Nat_1 ?ts_ph_Nat_2))
03:37:13 [WARN] proved: (mul1 (add3 ?ts_ph_Nat_0 Z) (add3 ?ts_ph_Nat_1 ?ts_ph_Nat_2)) => (mul1 ?ts_ph_Nat_0 (add3 ?ts_ph_Nat_1 ?ts_ph_Nat_2))
03:37:13 [WARN] generalized case_split proof as: (mul1 ?ts_ph_Nat_0 (mul4 ?ts_ph_Nat_1 ?ts_ph_Nat_2)) -- (mul1 (add3 ?ts_ph_Nat_0 Z) (mul4 ?ts_ph_Nat_1 ?ts_ph_Nat_2))
03:37:13 [WARN] proved: (mul1 ?ts_ph_Nat_0 (mul4 ?ts_ph_Nat_1 ?ts_ph_Nat_2)) => (mul1 (add3 ?ts_ph_Nat_0 Z) (mul4 ?ts_ph_Nat_1 ?ts_ph_Nat_2))
03:37:13 [WARN] proved: (mul1 (add3 ?ts_ph_Nat_0 Z) (mul4 ?ts_ph_Nat_1 ?ts_ph_Nat_2)) => (mul1 ?ts_ph_Nat_0 (mul4 ?ts_ph_Nat_1 ?ts_ph_Nat_2))
03:37:14 [WARN] generalized case_split proof as: (add3 ?ts_ph_Nat_0 (add1 ?ts_ph_Nat_1 ?ts_ph_Nat_2)) -- (add3 (add3 ?ts_ph_Nat_0 Z) (add1 ?ts_ph_Nat_1 ?ts_ph_Nat_2))
03:37:14 [WARN] proved: (add3 ?ts_ph_Nat_0 (add1 ?ts_ph_Nat_1 ?ts_ph_Nat_2)) => (add3 (add3 ?ts_ph_Nat_0 Z) (add1 ?ts_ph_Nat_1 ?ts_ph_Nat_2))
03:37:14 [WARN] proved: (add3 (add3 ?ts_ph_Nat_0 Z) (add1 ?ts_ph_Nat_1 ?ts_ph_Nat_2)) => (add3 ?ts_ph_Nat_0 (add1 ?ts_ph_Nat_1 ?ts_ph_Nat_2))
03:37:14 [WARN] generalized case_split proof as: (add1 (add3 ?ts_ph_Nat_1 ?ts_ph_Nat_2) ?ts_ph_Nat_0) -- (add1 (add3 ?ts_ph_Nat_1 ?ts_ph_Nat_2) (add3 ?ts_ph_Nat_0 Z))
03:37:14 [WARN] proved: (add1 (add3 ?ts_ph_Nat_1 ?ts_ph_Nat_2) ?ts_ph_Nat_0) => (add1 (add3 ?ts_ph_Nat_1 ?ts_ph_Nat_2) (add3 ?ts_ph_Nat_0 Z))
03:37:14 [WARN] proved: (add1 (add3 ?ts_ph_Nat_1 ?ts_ph_Nat_2) (add3 ?ts_ph_Nat_0 Z)) => (add1 (add3 ?ts_ph_Nat_1 ?ts_ph_Nat_2) ?ts_ph_Nat_0)
03:37:14 [WARN] generalized case_split proof as: (mul4 (add3 ?ts_ph_Nat_0 Z) (add3 ?ts_ph_Nat_1 ?ts_ph_Nat_2)) -- (mul4 ?ts_ph_Nat_0 (add3 ?ts_ph_Nat_1 ?ts_ph_Nat_2))
03:37:14 [WARN] proved: (mul4 (add3 ?ts_ph_Nat_0 Z) (add3 ?ts_ph_Nat_1 ?ts_ph_Nat_2)) => (mul4 ?ts_ph_Nat_0 (add3 ?ts_ph_Nat_1 ?ts_ph_Nat_2))
03:37:14 [WARN] proved: (mul4 ?ts_ph_Nat_0 (add3 ?ts_ph_Nat_1 ?ts_ph_Nat_2)) => (mul4 (add3 ?ts_ph_Nat_0 Z) (add3 ?ts_ph_Nat_1 ?ts_ph_Nat_2))
03:37:14 [WARN] generalized case_split proof as: (add1 ?ts_ph_Nat_0 (add3 ?ts_ph_Nat_1 ?ts_ph_Nat_2)) -- (add1 (add3 ?ts_ph_Nat_0 Z) (add3 ?ts_ph_Nat_1 ?ts_ph_Nat_2))
03:37:14 [WARN] proved: (add1 ?ts_ph_Nat_0 (add3 ?ts_ph_Nat_1 ?ts_ph_Nat_2)) => (add1 (add3 ?ts_ph_Nat_0 Z) (add3 ?ts_ph_Nat_1 ?ts_ph_Nat_2))
03:37:14 [WARN] proved: (add1 (add3 ?ts_ph_Nat_0 Z) (add3 ?ts_ph_Nat_1 ?ts_ph_Nat_2)) => (add1 ?ts_ph_Nat_0 (add3 ?ts_ph_Nat_1 ?ts_ph_Nat_2))
03:37:14 [WARN] generalized case_split proof as: (mul4 (add1 ?ts_ph_Nat_1 ?ts_ph_Nat_2) (add3 ?ts_ph_Nat_0 Z)) -- (mul4 (add1 ?ts_ph_Nat_1 ?ts_ph_Nat_2) ?ts_ph_Nat_0)
03:37:14 [WARN] proved: (mul4 (add1 ?ts_ph_Nat_1 ?ts_ph_Nat_2) (add3 ?ts_ph_Nat_0 Z)) => (mul4 (add1 ?ts_ph_Nat_1 ?ts_ph_Nat_2) ?ts_ph_Nat_0)
03:37:14 [WARN] proved: (mul4 (add1 ?ts_ph_Nat_1 ?ts_ph_Nat_2) ?ts_ph_Nat_0) => (mul4 (add1 ?ts_ph_Nat_1 ?ts_ph_Nat_2) (add3 ?ts_ph_Nat_0 Z))
03:37:14 [WARN] generalized case_split proof as: (add3 (add1 ?ts_ph_Nat_1 ?ts_ph_Nat_2) ?ts_ph_Nat_0) -- (add3 (add1 ?ts_ph_Nat_1 ?ts_ph_Nat_2) (add3 ?ts_ph_Nat_0 Z))
03:37:14 [WARN] proved: (add3 (add1 ?ts_ph_Nat_1 ?ts_ph_Nat_2) ?ts_ph_Nat_0) => (add3 (add1 ?ts_ph_Nat_1 ?ts_ph_Nat_2) (add3 ?ts_ph_Nat_0 Z))
03:37:14 [WARN] proved: (add3 (add1 ?ts_ph_Nat_1 ?ts_ph_Nat_2) (add3 ?ts_ph_Nat_0 Z)) => (add3 (add1 ?ts_ph_Nat_1 ?ts_ph_Nat_2) ?ts_ph_Nat_0)
03:37:14 [WARN] generalized case_split proof as: (mul1 (mul1 ?ts_ph_Nat_1 ?ts_ph_Nat_2) (add3 ?ts_ph_Nat_0 Z)) -- (mul1 (mul1 ?ts_ph_Nat_1 ?ts_ph_Nat_2) ?ts_ph_Nat_0)
03:37:14 [WARN] proved: (mul1 (mul1 ?ts_ph_Nat_1 ?ts_ph_Nat_2) (add3 ?ts_ph_Nat_0 Z)) => (mul1 (mul1 ?ts_ph_Nat_1 ?ts_ph_Nat_2) ?ts_ph_Nat_0)
03:37:14 [WARN] proved: (mul1 (mul1 ?ts_ph_Nat_1 ?ts_ph_Nat_2) ?ts_ph_Nat_0) => (mul1 (mul1 ?ts_ph_Nat_1 ?ts_ph_Nat_2) (add3 ?ts_ph_Nat_0 Z))
03:37:14 [WARN] generalized case_split proof as: (mul4 ?ts_ph_Nat_0 (add1 ?ts_ph_Nat_1 ?ts_ph_Nat_2)) -- (mul4 (add3 ?ts_ph_Nat_0 Z) (add1 ?ts_ph_Nat_1 ?ts_ph_Nat_2))
03:37:14 [WARN] proved: (mul4 ?ts_ph_Nat_0 (add1 ?ts_ph_Nat_1 ?ts_ph_Nat_2)) => (mul4 (add3 ?ts_ph_Nat_0 Z) (add1 ?ts_ph_Nat_1 ?ts_ph_Nat_2))
03:37:14 [WARN] proved: (mul4 (add3 ?ts_ph_Nat_0 Z) (add1 ?ts_ph_Nat_1 ?ts_ph_Nat_2)) => (mul4 ?ts_ph_Nat_0 (add1 ?ts_ph_Nat_1 ?ts_ph_Nat_2))
03:37:14 [WARN] generalized case_split proof as: (mul4 (mul1 ?ts_ph_Nat_1 ?ts_ph_Nat_2) (add3 ?ts_ph_Nat_0 Z)) -- (mul4 (mul1 ?ts_ph_Nat_1 ?ts_ph_Nat_2) ?ts_ph_Nat_0)
03:37:14 [WARN] proved: (mul4 (mul1 ?ts_ph_Nat_1 ?ts_ph_Nat_2) (add3 ?ts_ph_Nat_0 Z)) => (mul4 (mul1 ?ts_ph_Nat_1 ?ts_ph_Nat_2) ?ts_ph_Nat_0)
03:37:14 [WARN] proved: (mul4 (mul1 ?ts_ph_Nat_1 ?ts_ph_Nat_2) ?ts_ph_Nat_0) => (mul4 (mul1 ?ts_ph_Nat_1 ?ts_ph_Nat_2) (add3 ?ts_ph_Nat_0 Z))
03:37:14 [WARN] generalized case_split proof as: (mul4 (add3 ?ts_ph_Nat_1 ?ts_ph_Nat_2) ?ts_ph_Nat_0) -- (mul4 (add3 ?ts_ph_Nat_1 ?ts_ph_Nat_2) (add3 ?ts_ph_Nat_0 Z))
03:37:14 [WARN] proved: (mul4 (add3 ?ts_ph_Nat_1 ?ts_ph_Nat_2) ?ts_ph_Nat_0) => (mul4 (add3 ?ts_ph_Nat_1 ?ts_ph_Nat_2) (add3 ?ts_ph_Nat_0 Z))
03:37:14 [WARN] proved: (mul4 (add3 ?ts_ph_Nat_1 ?ts_ph_Nat_2) (add3 ?ts_ph_Nat_0 Z)) => (mul4 (add3 ?ts_ph_Nat_1 ?ts_ph_Nat_2) ?ts_ph_Nat_0)
03:37:14 [WARN] generalized case_split proof as: (add3 (add3 ?ts_ph_Nat_1 ?ts_ph_Nat_2) (add3 ?ts_ph_Nat_0 Z)) -- (add3 (add3 ?ts_ph_Nat_1 ?ts_ph_Nat_2) ?ts_ph_Nat_0)
03:37:14 [WARN] proved: (add3 (add3 ?ts_ph_Nat_1 ?ts_ph_Nat_2) (add3 ?ts_ph_Nat_0 Z)) => (add3 (add3 ?ts_ph_Nat_1 ?ts_ph_Nat_2) ?ts_ph_Nat_0)
03:37:14 [WARN] proved: (add3 (add3 ?ts_ph_Nat_1 ?ts_ph_Nat_2) ?ts_ph_Nat_0) => (add3 (add3 ?ts_ph_Nat_1 ?ts_ph_Nat_2) (add3 ?ts_ph_Nat_0 Z))
03:37:14 [WARN] generalized case_split proof as: (add3 (add3 ?ts_ph_Nat_0 ?ts_ph_Nat_0) (mul4 ?ts_ph_Nat_1 ?ts_ph_Nat_2)) -- (add1 (add3 ?ts_ph_Nat_0 ?ts_ph_Nat_0) (mul4 ?ts_ph_Nat_1 ?ts_ph_Nat_2))
03:37:14 [WARN] proved: (add3 (add3 ?ts_ph_Nat_0 ?ts_ph_Nat_0) (mul4 ?ts_ph_Nat_1 ?ts_ph_Nat_2)) => (add1 (add3 ?ts_ph_Nat_0 ?ts_ph_Nat_0) (mul4 ?ts_ph_Nat_1 ?ts_ph_Nat_2))
03:37:14 [WARN] proved: (add1 (add3 ?ts_ph_Nat_0 ?ts_ph_Nat_0) (mul4 ?ts_ph_Nat_1 ?ts_ph_Nat_2)) => (add3 (add3 ?ts_ph_Nat_0 ?ts_ph_Nat_0) (mul4 ?ts_ph_Nat_1 ?ts_ph_Nat_2))
03:37:15 [WARN] proved: (add1 (add3 ?ts_ph_Nat_0 Z) (mul1 ?ts_ph_Nat_1 ?ts_ph_Nat_0)) => (mul1 (S ?ts_ph_Nat_1) ?ts_ph_Nat_0)
03:37:15 [WARN] proved: (mul1 (S ?ts_ph_Nat_1) ?ts_ph_Nat_0) => (add1 (add3 ?ts_ph_Nat_0 Z) (mul1 ?ts_ph_Nat_1 ?ts_ph_Nat_0))
03:37:15 [WARN] proved: (mul1 (add3 ?ts_ph_Nat_1 ?ts_ph_Nat_0) (add3 ?ts_ph_Nat_0 Z)) => (mul1 (add3 ?ts_ph_Nat_1 ?ts_ph_Nat_0) ?ts_ph_Nat_0)
03:37:15 [WARN] proved: (mul1 (add3 ?ts_ph_Nat_1 ?ts_ph_Nat_0) ?ts_ph_Nat_0) => (mul1 (add3 ?ts_ph_Nat_1 ?ts_ph_Nat_0) (add3 ?ts_ph_Nat_0 Z))
03:37:15 [WARN] proved: (mul4 (add3 ?ts_ph_Nat_0 Z) (mul1 ?ts_ph_Nat_0 ?ts_ph_Nat_1)) => (mul4 ?ts_ph_Nat_0 (mul1 ?ts_ph_Nat_0 ?ts_ph_Nat_1))
03:37:15 [WARN] proved: (mul4 ?ts_ph_Nat_0 (mul1 ?ts_ph_Nat_0 ?ts_ph_Nat_1)) => (mul4 (add3 ?ts_ph_Nat_0 Z) (mul1 ?ts_ph_Nat_0 ?ts_ph_Nat_1))
03:37:15 [WARN] proved: (mul4 (add3 ?ts_ph_Nat_0 Z) (mul4 ?ts_ph_Nat_1 ?ts_ph_Nat_0)) => (mul4 ?ts_ph_Nat_0 (mul4 ?ts_ph_Nat_1 ?ts_ph_Nat_0))
03:37:15 [WARN] proved: (mul4 ?ts_ph_Nat_0 (mul4 ?ts_ph_Nat_1 ?ts_ph_Nat_0)) => (mul4 (add3 ?ts_ph_Nat_0 Z) (mul4 ?ts_ph_Nat_1 ?ts_ph_Nat_0))
03:37:15 [WARN] proved: (add3 ?ts_ph_Nat_0 (add3 ?ts_ph_Nat_1 ?ts_ph_Nat_0)) => (add3 (add3 ?ts_ph_Nat_0 Z) (add3 ?ts_ph_Nat_1 ?ts_ph_Nat_0))
03:37:15 [WARN] proved: (add3 (add3 ?ts_ph_Nat_0 Z) (add3 ?ts_ph_Nat_1 ?ts_ph_Nat_0)) => (add3 ?ts_ph_Nat_0 (add3 ?ts_ph_Nat_1 ?ts_ph_Nat_0))
03:37:15 [WARN] proved: (add1 (add3 ?ts_ph_Nat_0 Z) (add1 ?ts_ph_Nat_1 ?ts_ph_Nat_0)) => (add1 ?ts_ph_Nat_0 (add1 ?ts_ph_Nat_1 ?ts_ph_Nat_0))
03:37:15 [WARN] proved: (add1 ?ts_ph_Nat_0 (add1 ?ts_ph_Nat_1 ?ts_ph_Nat_0)) => (add1 (add3 ?ts_ph_Nat_0 Z) (add1 ?ts_ph_Nat_1 ?ts_ph_Nat_0))
03:37:15 [WARN] proved: (add1 (add1 ?ts_ph_Nat_0 ?ts_ph_Nat_1) (add3 ?ts_ph_Nat_0 Z)) => (add1 (add1 ?ts_ph_Nat_0 ?ts_ph_Nat_1) ?ts_ph_Nat_0)
03:37:15 [WARN] proved: (add1 (add1 ?ts_ph_Nat_0 ?ts_ph_Nat_1) ?ts_ph_Nat_0) => (add1 (add1 ?ts_ph_Nat_0 ?ts_ph_Nat_1) (add3 ?ts_ph_Nat_0 Z))
03:37:15 [WARN] proved: (add3 (add3 ?ts_ph_Nat_0 Z) (add3 ?ts_ph_Nat_0 ?ts_ph_Nat_1)) => (add3 ?ts_ph_Nat_0 (add3 ?ts_ph_Nat_0 ?ts_ph_Nat_1))
03:37:15 [WARN] proved: (add3 ?ts_ph_Nat_0 (add3 ?ts_ph_Nat_0 ?ts_ph_Nat_1)) => (add3 (add3 ?ts_ph_Nat_0 Z) (add3 ?ts_ph_Nat_0 ?ts_ph_Nat_1))
03:37:15 [WARN] proved: (add3 (add3 ?ts_ph_Nat_0 Z) (add1 ?ts_ph_Nat_0 ?ts_ph_Nat_1)) => (add1 (add3 ?ts_ph_Nat_0 ?ts_ph_Nat_0) ?ts_ph_Nat_1)
03:37:15 [WARN] proved: (add1 (add3 ?ts_ph_Nat_0 ?ts_ph_Nat_0) ?ts_ph_Nat_1) => (add3 (add3 ?ts_ph_Nat_0 Z) (add1 ?ts_ph_Nat_0 ?ts_ph_Nat_1))
03:37:15 [WARN] proved: (add1 (mul1 ?ts_ph_Nat_1 ?ts_ph_Nat_0) (add3 ?ts_ph_Nat_0 Z)) => (add1 (mul1 ?ts_ph_Nat_1 ?ts_ph_Nat_0) ?ts_ph_Nat_0)
03:37:15 [WARN] proved: (add1 (mul1 ?ts_ph_Nat_1 ?ts_ph_Nat_0) ?ts_ph_Nat_0) => (add1 (mul1 ?ts_ph_Nat_1 ?ts_ph_Nat_0) (add3 ?ts_ph_Nat_0 Z))
03:37:15 [WARN] proved: (mul1 (add1 ?ts_ph_Nat_1 ?ts_ph_Nat_0) (add3 ?ts_ph_Nat_0 Z)) => (mul1 (add1 ?ts_ph_Nat_1 ?ts_ph_Nat_0) ?ts_ph_Nat_0)
03:37:15 [WARN] proved: (mul1 (add1 ?ts_ph_Nat_1 ?ts_ph_Nat_0) ?ts_ph_Nat_0) => (mul1 (add1 ?ts_ph_Nat_1 ?ts_ph_Nat_0) (add3 ?ts_ph_Nat_0 Z))
03:37:15 [WARN] proved: (add1 (mul1 ?ts_ph_Nat_0 ?ts_ph_Nat_1) (add3 ?ts_ph_Nat_0 Z)) => (add1 (mul1 ?ts_ph_Nat_0 ?ts_ph_Nat_1) ?ts_ph_Nat_0)
03:37:15 [WARN] proved: (add1 (mul1 ?ts_ph_Nat_0 ?ts_ph_Nat_1) ?ts_ph_Nat_0) => (add1 (mul1 ?ts_ph_Nat_0 ?ts_ph_Nat_1) (add3 ?ts_ph_Nat_0 Z))
03:37:15 [WARN] proved: (mul1 (mul4 ?ts_ph_Nat_1 ?ts_ph_Nat_0) (add3 ?ts_ph_Nat_0 Z)) => (mul1 (mul4 ?ts_ph_Nat_1 ?ts_ph_Nat_0) ?ts_ph_Nat_0)
03:37:15 [WARN] proved: (mul1 (mul4 ?ts_ph_Nat_1 ?ts_ph_Nat_0) ?ts_ph_Nat_0) => (mul1 (mul4 ?ts_ph_Nat_1 ?ts_ph_Nat_0) (add3 ?ts_ph_Nat_0 Z))
03:37:15 [WARN] proved: (add3 ?ts_ph_Nat_0 (add3 ?ts_ph_Nat_1 Z)) => (add3 (add3 ?ts_ph_Nat_0 Z) (add3 ?ts_ph_Nat_1 Z))
03:37:15 [WARN] proved: (add3 (add3 ?ts_ph_Nat_0 Z) (add3 ?ts_ph_Nat_1 Z)) => (add3 ?ts_ph_Nat_0 (add3 ?ts_ph_Nat_1 Z))
03:37:15 [WARN] proved: (add1 (add3 ?ts_ph_Nat_0 Z) (mul4 ?ts_ph_Nat_0 ?ts_ph_Nat_1)) => (add1 ?ts_ph_Nat_0 (mul4 ?ts_ph_Nat_0 ?ts_ph_Nat_1))
03:37:15 [WARN] proved: (add1 ?ts_ph_Nat_0 (mul4 ?ts_ph_Nat_0 ?ts_ph_Nat_1)) => (add1 (add3 ?ts_ph_Nat_0 Z) (mul4 ?ts_ph_Nat_0 ?ts_ph_Nat_1))
03:37:15 [WARN] proved: (add3 ?ts_ph_Nat_0 (mul4 ?ts_ph_Nat_0 ?ts_ph_Nat_1)) => (add3 (add3 ?ts_ph_Nat_0 Z) (mul4 ?ts_ph_Nat_0 ?ts_ph_Nat_1))
03:37:15 [WARN] proved: (add3 (add3 ?ts_ph_Nat_0 Z) (mul4 ?ts_ph_Nat_0 ?ts_ph_Nat_1)) => (add3 ?ts_ph_Nat_0 (mul4 ?ts_ph_Nat_0 ?ts_ph_Nat_1))
03:37:15 [WARN] proved: (mul1 (mul4 ?ts_ph_Nat_0 ?ts_ph_Nat_1) ?ts_ph_Nat_0) => (mul1 (mul4 ?ts_ph_Nat_0 ?ts_ph_Nat_1) (add3 ?ts_ph_Nat_0 Z))
03:37:15 [WARN] proved: (mul1 (mul4 ?ts_ph_Nat_0 ?ts_ph_Nat_1) (add3 ?ts_ph_Nat_0 Z)) => (mul1 (mul4 ?ts_ph_Nat_0 ?ts_ph_Nat_1) ?ts_ph_Nat_0)
03:37:15 [WARN] proved: (mul4 (mul4 ?ts_ph_Nat_1 ?ts_ph_Nat_0) (add3 ?ts_ph_Nat_0 Z)) => (mul4 (mul4 ?ts_ph_Nat_1 ?ts_ph_Nat_0) ?ts_ph_Nat_0)
03:37:15 [WARN] proved: (mul4 (mul4 ?ts_ph_Nat_1 ?ts_ph_Nat_0) ?ts_ph_Nat_0) => (mul4 (mul4 ?ts_ph_Nat_1 ?ts_ph_Nat_0) (add3 ?ts_ph_Nat_0 Z))
03:37:15 [WARN] proved: (add1 (add1 ?ts_ph_Nat_1 ?ts_ph_Nat_0) (add3 ?ts_ph_Nat_0 Z)) => (add1 (add1 ?ts_ph_Nat_1 ?ts_ph_Nat_0) ?ts_ph_Nat_0)
03:37:15 [WARN] proved: (add1 (add1 ?ts_ph_Nat_1 ?ts_ph_Nat_0) ?ts_ph_Nat_0) => (add1 (add1 ?ts_ph_Nat_1 ?ts_ph_Nat_0) (add3 ?ts_ph_Nat_0 Z))
03:37:15 [WARN] proved: (add1 (add3 ?ts_ph_Nat_0 Z) (mul1 ?ts_ph_Nat_0 ?ts_ph_Nat_1)) => (add1 ?ts_ph_Nat_0 (mul1 ?ts_ph_Nat_0 ?ts_ph_Nat_1))
03:37:15 [WARN] proved: (add1 ?ts_ph_Nat_0 (mul1 ?ts_ph_Nat_0 ?ts_ph_Nat_1)) => (add1 (add3 ?ts_ph_Nat_0 Z) (mul1 ?ts_ph_Nat_0 ?ts_ph_Nat_1))
03:37:15 [WARN] proved: (add3 (add3 ?ts_ph_Nat_0 Z) (mul1 ?ts_ph_Nat_0 ?ts_ph_Nat_1)) => (add3 ?ts_ph_Nat_0 (mul1 ?ts_ph_Nat_0 ?ts_ph_Nat_1))
03:37:15 [WARN] proved: (add3 ?ts_ph_Nat_0 (mul1 ?ts_ph_Nat_0 ?ts_ph_Nat_1)) => (add3 (add3 ?ts_ph_Nat_0 Z) (mul1 ?ts_ph_Nat_0 ?ts_ph_Nat_1))
03:37:15 [WARN] proved: (mul1 (add1 ?ts_ph_Nat_0 ?ts_ph_Nat_1) ?ts_ph_Nat_0) => (mul1 (add1 ?ts_ph_Nat_0 ?ts_ph_Nat_1) (add3 ?ts_ph_Nat_0 Z))
03:37:15 [WARN] proved: (mul1 (add1 ?ts_ph_Nat_0 ?ts_ph_Nat_1) (add3 ?ts_ph_Nat_0 Z)) => (mul1 (add1 ?ts_ph_Nat_0 ?ts_ph_Nat_1) ?ts_ph_Nat_0)
03:37:16 [WARN] proved: (add3 (add3 ?ts_ph_Nat_0 Z) (mul4 ?ts_ph_Nat_1 ?ts_ph_Nat_0)) => (add3 ?ts_ph_Nat_0 (mul4 ?ts_ph_Nat_1 ?ts_ph_Nat_0))
03:37:16 [WARN] proved: (add3 ?ts_ph_Nat_0 (mul4 ?ts_ph_Nat_1 ?ts_ph_Nat_0)) => (add3 (add3 ?ts_ph_Nat_0 Z) (mul4 ?ts_ph_Nat_1 ?ts_ph_Nat_0))
03:37:16 [WARN] proved: (add1 (add3 ?ts_ph_Nat_0 Z) (mul1 ?ts_ph_Nat_1 ?ts_ph_Nat_0)) => (mul1 (S ?ts_ph_Nat_1) (add3 ?ts_ph_Nat_0 Z))
03:37:16 [WARN] proved: (mul1 (S ?ts_ph_Nat_1) (add3 ?ts_ph_Nat_0 Z)) => (add1 (add3 ?ts_ph_Nat_0 Z) (mul1 ?ts_ph_Nat_1 ?ts_ph_Nat_0))
03:37:18 [WARN] proved: (add3 (add3 ?ts_ph_Nat_0 ?ts_ph_Nat_0) (add3 ?ts_ph_Nat_1 ?ts_ph_Nat_0)) => (add1 (add3 ?ts_ph_Nat_0 ?ts_ph_Nat_0) (add3 ?ts_ph_Nat_1 ?ts_ph_Nat_0))
03:37:18 [WARN] proved: (add1 (add3 ?ts_ph_Nat_0 ?ts_ph_Nat_0) (add3 ?ts_ph_Nat_1 ?ts_ph_Nat_0)) => (add3 (add3 ?ts_ph_Nat_0 ?ts_ph_Nat_0) (add3 ?ts_ph_Nat_1 ?ts_ph_Nat_0))
03:37:19 [WARN] proved: (add1 (add3 ?ts_ph_Nat_0 ?ts_ph_Nat_0) (add3 ?ts_ph_Nat_0 ?ts_ph_Nat_1)) => (add3 (add3 ?ts_ph_Nat_0 ?ts_ph_Nat_0) (add3 ?ts_ph_Nat_0 ?ts_ph_Nat_1))
03:37:19 [WARN] proved: (add3 (add3 ?ts_ph_Nat_0 ?ts_ph_Nat_0) (add3 ?ts_ph_Nat_0 ?ts_ph_Nat_1)) => (add1 (add3 ?ts_ph_Nat_0 ?ts_ph_Nat_0) (add3 ?ts_ph_Nat_0 ?ts_ph_Nat_1))
03:37:21 [WARN] proved: (mul1 (add3 ?ts_ph_Nat_0 Z) (add1 ?ts_ph_Nat_0 ?ts_ph_Nat_0)) => (mul1 ?ts_ph_Nat_0 (add1 ?ts_ph_Nat_0 ?ts_ph_Nat_0))
03:37:21 [WARN] proved: (mul1 ?ts_ph_Nat_0 (add1 ?ts_ph_Nat_0 ?ts_ph_Nat_0)) => (mul1 (add3 ?ts_ph_Nat_0 Z) (add1 ?ts_ph_Nat_0 ?ts_ph_Nat_0))
03:37:23 [WARN] proved: (add3 (add1 ?ts_ph_Nat_0 ?ts_ph_Nat_0) (add3 ?ts_ph_Nat_0 Z)) => (add3 ?ts_ph_Nat_0 (add1 ?ts_ph_Nat_0 ?ts_ph_Nat_0))
03:37:23 [WARN] proved: (add3 ?ts_ph_Nat_0 (add1 ?ts_ph_Nat_0 ?ts_ph_Nat_0)) => (add3 (add1 ?ts_ph_Nat_0 ?ts_ph_Nat_0) (add3 ?ts_ph_Nat_0 Z))
03:37:23 [WARN] proved: (add3 (add3 ?ts_ph_Nat_0 Z) (add3 ?ts_ph_Nat_0 ?ts_ph_Nat_0)) => (add3 ?ts_ph_Nat_0 (add1 ?ts_ph_Nat_0 ?ts_ph_Nat_0))
03:37:23 [WARN] proved: (add3 ?ts_ph_Nat_0 (add1 ?ts_ph_Nat_0 ?ts_ph_Nat_0)) => (add3 (add3 ?ts_ph_Nat_0 Z) (add3 ?ts_ph_Nat_0 ?ts_ph_Nat_0))
03:37:32 [WARN] proved: (add3 ?ts_ph_Nat_1 ?ts_ph_Nat_0) => (add3 ?ts_ph_Nat_0 ?ts_ph_Nat_1)
03:37:32 [WARN] proved: (add3 ?ts_ph_Nat_0 ?ts_ph_Nat_1) => (add3 ?ts_ph_Nat_1 ?ts_ph_Nat_0)
03:37:32 [WARN] proved: (add3 ?ts_ph_Nat_0 ?ts_ph_Nat_1) => (add1 ?ts_ph_Nat_0 ?ts_ph_Nat_1)
03:37:32 [WARN] proved: (add1 ?ts_ph_Nat_0 ?ts_ph_Nat_1) => (add3 ?ts_ph_Nat_0 ?ts_ph_Nat_1)
03:37:32 [WARN] Found all lemmas
