04:44:35 [0m[33m[WARN] [0mCollecting statistics
(add1 Z ?y) => ?y
(add1 (S ?x) ?y) => (S (add1 ?x ?y))
(mul1 Z ?n2) => Z
(mul1 (S ?n) ?n2) => (add1 ?n2 (mul1 ?n ?n2))
(sol116 ?n1 ?n2) => (natmul-helper ?n1 ?n2 Z)
(natmul-helper ?n1 Z ?result) => ?result
(natmul-helper Z ?n2 ?result) => ?result
(natmul-helper (S ?v1) ?n2 ?result) => (natmul-helper ?v1 ?n2 (add1 ?result ?n2))
04:44:35 [0m[33m[WARN] [0m ex is: Z
04:44:35 [0m[33m[WARN] [0m ex is: (S Z)
04:44:35 [0m[33m[WARN] [0m ex is: (S (S Z))
04:44:35 [0m[33m[WARN] [0mRunning exploration without proof mode, but goals were given
04:44:35 [0m[33m[WARN] [0mProof mode: true
04:44:35 [0m[33m[WARN] [0m ex is: Z
04:44:35 [0m[33m[WARN] [0m ex is: (S Z)
04:44:35 [0m[33m[WARN] [0m ex is: (S (S Z))
04:44:35 [0m[33m[WARN] [0mRunning exploration without proof mode, but goals were given
04:44:35 [0m[33m[WARN] [0mProof mode: true
04:44:35 [0m[33m[WARN] [0mproved: (add1 ?ts_ph_Nat_0 Z) => ?ts_ph_Nat_0
04:44:35 [0m[33m[WARN] [0mproved: (mul1 ?ts_ph_Nat_0 Z) => Z
04:44:38 [0m[33m[WARN] [0mgeneralized case_split proof as: (add1 (add1 ?ts_ph_Nat_0 ?ts_ph_Nat_1) ?ts_ph_Nat_2) -- (add1 ?ts_ph_Nat_0 (add1 ?ts_ph_Nat_1 ?ts_ph_Nat_2))
04:44:38 [0m[33m[WARN] [0mproved: (add1 (add1 ?ts_ph_Nat_0 ?ts_ph_Nat_1) ?ts_ph_Nat_2) => (add1 ?ts_ph_Nat_0 (add1 ?ts_ph_Nat_1 ?ts_ph_Nat_2))
04:44:38 [0m[33m[WARN] [0mproved: (add1 ?ts_ph_Nat_0 (add1 ?ts_ph_Nat_1 ?ts_ph_Nat_2)) => (add1 (add1 ?ts_ph_Nat_0 ?ts_ph_Nat_1) ?ts_ph_Nat_2)
04:44:38 [0m[33m[WARN] [0mproved: (S ?ts_ph_Nat_0) => (S (mul1 ?ts_ph_Nat_0 (S Z)))
04:44:38 [0m[33m[WARN] [0mproved: (S (mul1 ?ts_ph_Nat_0 (S Z))) => (S ?ts_ph_Nat_0)
04:44:38 [0m[33m[WARN] [0mproved: (S (S ?ts_ph_Nat_0)) => (S (add1 ?ts_ph_Nat_0 (S Z)))
04:44:38 [0m[33m[WARN] [0mproved: (S (add1 ?ts_ph_Nat_0 (S Z))) => (S (S ?ts_ph_Nat_0))
04:44:38 [0m[33m[WARN] [0mproved: (add1 ?ts_ph_Nat_0 (S Z)) => (S (mul1 ?ts_ph_Nat_0 (S Z)))
04:44:38 [0m[33m[WARN] [0mproved: (S (mul1 ?ts_ph_Nat_0 (S Z))) => (add1 ?ts_ph_Nat_0 (S Z))
04:44:41 [0m[33m[WARN] [0mproved: (mul1 ?ts_ph_Nat_0 ?ts_ph_Nat_0) => (mul1 (mul1 ?ts_ph_Nat_0 ?ts_ph_Nat_0) (S Z))
04:44:41 [0m[33m[WARN] [0mproved: (mul1 (mul1 ?ts_ph_Nat_0 ?ts_ph_Nat_0) (S Z)) => (mul1 ?ts_ph_Nat_0 ?ts_ph_Nat_0)
04:45:03 [0m[33m[WARN] [0mproved: (natmul-helper (add1 ?ts_ph_Nat_0 ?ts_ph_Nat_1) (S Z) (S Z)) => (natmul-helper (S ?ts_ph_Nat_1) (S Z) ?ts_ph_Nat_0)
04:45:03 [0m[33m[WARN] [0mproved: (natmul-helper (S ?ts_ph_Nat_1) (S Z) ?ts_ph_Nat_0) => (natmul-helper (add1 ?ts_ph_Nat_0 ?ts_ph_Nat_1) (S Z) (S Z))
