08:43:03 [WARN] Collecting statistics
08:43:03 [WARN]  ex is: Z
08:43:03 [WARN]  ex is: (S Z)
08:43:03 [WARN]  ex is: (S (S Z))
08:43:03 [WARN] Running exploration without proof mode, but goals were given
08:43:03 [WARN] Proof mode: true
08:43:03 [WARN]  ex is: Z
08:43:03 [WARN]  ex is: (S Z)
08:43:03 [WARN]  ex is: (S (S Z))
08:43:03 [WARN] Running exploration without proof mode, but goals were given
08:43:03 [WARN] Proof mode: true
08:43:03 [WARN] proved: (add1 ?ts_ph_Nat_0 Z) => ?ts_ph_Nat_0
08:43:03 [WARN] proved: (mul3 ?ts_ph_Nat_0 Z) => (mul1 ?ts_ph_Nat_0 Z)
08:43:03 [WARN] proved: (mul1 ?ts_ph_Nat_0 Z) => (mul3 ?ts_ph_Nat_0 Z)
08:43:03 [WARN] proved: (mul1 ?ts_ph_Nat_0 Z) => Z
08:43:03 [WARN] proved: (S (add3 ?ts_ph_Nat_0 ?ts_ph_Nat_1)) => (add3 ?ts_ph_Nat_0 (S ?ts_ph_Nat_1))
08:43:03 [WARN] proved: (add3 ?ts_ph_Nat_0 (S ?ts_ph_Nat_1)) => (S (add3 ?ts_ph_Nat_0 ?ts_ph_Nat_1))
08:43:03 [WARN] proved: (S (add3 ?ts_ph_Nat_0 ?ts_ph_Nat_1)) => (add1 ?ts_ph_Nat_0 (S ?ts_ph_Nat_1))
08:43:03 [WARN] proved: (add1 ?ts_ph_Nat_0 (S ?ts_ph_Nat_1)) => (S (add3 ?ts_ph_Nat_0 ?ts_ph_Nat_1))
08:43:03 [WARN] proved: (S (add3 ?ts_ph_Nat_0 ?ts_ph_Nat_1)) => (S (add1 ?ts_ph_Nat_0 ?ts_ph_Nat_1))
08:43:03 [WARN] proved: (S (add1 ?ts_ph_Nat_0 ?ts_ph_Nat_1)) => (S (add3 ?ts_ph_Nat_0 ?ts_ph_Nat_1))
08:43:03 [WARN] proved: (mul3 ?ts_ph_Nat_0 (S Z)) => ?ts_ph_Nat_0
08:43:03 [WARN] proved: (mul1 ?ts_ph_Nat_0 (S Z)) => (add3 ?ts_ph_Nat_0 Z)
08:43:03 [WARN] proved: (add3 ?ts_ph_Nat_0 Z) => (mul1 ?ts_ph_Nat_0 (S Z))
08:43:03 [WARN] proved: (mul3 ?ts_ph_Nat_0 (S Z)) => (add3 ?ts_ph_Nat_0 Z)
08:43:03 [WARN] proved: (add3 ?ts_ph_Nat_0 Z) => (mul3 ?ts_ph_Nat_0 (S Z))
08:43:03 [WARN] generalized case_split proof as: (mul3 (add3 ?ts_ph_Nat_0 ?ts_ph_Nat_1) ?ts_ph_Nat_2) -- (mul3 (add1 ?ts_ph_Nat_0 ?ts_ph_Nat_1) ?ts_ph_Nat_2)
08:43:03 [WARN] proved: (mul3 (add3 ?ts_ph_Nat_0 ?ts_ph_Nat_1) ?ts_ph_Nat_2) => (mul3 (add1 ?ts_ph_Nat_0 ?ts_ph_Nat_1) ?ts_ph_Nat_2)
08:43:03 [WARN] proved: (mul3 (add1 ?ts_ph_Nat_0 ?ts_ph_Nat_1) ?ts_ph_Nat_2) => (mul3 (add3 ?ts_ph_Nat_0 ?ts_ph_Nat_1) ?ts_ph_Nat_2)
08:43:03 [WARN] generalized case_split proof as: (add3 (add3 ?ts_ph_Nat_0 ?ts_ph_Nat_1) ?ts_ph_Nat_2) -- (add3 (add1 ?ts_ph_Nat_0 ?ts_ph_Nat_1) ?ts_ph_Nat_2)
08:43:03 [WARN] proved: (add3 (add3 ?ts_ph_Nat_0 ?ts_ph_Nat_1) ?ts_ph_Nat_2) => (add3 (add1 ?ts_ph_Nat_0 ?ts_ph_Nat_1) ?ts_ph_Nat_2)
08:43:03 [WARN] proved: (add3 (add1 ?ts_ph_Nat_0 ?ts_ph_Nat_1) ?ts_ph_Nat_2) => (add3 (add3 ?ts_ph_Nat_0 ?ts_ph_Nat_1) ?ts_ph_Nat_2)
08:43:03 [WARN] generalized case_split proof as: (add3 (add3 ?ts_ph_Nat_0 ?ts_ph_Nat_1) ?ts_ph_Nat_2) -- (add3 ?ts_ph_Nat_1 (add3 ?ts_ph_Nat_0 ?ts_ph_Nat_2))
08:43:03 [WARN] proved: (add3 (add3 ?ts_ph_Nat_0 ?ts_ph_Nat_1) ?ts_ph_Nat_2) => (add3 ?ts_ph_Nat_1 (add3 ?ts_ph_Nat_0 ?ts_ph_Nat_2))
08:43:03 [WARN] proved: (add3 ?ts_ph_Nat_1 (add3 ?ts_ph_Nat_0 ?ts_ph_Nat_2)) => (add3 (add3 ?ts_ph_Nat_0 ?ts_ph_Nat_1) ?ts_ph_Nat_2)
08:43:03 [WARN] generalized case_split proof as: (mul1 ?ts_ph_Nat_1 (add3 ?ts_ph_Nat_0 ?ts_ph_Nat_2)) -- (mul1 ?ts_ph_Nat_1 (add1 ?ts_ph_Nat_0 ?ts_ph_Nat_2))
08:43:03 [WARN] proved: (mul1 ?ts_ph_Nat_1 (add3 ?ts_ph_Nat_0 ?ts_ph_Nat_2)) => (mul1 ?ts_ph_Nat_1 (add1 ?ts_ph_Nat_0 ?ts_ph_Nat_2))
08:43:03 [WARN] proved: (mul1 ?ts_ph_Nat_1 (add1 ?ts_ph_Nat_0 ?ts_ph_Nat_2)) => (mul1 ?ts_ph_Nat_1 (add3 ?ts_ph_Nat_0 ?ts_ph_Nat_2))
08:43:03 [WARN] generalized case_split proof as: (add1 ?ts_ph_Nat_1 (add1 ?ts_ph_Nat_0 ?ts_ph_Nat_2)) -- (add1 ?ts_ph_Nat_1 (add3 ?ts_ph_Nat_0 ?ts_ph_Nat_2))
08:43:03 [WARN] proved: (add1 ?ts_ph_Nat_1 (add1 ?ts_ph_Nat_0 ?ts_ph_Nat_2)) => (add1 ?ts_ph_Nat_1 (add3 ?ts_ph_Nat_0 ?ts_ph_Nat_2))
08:43:03 [WARN] proved: (add1 ?ts_ph_Nat_1 (add3 ?ts_ph_Nat_0 ?ts_ph_Nat_2)) => (add1 ?ts_ph_Nat_1 (add1 ?ts_ph_Nat_0 ?ts_ph_Nat_2))
08:43:03 [WARN] generalized case_split proof as: (add1 ?ts_ph_Nat_0 (add1 ?ts_ph_Nat_1 ?ts_ph_Nat_2)) -- (add3 ?ts_ph_Nat_0 (add1 ?ts_ph_Nat_1 ?ts_ph_Nat_2))
08:43:03 [WARN] proved: (add1 ?ts_ph_Nat_0 (add1 ?ts_ph_Nat_1 ?ts_ph_Nat_2)) => (add3 ?ts_ph_Nat_0 (add1 ?ts_ph_Nat_1 ?ts_ph_Nat_2))
08:43:03 [WARN] proved: (add3 ?ts_ph_Nat_0 (add1 ?ts_ph_Nat_1 ?ts_ph_Nat_2)) => (add1 ?ts_ph_Nat_0 (add1 ?ts_ph_Nat_1 ?ts_ph_Nat_2))
08:43:03 [WARN] generalized case_split proof as: (add1 (add1 ?ts_ph_Nat_0 ?ts_ph_Nat_1) ?ts_ph_Nat_2) -- (add1 (add3 ?ts_ph_Nat_0 ?ts_ph_Nat_1) ?ts_ph_Nat_2)
08:43:03 [WARN] proved: (add1 (add1 ?ts_ph_Nat_0 ?ts_ph_Nat_1) ?ts_ph_Nat_2) => (add1 (add3 ?ts_ph_Nat_0 ?ts_ph_Nat_1) ?ts_ph_Nat_2)
08:43:03 [WARN] proved: (add1 (add3 ?ts_ph_Nat_0 ?ts_ph_Nat_1) ?ts_ph_Nat_2) => (add1 (add1 ?ts_ph_Nat_0 ?ts_ph_Nat_1) ?ts_ph_Nat_2)
08:43:03 [WARN] generalized case_split proof as: (add1 ?ts_ph_Nat_0 (add1 ?ts_ph_Nat_1 ?ts_ph_Nat_2)) -- (add1 (add3 ?ts_ph_Nat_0 ?ts_ph_Nat_1) ?ts_ph_Nat_2)
08:43:03 [WARN] proved: (add1 ?ts_ph_Nat_0 (add1 ?ts_ph_Nat_1 ?ts_ph_Nat_2)) => (add1 (add3 ?ts_ph_Nat_0 ?ts_ph_Nat_1) ?ts_ph_Nat_2)
08:43:03 [WARN] proved: (add1 (add3 ?ts_ph_Nat_0 ?ts_ph_Nat_1) ?ts_ph_Nat_2) => (add1 ?ts_ph_Nat_0 (add1 ?ts_ph_Nat_1 ?ts_ph_Nat_2))
08:43:03 [WARN] generalized case_split proof as: (add1 ?ts_ph_Nat_0 (mul3 ?ts_ph_Nat_1 ?ts_ph_Nat_2)) -- (add3 ?ts_ph_Nat_0 (mul3 ?ts_ph_Nat_1 ?ts_ph_Nat_2))
08:43:03 [WARN] proved: (add1 ?ts_ph_Nat_0 (mul3 ?ts_ph_Nat_1 ?ts_ph_Nat_2)) => (add3 ?ts_ph_Nat_0 (mul3 ?ts_ph_Nat_1 ?ts_ph_Nat_2))
08:43:03 [WARN] proved: (add3 ?ts_ph_Nat_0 (mul3 ?ts_ph_Nat_1 ?ts_ph_Nat_2)) => (add1 ?ts_ph_Nat_0 (mul3 ?ts_ph_Nat_1 ?ts_ph_Nat_2))
08:43:03 [WARN] Found all lemmas
