08:45:41 [0m[33m[WARN] [0mCollecting statistics
(add1 Z ?y) => ?y
(add1 (S ?x) ?y) => (S (add1 ?x ?y))
(add3 Z ?n2) => ?n2
(add3 (S ?n) ?n2) => (add3 ?n (S ?n2))
(mul1 Z ?n2) => Z
(mul1 (S ?n) ?n2) => (add1 ?n2 (mul1 ?n ?n2))
(sol32 ?n1 ?n2) => (natmul-sub ?n1 Z ?n2)
(natmul-sub Z ?b ?c) => ?b
(natmul-sub (S ?a) ?b ?c) => (natmul-sub ?a (add3 ?b ?c) ?c)
08:45:41 [0m[33m[WARN] [0m ex is: Z
08:45:41 [0m[33m[WARN] [0m ex is: (S Z)
08:45:41 [0m[33m[WARN] [0m ex is: (S (S Z))
08:45:41 [0m[33m[WARN] [0mRunning exploration without proof mode, but goals were given
08:45:41 [0m[33m[WARN] [0mProof mode: true
08:45:41 [0m[33m[WARN] [0m ex is: Z
08:45:41 [0m[33m[WARN] [0m ex is: (S Z)
08:45:41 [0m[33m[WARN] [0m ex is: (S (S Z))
08:45:41 [0m[33m[WARN] [0mRunning exploration without proof mode, but goals were given
08:45:41 [0m[33m[WARN] [0mProof mode: true
08:45:41 [0m[33m[WARN] [0mproved: (sol32 ?ts_ph_Nat_0 Z) => (mul1 ?ts_ph_Nat_0 Z)
08:45:41 [0m[33m[WARN] [0mproved: (mul1 ?ts_ph_Nat_0 Z) => (sol32 ?ts_ph_Nat_0 Z)
08:45:41 [0m[33m[WARN] [0mproved: (add1 ?ts_ph_Nat_0 Z) => ?ts_ph_Nat_0
08:45:41 [0m[33m[WARN] [0mproved: (mul1 ?ts_ph_Nat_0 Z) => Z
08:45:53 [0m[33m[WARN] [0mproved: (S ?ts_ph_Nat_0) => (add1 ?ts_ph_Nat_0 (S Z))
08:45:53 [0m[33m[WARN] [0mproved: (add1 ?ts_ph_Nat_0 (S Z)) => (S ?ts_ph_Nat_0)
08:45:53 [0m[33m[WARN] [0mproved: (S (mul1 ?ts_ph_Nat_0 (S Z))) => (add1 ?ts_ph_Nat_0 (S Z))
08:45:53 [0m[33m[WARN] [0mproved: (add1 ?ts_ph_Nat_0 (S Z)) => (S (mul1 ?ts_ph_Nat_0 (S Z)))
