03:40:33 [0m[33m[WARN] [0mCollecting statistics
(add1 Z ?y) => ?y
(add1 (S ?x) ?y) => (S (add1 ?x ?y))
(mul1 Z ?n2) => Z
(mul1 (S ?n) ?n2) => (add1 ?n2 (mul1 ?n ?n2))
(mul2 Z ?n2) => Z
(mul2 (S ?n) ?n2) => (add1 (mul2 ?n ?n2) ?n2)
03:40:33 [0m[33m[WARN] [0m ex is: Z
03:40:33 [0m[33m[WARN] [0m ex is: (S Z)
03:40:33 [0m[33m[WARN] [0m ex is: (S (S Z))
03:40:33 [0m[33m[WARN] [0mRunning exploration without proof mode, but goals were given
03:40:33 [0m[33m[WARN] [0mProof mode: true
03:40:33 [0m[33m[WARN] [0m ex is: Z
03:40:33 [0m[33m[WARN] [0m ex is: (S Z)
03:40:33 [0m[33m[WARN] [0m ex is: (S (S Z))
03:40:33 [0m[33m[WARN] [0mRunning exploration without proof mode, but goals were given
03:40:33 [0m[33m[WARN] [0mProof mode: true
03:40:33 [0m[33m[WARN] [0mproved: (add1 ?ts_ph_Nat_0 Z) => ?ts_ph_Nat_0
03:40:33 [0m[33m[WARN] [0mproved: (mul1 ?ts_ph_Nat_0 Z) => Z
03:40:33 [0m[33m[WARN] [0mproved: (mul2 ?ts_ph_Nat_0 Z) => Z
03:40:33 [0m[33m[WARN] [0mproved: (S (add1 ?ts_ph_Nat_0 ?ts_ph_Nat_1)) => (add1 ?ts_ph_Nat_0 (S ?ts_ph_Nat_1))
03:40:33 [0m[33m[WARN] [0mproved: (add1 ?ts_ph_Nat_0 (S ?ts_ph_Nat_1)) => (S (add1 ?ts_ph_Nat_0 ?ts_ph_Nat_1))
03:40:33 [0m[33m[WARN] [0mproved: (mul2 ?ts_ph_Nat_0 (S Z)) => (mul1 ?ts_ph_Nat_0 (S Z))
03:40:33 [0m[33m[WARN] [0mproved: (mul1 ?ts_ph_Nat_0 (S Z)) => (mul2 ?ts_ph_Nat_0 (S Z))
03:40:33 [0m[33m[WARN] [0mgeneralized case_split proof as: (add1 ?ts_ph_Nat_0 (add1 ?ts_ph_Nat_1 ?ts_ph_Nat_2)) -- (add1 (add1 ?ts_ph_Nat_0 ?ts_ph_Nat_1) ?ts_ph_Nat_2)
03:40:33 [0m[33m[WARN] [0mproved: (add1 ?ts_ph_Nat_0 (add1 ?ts_ph_Nat_1 ?ts_ph_Nat_2)) => (add1 (add1 ?ts_ph_Nat_0 ?ts_ph_Nat_1) ?ts_ph_Nat_2)
03:40:33 [0m[33m[WARN] [0mproved: (add1 (add1 ?ts_ph_Nat_0 ?ts_ph_Nat_1) ?ts_ph_Nat_2) => (add1 ?ts_ph_Nat_0 (add1 ?ts_ph_Nat_1 ?ts_ph_Nat_2))
03:40:33 [0m[33m[WARN] [0mproved: (S (mul1 ?ts_ph_Nat_0 (S Z))) => (add1 ?ts_ph_Nat_0 (S Z))
03:40:33 [0m[33m[WARN] [0mproved: (add1 ?ts_ph_Nat_0 (S Z)) => (S (mul1 ?ts_ph_Nat_0 (S Z)))
03:40:33 [0m[33m[WARN] [0mproved: (mul2 (add1 ?ts_ph_Nat_0 ?ts_ph_Nat_0) (S Z)) => (add1 ?ts_ph_Nat_0 ?ts_ph_Nat_0)
03:40:33 [0m[33m[WARN] [0mproved: (add1 ?ts_ph_Nat_0 ?ts_ph_Nat_0) => (mul2 (add1 ?ts_ph_Nat_0 ?ts_ph_Nat_0) (S Z))
03:40:33 [0m[33m[WARN] [0mproved: (mul2 ?ts_ph_Nat_0 ?ts_ph_Nat_0) => (mul1 (mul2 ?ts_ph_Nat_0 ?ts_ph_Nat_0) (S Z))
03:40:33 [0m[33m[WARN] [0mproved: (mul1 (mul2 ?ts_ph_Nat_0 ?ts_ph_Nat_0) (S Z)) => (mul2 ?ts_ph_Nat_0 ?ts_ph_Nat_0)
03:40:33 [0m[33m[WARN] [0mproved: (mul1 (mul1 ?ts_ph_Nat_0 ?ts_ph_Nat_0) (S Z)) => (mul1 ?ts_ph_Nat_0 ?ts_ph_Nat_0)
03:40:33 [0m[33m[WARN] [0mproved: (mul1 ?ts_ph_Nat_0 ?ts_ph_Nat_0) => (mul1 (mul1 ?ts_ph_Nat_0 ?ts_ph_Nat_0) (S Z))
03:40:40 [0m[33m[WARN] [0mproved: (add1 ?ts_ph_Nat_1 ?ts_ph_Nat_0) => (add1 ?ts_ph_Nat_0 ?ts_ph_Nat_1)
03:40:40 [0m[33m[WARN] [0mproved: (add1 ?ts_ph_Nat_0 ?ts_ph_Nat_1) => (add1 ?ts_ph_Nat_1 ?ts_ph_Nat_0)
03:40:40 [0m[33m[WARN] [0mFound all lemmas
done in 7307
