03:38:32 [0m[33m[WARN] [0mCollecting statistics
(add1 Z ?y) => ?y
(add1 (S ?x) ?y) => (S (add1 ?x ?y))
(mul1 Z ?n2) => Z
(mul1 (S ?n) ?n2) => (add1 ?n2 (mul1 ?n ?n2))
(add-6 Z ?y) => ?y
(add-6 (S ?x) ?y) => (S (add-6 ?y ?x))
(sol6 Z ?n2) => Z
(sol6 (S ?x) ?n2) => (add-6 ?n2 (sol6 ?n2 ?x))
03:38:32 [0m[33m[WARN] [0m ex is: Z
03:38:32 [0m[33m[WARN] [0m ex is: (S Z)
03:38:32 [0m[33m[WARN] [0m ex is: (S (S Z))
03:38:32 [0m[33m[WARN] [0mRunning exploration without proof mode, but goals were given
03:38:32 [0m[33m[WARN] [0mProof mode: true
03:38:32 [0m[33m[WARN] [0m ex is: Z
03:38:32 [0m[33m[WARN] [0m ex is: (S Z)
03:38:32 [0m[33m[WARN] [0m ex is: (S (S Z))
03:38:32 [0m[33m[WARN] [0mRunning exploration without proof mode, but goals were given
03:38:32 [0m[33m[WARN] [0mProof mode: true
03:38:32 [0m[33m[WARN] [0mproved: (add-6 ?ts_ph_Nat_0 Z) => ?ts_ph_Nat_0
03:38:32 [0m[33m[WARN] [0mproved: (sol6 ?ts_ph_Nat_0 Z) => Z
03:38:32 [0m[33m[WARN] [0mproved: (sol6 ?ts_ph_Nat_0 Z) => (mul1 ?ts_ph_Nat_0 Z)
03:38:32 [0m[33m[WARN] [0mproved: (mul1 ?ts_ph_Nat_0 Z) => (sol6 ?ts_ph_Nat_0 Z)
03:38:32 [0m[33m[WARN] [0mproved: (add-6 ?ts_ph_Nat_0 Z) => (add1 ?ts_ph_Nat_0 Z)
03:38:32 [0m[33m[WARN] [0mproved: (add1 ?ts_ph_Nat_0 Z) => (add-6 ?ts_ph_Nat_0 Z)
03:38:33 [0m[33m[WARN] [0mproved: (add1 ?ts_ph_Nat_0 (S ?ts_ph_Nat_1)) => (S (add1 ?ts_ph_Nat_0 ?ts_ph_Nat_1))
03:38:33 [0m[33m[WARN] [0mproved: (S (add1 ?ts_ph_Nat_0 ?ts_ph_Nat_1)) => (add1 ?ts_ph_Nat_0 (S ?ts_ph_Nat_1))
03:38:33 [0m[33m[WARN] [0mproved: (sol6 ?ts_ph_Nat_0 (S Z)) => ?ts_ph_Nat_0
03:38:33 [0m[33m[WARN] [0mproved: (add1 ?ts_ph_Nat_0 (S ?ts_ph_Nat_0)) => (add-6 ?ts_ph_Nat_0 (S ?ts_ph_Nat_0))
03:38:33 [0m[33m[WARN] [0mproved: (add-6 ?ts_ph_Nat_0 (S ?ts_ph_Nat_0)) => (add1 ?ts_ph_Nat_0 (S ?ts_ph_Nat_0))
03:38:33 [0m[33m[WARN] [0mproved: (add1 (add1 ?ts_ph_Nat_0 ?ts_ph_Nat_0) ?ts_ph_Nat_1) => (add1 ?ts_ph_Nat_0 (add1 ?ts_ph_Nat_0 ?ts_ph_Nat_1))
03:38:33 [0m[33m[WARN] [0mproved: (add1 ?ts_ph_Nat_0 (add1 ?ts_ph_Nat_0 ?ts_ph_Nat_1)) => (add1 (add1 ?ts_ph_Nat_0 ?ts_ph_Nat_0) ?ts_ph_Nat_1)
03:38:33 [0m[33m[WARN] [0mproved: (add-6 ?ts_ph_Nat_0 (add1 ?ts_ph_Nat_0 ?ts_ph_Nat_1)) => (add1 ?ts_ph_Nat_0 (add1 ?ts_ph_Nat_0 ?ts_ph_Nat_1))
03:38:33 [0m[33m[WARN] [0mproved: (add1 ?ts_ph_Nat_0 (add1 ?ts_ph_Nat_0 ?ts_ph_Nat_1)) => (add-6 ?ts_ph_Nat_0 (add1 ?ts_ph_Nat_0 ?ts_ph_Nat_1))
03:38:33 [0m[33m[WARN] [0mproved: (add1 ?ts_ph_Nat_0 (add1 ?ts_ph_Nat_1 ?ts_ph_Nat_0)) => (add1 (add1 ?ts_ph_Nat_0 ?ts_ph_Nat_1) ?ts_ph_Nat_0)
03:38:33 [0m[33m[WARN] [0mproved: (add1 (add1 ?ts_ph_Nat_0 ?ts_ph_Nat_1) ?ts_ph_Nat_0) => (add1 ?ts_ph_Nat_0 (add1 ?ts_ph_Nat_1 ?ts_ph_Nat_0))
03:38:33 [0m[33m[WARN] [0mproved: (add1 ?ts_ph_Nat_1 (add1 ?ts_ph_Nat_0 ?ts_ph_Nat_0)) => (add1 ?ts_ph_Nat_1 (add-6 ?ts_ph_Nat_0 ?ts_ph_Nat_0))
03:38:33 [0m[33m[WARN] [0mproved: (add1 ?ts_ph_Nat_1 (add-6 ?ts_ph_Nat_0 ?ts_ph_Nat_0)) => (add1 ?ts_ph_Nat_1 (add1 ?ts_ph_Nat_0 ?ts_ph_Nat_0))
03:38:33 [0m[33m[WARN] [0mproved: (add1 (add-6 ?ts_ph_Nat_0 ?ts_ph_Nat_0) ?ts_ph_Nat_0) => (add1 (add1 ?ts_ph_Nat_0 ?ts_ph_Nat_0) ?ts_ph_Nat_0)
03:38:33 [0m[33m[WARN] [0mproved: (add1 (add1 ?ts_ph_Nat_0 ?ts_ph_Nat_0) ?ts_ph_Nat_0) => (add1 (add-6 ?ts_ph_Nat_0 ?ts_ph_Nat_0) ?ts_ph_Nat_0)
03:38:33 [0m[33m[WARN] [0mproved: (add-6 (add1 ?ts_ph_Nat_0 ?ts_ph_Nat_0) ?ts_ph_Nat_0) => (add1 (add1 ?ts_ph_Nat_0 ?ts_ph_Nat_0) ?ts_ph_Nat_0)
03:38:33 [0m[33m[WARN] [0mproved: (add1 (add1 ?ts_ph_Nat_0 ?ts_ph_Nat_0) ?ts_ph_Nat_0) => (add-6 (add1 ?ts_ph_Nat_0 ?ts_ph_Nat_0) ?ts_ph_Nat_0)
03:38:33 [0m[33m[WARN] [0mproved: (add1 (S ?ts_ph_Nat_0) (S ?ts_ph_Nat_0)) => (S (S (add-6 ?ts_ph_Nat_0 ?ts_ph_Nat_0)))
03:38:33 [0m[33m[WARN] [0mproved: (S (S (add-6 ?ts_ph_Nat_0 ?ts_ph_Nat_0))) => (add1 (S ?ts_ph_Nat_0) (S ?ts_ph_Nat_0))
03:38:33 [0m[33m[WARN] [0mproved: (sol6 ?ts_ph_Nat_0 (add1 ?ts_ph_Nat_0 ?ts_ph_Nat_0)) => (sol6 ?ts_ph_Nat_0 (add-6 ?ts_ph_Nat_0 ?ts_ph_Nat_0))
03:38:33 [0m[33m[WARN] [0mproved: (sol6 ?ts_ph_Nat_0 (add-6 ?ts_ph_Nat_0 ?ts_ph_Nat_0)) => (sol6 ?ts_ph_Nat_0 (add1 ?ts_ph_Nat_0 ?ts_ph_Nat_0))
03:38:33 [0m[33m[WARN] [0mproved: (mul1 ?ts_ph_Nat_0 (add-6 ?ts_ph_Nat_0 ?ts_ph_Nat_0)) => (mul1 ?ts_ph_Nat_0 (add1 ?ts_ph_Nat_0 ?ts_ph_Nat_0))
03:38:33 [0m[33m[WARN] [0mproved: (mul1 ?ts_ph_Nat_0 (add1 ?ts_ph_Nat_0 ?ts_ph_Nat_0)) => (mul1 ?ts_ph_Nat_0 (add-6 ?ts_ph_Nat_0 ?ts_ph_Nat_0))
03:38:33 [0m[33m[WARN] [0mproved: (sol6 (add1 ?ts_ph_Nat_0 ?ts_ph_Nat_0) (S ?ts_ph_Nat_1)) => (sol6 (add-6 ?ts_ph_Nat_0 ?ts_ph_Nat_0) (S ?ts_ph_Nat_1))
03:38:33 [0m[33m[WARN] [0mproved: (sol6 (add-6 ?ts_ph_Nat_0 ?ts_ph_Nat_0) (S ?ts_ph_Nat_1)) => (sol6 (add1 ?ts_ph_Nat_0 ?ts_ph_Nat_0) (S ?ts_ph_Nat_1))
03:38:33 [0m[33m[WARN] [0mproved: (sol6 (S ?ts_ph_Nat_1) (add-6 ?ts_ph_Nat_0 ?ts_ph_Nat_0)) => (sol6 (S ?ts_ph_Nat_1) (add1 ?ts_ph_Nat_0 ?ts_ph_Nat_0))
03:38:33 [0m[33m[WARN] [0mproved: (sol6 (S ?ts_ph_Nat_1) (add1 ?ts_ph_Nat_0 ?ts_ph_Nat_0)) => (sol6 (S ?ts_ph_Nat_1) (add-6 ?ts_ph_Nat_0 ?ts_ph_Nat_0))
03:38:33 [0m[33m[WARN] [0mproved: (S (add-6 (add-6 ?ts_ph_Nat_0 ?ts_ph_Nat_0) ?ts_ph_Nat_1)) => (S (add-6 (add1 ?ts_ph_Nat_0 ?ts_ph_Nat_0) ?ts_ph_Nat_1))
03:38:33 [0m[33m[WARN] [0mproved: (S (add-6 (add1 ?ts_ph_Nat_0 ?ts_ph_Nat_0) ?ts_ph_Nat_1)) => (S (add-6 (add-6 ?ts_ph_Nat_0 ?ts_ph_Nat_0) ?ts_ph_Nat_1))
03:38:33 [0m[33m[WARN] [0mproved: (add-6 ?ts_ph_Nat_0 ?ts_ph_Nat_0) => (mul1 (add1 ?ts_ph_Nat_0 ?ts_ph_Nat_0) (S Z))
03:38:33 [0m[33m[WARN] [0mproved: (mul1 (add1 ?ts_ph_Nat_0 ?ts_ph_Nat_0) (S Z)) => (add-6 ?ts_ph_Nat_0 ?ts_ph_Nat_0)
03:38:33 [0m[33m[WARN] [0mproved: (add1 ?ts_ph_Nat_0 ?ts_ph_Nat_0) => (mul1 (add1 ?ts_ph_Nat_0 ?ts_ph_Nat_0) (S Z))
03:38:33 [0m[33m[WARN] [0mproved: (mul1 (add1 ?ts_ph_Nat_0 ?ts_ph_Nat_0) (S Z)) => (add1 ?ts_ph_Nat_0 ?ts_ph_Nat_0)
03:38:33 [0m[33m[WARN] [0mproved: (add-6 (add1 ?ts_ph_Nat_0 ?ts_ph_Nat_0) (S Z)) => (S (add-6 ?ts_ph_Nat_0 ?ts_ph_Nat_0))
03:38:33 [0m[33m[WARN] [0mproved: (S (add-6 ?ts_ph_Nat_0 ?ts_ph_Nat_0)) => (add-6 (add1 ?ts_ph_Nat_0 ?ts_ph_Nat_0) (S Z))
03:38:33 [0m[33m[WARN] [0mproved: (add-6 (mul1 ?ts_ph_Nat_0 ?ts_ph_Nat_0) (S Z)) => (S (mul1 ?ts_ph_Nat_0 ?ts_ph_Nat_0))
03:38:33 [0m[33m[WARN] [0mproved: (S (mul1 ?ts_ph_Nat_0 ?ts_ph_Nat_0)) => (add-6 (mul1 ?ts_ph_Nat_0 ?ts_ph_Nat_0) (S Z))
03:38:33 [0m[33m[WARN] [0mproved: (add-6 (add-6 ?ts_ph_Nat_0 ?ts_ph_Nat_0) (S ?ts_ph_Nat_0)) => (S (add-6 (add-6 ?ts_ph_Nat_0 ?ts_ph_Nat_0) ?ts_ph_Nat_0))
03:38:33 [0m[33m[WARN] [0mproved: (S (add-6 (add-6 ?ts_ph_Nat_0 ?ts_ph_Nat_0) ?ts_ph_Nat_0)) => (add-6 (add-6 ?ts_ph_Nat_0 ?ts_ph_Nat_0) (S ?ts_ph_Nat_0))
03:38:33 [0m[33m[WARN] [0mgeneralized case_split proof as: (add1 (add-6 ?ts_ph_Nat_0 ?ts_ph_Nat_0) (add-6 ?ts_ph_Nat_1 ?ts_ph_Nat_2)) -- (add-6 (add1 ?ts_ph_Nat_0 ?ts_ph_Nat_1) (add1 ?ts_ph_Nat_0 ?ts_ph_Nat_2))
03:38:33 [0m[33m[WARN] [0mproved: (add1 (add-6 ?ts_ph_Nat_0 ?ts_ph_Nat_0) (add-6 ?ts_ph_Nat_1 ?ts_ph_Nat_2)) => (add-6 (add1 ?ts_ph_Nat_0 ?ts_ph_Nat_1) (add1 ?ts_ph_Nat_0 ?ts_ph_Nat_2))
03:38:33 [0m[33m[WARN] [0mproved: (add-6 (add1 ?ts_ph_Nat_0 ?ts_ph_Nat_1) (add1 ?ts_ph_Nat_0 ?ts_ph_Nat_2)) => (add1 (add-6 ?ts_ph_Nat_0 ?ts_ph_Nat_0) (add-6 ?ts_ph_Nat_1 ?ts_ph_Nat_2))
03:38:35 [0m[33m[WARN] [0mproved: (add1 ?ts_ph_Nat_0 ?ts_ph_Nat_1) => (add1 ?ts_ph_Nat_1 ?ts_ph_Nat_0)
03:38:35 [0m[33m[WARN] [0mproved: (add1 ?ts_ph_Nat_1 ?ts_ph_Nat_0) => (add1 ?ts_ph_Nat_0 ?ts_ph_Nat_1)
03:38:35 [0m[33m[WARN] [0mproved: (mul1 ?ts_ph_Nat_0 (S Z)) => ?ts_ph_Nat_0
03:38:35 [0m[33m[WARN] [0mproved: (add-6 ?ts_ph_Nat_0 (S Z)) => (S ?ts_ph_Nat_0)
03:38:35 [0m[33m[WARN] [0mproved: (S ?ts_ph_Nat_0) => (add-6 ?ts_ph_Nat_0 (S Z))
03:38:35 [0m[33m[WARN] [0mproved: (mul1 (S ?ts_ph_Nat_0) ?ts_ph_Nat_1) => (add-6 ?ts_ph_Nat_1 (mul1 ?ts_ph_Nat_0 ?ts_ph_Nat_1))
03:38:35 [0m[33m[WARN] [0mproved: (add-6 ?ts_ph_Nat_1 (mul1 ?ts_ph_Nat_0 ?ts_ph_Nat_1)) => (mul1 (S ?ts_ph_Nat_0) ?ts_ph_Nat_1)
03:38:36 [0m[33m[WARN] [0mproved: (mul1 (add1 ?ts_ph_Nat_0 ?ts_ph_Nat_0) ?ts_ph_Nat_1) => (mul1 ?ts_ph_Nat_0 (add1 ?ts_ph_Nat_1 ?ts_ph_Nat_1))
03:38:36 [0m[33m[WARN] [0mproved: (mul1 ?ts_ph_Nat_0 (add1 ?ts_ph_Nat_1 ?ts_ph_Nat_1)) => (mul1 (add1 ?ts_ph_Nat_0 ?ts_ph_Nat_0) ?ts_ph_Nat_1)
03:38:38 [0m[33m[WARN] [0mproved: (add1 ?ts_ph_Nat_0 (sol6 ?ts_ph_Nat_0 ?ts_ph_Nat_0)) => (sol6 (S ?ts_ph_Nat_0) ?ts_ph_Nat_0)
03:38:38 [0m[33m[WARN] [0mproved: (sol6 (S ?ts_ph_Nat_0) ?ts_ph_Nat_0) => (add1 ?ts_ph_Nat_0 (sol6 ?ts_ph_Nat_0 ?ts_ph_Nat_0))
03:38:39 [0m[33m[WARN] [0mproved: (sol6 (S ?ts_ph_Nat_0) ?ts_ph_Nat_0) => (sol6 ?ts_ph_Nat_0 (S ?ts_ph_Nat_0))
03:38:39 [0m[33m[WARN] [0mproved: (sol6 ?ts_ph_Nat_0 (S ?ts_ph_Nat_0)) => (sol6 (S ?ts_ph_Nat_0) ?ts_ph_Nat_0)
03:38:43 [0m[33m[WARN] [0mproved: (add-6 (mul1 ?ts_ph_Nat_0 ?ts_ph_Nat_0) ?ts_ph_Nat_0) => (mul1 (S ?ts_ph_Nat_0) ?ts_ph_Nat_0)
03:38:43 [0m[33m[WARN] [0mproved: (mul1 (S ?ts_ph_Nat_0) ?ts_ph_Nat_0) => (add-6 (mul1 ?ts_ph_Nat_0 ?ts_ph_Nat_0) ?ts_ph_Nat_0)
03:38:54 [0m[33m[WARN] [0mproved: (sol6 ?ts_ph_Nat_0 (S ?ts_ph_Nat_0)) => (add-6 (sol6 ?ts_ph_Nat_0 ?ts_ph_Nat_0) ?ts_ph_Nat_0)
03:38:54 [0m[33m[WARN] [0mproved: (add-6 (sol6 ?ts_ph_Nat_0 ?ts_ph_Nat_0) ?ts_ph_Nat_0) => (sol6 ?ts_ph_Nat_0 (S ?ts_ph_Nat_0))
03:39:11 [0m[33m[WARN] [0mproved: (S (mul1 (S ?ts_ph_Nat_0) ?ts_ph_Nat_1)) => (add-6 (S ?ts_ph_Nat_1) (mul1 ?ts_ph_Nat_0 ?ts_ph_Nat_1))
03:39:11 [0m[33m[WARN] [0mproved: (add-6 (S ?ts_ph_Nat_1) (mul1 ?ts_ph_Nat_0 ?ts_ph_Nat_1)) => (S (mul1 (S ?ts_ph_Nat_0) ?ts_ph_Nat_1))
