04:43:30 [0m[33m[WARN] [0mCollecting statistics
(add1 Z ?y) => ?y
(add1 (S ?x) ?y) => (S (add1 ?x ?y))
(add2 ?n1 Z) => ?n1
(add2 ?n1 (S ?n)) => (S (add2 ?n1 ?n))
(mul1 Z ?n2) => Z
(mul1 (S ?n) ?n2) => (add1 ?n2 (mul1 ?n ?n2))
(mul5 ?n1 Z) => Z
(mul5 ?n1 (S ?n)) => (add2 ?n1 (mul5 ?n1 ?n))
04:43:30 [0m[33m[WARN] [0m ex is: Z
04:43:30 [0m[33m[WARN] [0m ex is: (S Z)
04:43:30 [0m[33m[WARN] [0m ex is: (S (S Z))
04:43:30 [0m[33m[WARN] [0mRunning exploration without proof mode, but goals were given
04:43:30 [0m[33m[WARN] [0mProof mode: true
04:43:30 [0m[33m[WARN] [0m ex is: Z
04:43:30 [0m[33m[WARN] [0m ex is: (S Z)
04:43:30 [0m[33m[WARN] [0m ex is: (S (S Z))
04:43:30 [0m[33m[WARN] [0mRunning exploration without proof mode, but goals were given
04:43:30 [0m[33m[WARN] [0mProof mode: true
04:43:30 [0m[33m[WARN] [0mproved: (mul1 ?ts_ph_Nat_0 Z) => Z
04:43:30 [0m[33m[WARN] [0mproved: (mul5 Z ?ts_ph_Nat_0) => Z
04:43:30 [0m[33m[WARN] [0mproved: (add1 ?ts_ph_Nat_0 Z) => (add2 Z ?ts_ph_Nat_0)
04:43:30 [0m[33m[WARN] [0mproved: (add2 Z ?ts_ph_Nat_0) => (add1 ?ts_ph_Nat_0 Z)
04:43:30 [0m[33m[WARN] [0mproved: (add1 ?ts_ph_Nat_0 ?ts_ph_Nat_1) => (add2 ?ts_ph_Nat_1 ?ts_ph_Nat_0)
04:43:30 [0m[33m[WARN] [0mproved: (add2 ?ts_ph_Nat_1 ?ts_ph_Nat_0) => (add1 ?ts_ph_Nat_0 ?ts_ph_Nat_1)
04:43:30 [0m[33m[WARN] [0mproved: (add1 ?ts_ph_Nat_0 Z) => ?ts_ph_Nat_0
04:43:30 [0m[33m[WARN] [0mproved: (mul1 ?ts_ph_Nat_0 (S Z)) => ?ts_ph_Nat_0
04:43:30 [0m[33m[WARN] [0mproved: (S ?ts_ph_Nat_0) => (add1 ?ts_ph_Nat_0 (S Z))
04:43:30 [0m[33m[WARN] [0mproved: (add1 ?ts_ph_Nat_0 (S Z)) => (S ?ts_ph_Nat_0)
04:43:31 [0m[33m[WARN] [0mproved: (add1 ?ts_ph_Nat_0 (S ?ts_ph_Nat_1)) => (S (add1 ?ts_ph_Nat_0 ?ts_ph_Nat_1))
04:43:31 [0m[33m[WARN] [0mproved: (S (add1 ?ts_ph_Nat_0 ?ts_ph_Nat_1)) => (add1 ?ts_ph_Nat_0 (S ?ts_ph_Nat_1))
04:43:31 [0m[33m[WARN] [0mproved: (add1 ?ts_ph_Nat_0 ?ts_ph_Nat_1) => (add1 ?ts_ph_Nat_1 ?ts_ph_Nat_0)
04:43:31 [0m[33m[WARN] [0mproved: (add1 ?ts_ph_Nat_1 ?ts_ph_Nat_0) => (add1 ?ts_ph_Nat_0 ?ts_ph_Nat_1)
04:43:31 [0m[33m[WARN] [0mproved: (mul1 ?ts_ph_Nat_0 ?ts_ph_Nat_1) => (mul5 ?ts_ph_Nat_1 ?ts_ph_Nat_0)
04:43:31 [0m[33m[WARN] [0mproved: (mul5 ?ts_ph_Nat_1 ?ts_ph_Nat_0) => (mul1 ?ts_ph_Nat_0 ?ts_ph_Nat_1)
04:43:31 [0m[33m[WARN] [0mproved: (add1 ?ts_ph_Nat_0 (add1 ?ts_ph_Nat_1 ?ts_ph_Nat_2)) => (add1 ?ts_ph_Nat_1 (add1 ?ts_ph_Nat_0 ?ts_ph_Nat_2))
04:43:31 [0m[33m[WARN] [0mproved: (add1 ?ts_ph_Nat_1 (add1 ?ts_ph_Nat_0 ?ts_ph_Nat_2)) => (add1 ?ts_ph_Nat_0 (add1 ?ts_ph_Nat_1 ?ts_ph_Nat_2))
04:43:31 [0m[33m[WARN] [0mproved: (add1 ?ts_ph_Nat_0 (mul1 ?ts_ph_Nat_0 ?ts_ph_Nat_1)) => (mul1 ?ts_ph_Nat_0 (S ?ts_ph_Nat_1))
04:43:31 [0m[33m[WARN] [0mproved: (mul1 ?ts_ph_Nat_0 (S ?ts_ph_Nat_1)) => (add1 ?ts_ph_Nat_0 (mul1 ?ts_ph_Nat_0 ?ts_ph_Nat_1))
04:43:31 [0m[33m[WARN] [0mFound all lemmas
done in 474
