05:32:48 [WARN] Collecting statistics
05:32:48 [WARN]  ex is: Z
05:32:48 [WARN]  ex is: (S Z)
05:32:48 [WARN]  ex is: (S (S Z))
05:32:48 [WARN]  ex is: nil
05:32:48 [WARN]  ex is: (cons autovar_Nat_0 nil)
05:32:48 [WARN]  ex is: (cons autovar_Nat_1 (cons autovar_Nat_0 nil))
05:32:48 [WARN] Running exploration without proof mode, but goals were given
05:32:48 [WARN] Proof mode: true
05:32:48 [WARN]  ex is: Z
05:32:48 [WARN]  ex is: (S Z)
05:32:48 [WARN]  ex is: (S (S Z))
05:32:48 [WARN]  ex is: nil
05:32:48 [WARN]  ex is: (cons autovar_Nat_0 nil)
05:32:48 [WARN]  ex is: (cons autovar_Nat_1 (cons autovar_Nat_0 nil))
05:32:48 [WARN] Running exploration without proof mode, but goals were given
05:32:48 [WARN] Proof mode: true
05:32:48 [WARN] proved: (list_append ?ts_ph_Lst_0 nil) => ?ts_ph_Lst_0
05:33:03 [WARN] proved: (remove_elem_1 ?ts_ph_Nat_1 (remove_elem_1 ?ts_ph_Nat_1 ?ts_ph_Lst_0)) => (remove_elem_1 ?ts_ph_Nat_1 ?ts_ph_Lst_0)
05:33:03 [WARN] proved: (remove_elem_1 ?ts_ph_Nat_1 ?ts_ph_Lst_0) => (remove_elem_1 ?ts_ph_Nat_1 (remove_elem_1 ?ts_ph_Nat_1 ?ts_ph_Lst_0))
05:33:03 [WARN] proved: (list_append (list_append ?ts_ph_Lst_0 ?ts_ph_Lst_1) ?ts_ph_Lst_2) => (list_append ?ts_ph_Lst_0 (list_append ?ts_ph_Lst_1 ?ts_ph_Lst_2))
05:33:03 [WARN] proved: (list_append ?ts_ph_Lst_0 (list_append ?ts_ph_Lst_1 ?ts_ph_Lst_2)) => (list_append (list_append ?ts_ph_Lst_0 ?ts_ph_Lst_1) ?ts_ph_Lst_2)
05:33:03 [WARN] proved: (list_append (list_rev ?ts_ph_Lst_1) (list_rev ?ts_ph_Lst_0)) => (list_rev (list_append ?ts_ph_Lst_0 ?ts_ph_Lst_1))
05:33:03 [WARN] proved: (list_rev (list_append ?ts_ph_Lst_0 ?ts_ph_Lst_1)) => (list_append (list_rev ?ts_ph_Lst_1) (list_rev ?ts_ph_Lst_0))
05:33:03 [WARN] proved: (list_rev (list_rev ?ts_ph_Lst_0)) => ?ts_ph_Lst_0
