08:52:46 [0m[33m[WARN] [0mCollecting statistics
(list_append nil ?ys) => ?ys
(list_append (cons ?x ?xs) ?ys) => (cons ?x (list_append ?xs ?ys))
(list_rev nil) => nil
(list_rev (cons ?x ?xs)) => (list_append (list_rev ?xs) (cons ?x nil))
(remove_elem_1 ?e nil) => nil
(remove_elem_1 ?e (cons ?hd ?tl)) => (ite (= ?e ?hd) (remove_elem_1 ?e ?tl) (cons ?hd (remove_elem_1 ?e ?tl)))
(ta1 nil) => nil
(ta1 (cons ?hd ?tl)) => (cons ?hd (remove_elem_1 ?hd (ta1 ?tl)))
(sol20 ?lst) => (aux20 (list_rev ?lst))
(aux20 nil) => nil
(aux20 (cons ?hd ?tl)) => (ite (find ?hd ?tl) (sol20 (list_rev ?tl)) (list_append (sol20 (list_rev ?tl)) (cons ?hd nil)))
(find ?x nil) => false
(find ?x (cons ?hd ?tl)) => (or (= ?x ?hd) (find ?x ?tl))
08:52:46 [0m[33m[WARN] [0m ex is: Z
08:52:46 [0m[33m[WARN] [0m ex is: (S Z)
08:52:46 [0m[33m[WARN] [0m ex is: (S (S Z))
08:52:46 [0m[33m[WARN] [0m ex is: nil
08:52:46 [0m[33m[WARN] [0m ex is: (cons autovar_Nat_0 nil)
08:52:46 [0m[33m[WARN] [0m ex is: (cons autovar_Nat_1 (cons autovar_Nat_0 nil))
08:52:46 [0m[33m[WARN] [0mRunning exploration without proof mode, but goals were given
08:52:46 [0m[33m[WARN] [0mProof mode: true
08:52:46 [0m[33m[WARN] [0m ex is: Z
08:52:46 [0m[33m[WARN] [0m ex is: (S Z)
08:52:46 [0m[33m[WARN] [0m ex is: (S (S Z))
08:52:46 [0m[33m[WARN] [0m ex is: nil
08:52:46 [0m[33m[WARN] [0m ex is: (cons autovar_Nat_0 nil)
08:52:46 [0m[33m[WARN] [0m ex is: (cons autovar_Nat_1 (cons autovar_Nat_0 nil))
08:52:46 [0m[33m[WARN] [0mRunning exploration without proof mode, but goals were given
08:52:46 [0m[33m[WARN] [0mProof mode: true
08:52:46 [0m[33m[WARN] [0mproved: (list_append ?ts_ph_Lst_0 nil) => ?ts_ph_Lst_0
