05:34:04 [0m[33m[WARN] [0mCollecting statistics
(list_append nil ?ys) => ?ys
(list_append (cons ?x ?xs) ?ys) => (cons ?x (list_append ?xs ?ys))
(list_rev nil) => nil
(list_rev (cons ?x ?xs)) => (list_append (list_rev ?xs) (cons ?x nil))
(remove_elem_1 ?e nil) => nil
(remove_elem_1 ?e (cons ?hd ?tl)) => (ite (= ?e ?hd) (remove_elem_1 ?e ?tl) (cons ?hd (remove_elem_1 ?e ?tl)))
(ta1 nil) => nil
(ta1 (cons ?hd ?tl)) => (cons ?hd (remove_elem_1 ?hd (ta1 ?tl)))
(reverse nil) => nil
(reverse (cons ?hd ?tl)) => (list_append (reverse ?tl) (cons ?hd nil))
(insert ?a nil) => (cons ?a nil)
(insert ?a (cons ?hd ?tl)) => (ite (lt ?a ?hd) (cons ?a (cons ?hd ?tl)) (cons ?hd (insert ?a ?tl)))
(checker nil ?a) => false
(checker (cons ?k nil) ?a) => (= ?k ?a)
(checker (cons ?hd ?tl) ?a) => (ite (= ?hd ?a) true (checker ?tl ?a))
(finder nil ?fin) => ?fin
(finder (cons ?hd ?tl) ?fin) => (ite (checker ?fin ?hd) (finder ?tl ?fin) (finder ?tl (cons ?hd ?fin)))
(sol75 nil) => nil
(sol75 ?lst) => (reverse (finder ?lst nil))
05:34:04 [0m[33m[WARN] [0m ex is: Z
05:34:04 [0m[33m[WARN] [0m ex is: (S Z)
05:34:04 [0m[33m[WARN] [0m ex is: (S (S Z))
05:34:04 [0m[33m[WARN] [0m ex is: nil
05:34:04 [0m[33m[WARN] [0m ex is: (cons autovar_Nat_0 nil)
05:34:04 [0m[33m[WARN] [0m ex is: (cons autovar_Nat_1 (cons autovar_Nat_0 nil))
05:34:04 [0m[33m[WARN] [0mRunning exploration without proof mode, but goals were given
05:34:04 [0m[33m[WARN] [0mProof mode: true
05:34:04 [0m[33m[WARN] [0m ex is: Z
05:34:04 [0m[33m[WARN] [0m ex is: (S Z)
05:34:04 [0m[33m[WARN] [0m ex is: (S (S Z))
05:34:04 [0m[33m[WARN] [0m ex is: nil
05:34:04 [0m[33m[WARN] [0m ex is: (cons autovar_Nat_0 nil)
05:34:04 [0m[33m[WARN] [0m ex is: (cons autovar_Nat_1 (cons autovar_Nat_0 nil))
05:34:04 [0m[33m[WARN] [0mRunning exploration without proof mode, but goals were given
05:34:04 [0m[33m[WARN] [0mProof mode: true
05:34:04 [0m[33m[WARN] [0mproved: (list_append ?ts_ph_Lst_0 nil) => ?ts_ph_Lst_0
05:34:04 [0m[33m[WARN] [0mproved: (list_rev ?ts_ph_Lst_0) => (reverse ?ts_ph_Lst_0)
05:34:04 [0m[33m[WARN] [0mproved: (reverse ?ts_ph_Lst_0) => (list_rev ?ts_ph_Lst_0)
