03:20:31 [WARN] Collecting statistics
03:20:31 [WARN]  ex is: Z
03:20:31 [WARN]  ex is: (S Z)
03:20:31 [WARN]  ex is: (S (S Z))
03:20:31 [WARN] Running exploration without proof mode, but goals were given
03:20:31 [WARN] Proof mode: true
03:20:31 [WARN]  ex is: Z
03:20:31 [WARN]  ex is: (S Z)
03:20:31 [WARN]  ex is: (S (S Z))
03:20:31 [WARN] Running exploration without proof mode, but goals were given
03:20:31 [WARN] Proof mode: true
03:20:31 [WARN] proved: (add1 ?ts_ph_Nat_0 Z) => ?ts_ph_Nat_0
03:20:31 [WARN] proved: (add4 ?ts_ph_Nat_1 (S ?ts_ph_Nat_0)) => (S (add4 ?ts_ph_Nat_1 ?ts_ph_Nat_0))
03:20:31 [WARN] proved: (S (add4 ?ts_ph_Nat_1 ?ts_ph_Nat_0)) => (add4 ?ts_ph_Nat_1 (S ?ts_ph_Nat_0))
03:20:31 [WARN] proved: (S (add4 Z ?ts_ph_Nat_0)) => (S ?ts_ph_Nat_0)
03:20:31 [WARN] proved: (S ?ts_ph_Nat_0) => (S (add4 Z ?ts_ph_Nat_0))
03:20:31 [WARN] generalized case_split proof as: (add1 ?ts_ph_Nat_0 (add1 ?ts_ph_Nat_1 ?ts_ph_Nat_2)) -- (add1 (add4 ?ts_ph_Nat_1 ?ts_ph_Nat_0) ?ts_ph_Nat_2)
03:20:31 [WARN] proved: (add1 ?ts_ph_Nat_0 (add1 ?ts_ph_Nat_1 ?ts_ph_Nat_2)) => (add1 (add4 ?ts_ph_Nat_1 ?ts_ph_Nat_0) ?ts_ph_Nat_2)
03:20:31 [WARN] proved: (add1 (add4 ?ts_ph_Nat_1 ?ts_ph_Nat_0) ?ts_ph_Nat_2) => (add1 ?ts_ph_Nat_0 (add1 ?ts_ph_Nat_1 ?ts_ph_Nat_2))
03:20:31 [WARN] Found all lemmas
