03:21:39 [0m[33m[WARN] [0mCollecting statistics
(add1 Z ?y) => ?y
(add1 (S ?x) ?y) => (S (add1 ?x ?y))
(add3 Z ?n2) => ?n2
(add3 (S ?n) ?n2) => (add3 ?n (S ?n2))
03:21:39 [0m[33m[WARN] [0m ex is: Z
03:21:39 [0m[33m[WARN] [0m ex is: (S Z)
03:21:39 [0m[33m[WARN] [0m ex is: (S (S Z))
03:21:39 [0m[33m[WARN] [0mRunning exploration without proof mode, but goals were given
03:21:39 [0m[33m[WARN] [0mProof mode: true
03:21:39 [0m[33m[WARN] [0m ex is: Z
03:21:39 [0m[33m[WARN] [0m ex is: (S Z)
03:21:39 [0m[33m[WARN] [0m ex is: (S (S Z))
03:21:39 [0m[33m[WARN] [0mRunning exploration without proof mode, but goals were given
03:21:39 [0m[33m[WARN] [0mProof mode: true
03:21:39 [0m[33m[WARN] [0mproved: (add1 ?ts_ph_Nat_0 Z) => ?ts_ph_Nat_0
03:21:39 [0m[33m[WARN] [0mproved: (add1 ?ts_ph_Nat_0 (S Z)) => (S ?ts_ph_Nat_0)
03:21:39 [0m[33m[WARN] [0mproved: (S ?ts_ph_Nat_0) => (add1 ?ts_ph_Nat_0 (S Z))
03:21:39 [0m[33m[WARN] [0mproved: (add3 (add3 ?ts_ph_Nat_0 ?ts_ph_Nat_1) (S Z)) => (add3 ?ts_ph_Nat_1 (S ?ts_ph_Nat_0))
03:21:39 [0m[33m[WARN] [0mproved: (add3 ?ts_ph_Nat_1 (S ?ts_ph_Nat_0)) => (add3 (add3 ?ts_ph_Nat_0 ?ts_ph_Nat_1) (S Z))
03:21:39 [0m[33m[WARN] [0mproved: (S (add3 ?ts_ph_Nat_0 ?ts_ph_Nat_1)) => (add3 (add3 ?ts_ph_Nat_0 Z) (S ?ts_ph_Nat_1))
03:21:39 [0m[33m[WARN] [0mproved: (add3 (add3 ?ts_ph_Nat_0 Z) (S ?ts_ph_Nat_1)) => (S (add3 ?ts_ph_Nat_0 ?ts_ph_Nat_1))
03:21:39 [0m[33m[WARN] [0mFound all lemmas
done in 97
