08:40:00 [WARN] Collecting statistics
08:40:00 [WARN]  ex is: Z
08:40:00 [WARN]  ex is: (S Z)
08:40:00 [WARN]  ex is: (S (S Z))
08:40:00 [WARN] Running exploration without proof mode, but goals were given
08:40:00 [WARN] Proof mode: true
08:40:00 [WARN]  ex is: Z
08:40:00 [WARN]  ex is: (S Z)
08:40:00 [WARN]  ex is: (S (S Z))
08:40:00 [WARN] Running exploration without proof mode, but goals were given
08:40:00 [WARN] Proof mode: true
08:40:00 [WARN] proved: (add1 ?ts_ph_Nat_0 Z) => ?ts_ph_Nat_0
08:40:01 [WARN] proved: (add ?ts_ph_Nat_1 (S ?ts_ph_Nat_0)) => (S (add ?ts_ph_Nat_1 ?ts_ph_Nat_0))
08:40:01 [WARN] proved: (S (add ?ts_ph_Nat_1 ?ts_ph_Nat_0)) => (add ?ts_ph_Nat_1 (S ?ts_ph_Nat_0))
08:40:01 [WARN] proved: (S (add1 ?ts_ph_Nat_0 ?ts_ph_Nat_1)) => (S (add ?ts_ph_Nat_1 ?ts_ph_Nat_0))
08:40:01 [WARN] proved: (S (add ?ts_ph_Nat_1 ?ts_ph_Nat_0)) => (S (add1 ?ts_ph_Nat_0 ?ts_ph_Nat_1))
08:40:01 [WARN] proved: (add1 ?ts_ph_Nat_0 (S ?ts_ph_Nat_1)) => (S (add ?ts_ph_Nat_1 ?ts_ph_Nat_0))
08:40:01 [WARN] proved: (S (add ?ts_ph_Nat_1 ?ts_ph_Nat_0)) => (add1 ?ts_ph_Nat_0 (S ?ts_ph_Nat_1))
08:40:08 [WARN] proved: (S ?ts_ph_Nat_0) => (S (sol143 ?ts_ph_Nat_0 Z))
08:40:08 [WARN] proved: (S (sol143 ?ts_ph_Nat_0 Z)) => (S ?ts_ph_Nat_0)
