03:20:31 [0m[33m[WARN] [0mCollecting statistics
(add1 Z ?y) => ?y
(add1 (S ?x) ?y) => (S (add1 ?x ?y))
(add4 ?n1 Z) => ?n1
(add4 ?n1 (S ?n)) => (add4 (S ?n1) ?n)
03:20:31 [0m[33m[WARN] [0m ex is: Z
03:20:31 [0m[33m[WARN] [0m ex is: (S Z)
03:20:31 [0m[33m[WARN] [0m ex is: (S (S Z))
03:20:31 [0m[33m[WARN] [0mRunning exploration without proof mode, but goals were given
03:20:31 [0m[33m[WARN] [0mProof mode: true
03:20:31 [0m[33m[WARN] [0m ex is: Z
03:20:31 [0m[33m[WARN] [0m ex is: (S Z)
03:20:31 [0m[33m[WARN] [0m ex is: (S (S Z))
03:20:31 [0m[33m[WARN] [0mRunning exploration without proof mode, but goals were given
03:20:31 [0m[33m[WARN] [0mProof mode: true
03:20:31 [0m[33m[WARN] [0mproved: (add1 ?ts_ph_Nat_0 Z) => ?ts_ph_Nat_0
03:20:31 [0m[33m[WARN] [0mproved: (add4 ?ts_ph_Nat_1 (S ?ts_ph_Nat_0)) => (S (add4 ?ts_ph_Nat_1 ?ts_ph_Nat_0))
03:20:31 [0m[33m[WARN] [0mproved: (S (add4 ?ts_ph_Nat_1 ?ts_ph_Nat_0)) => (add4 ?ts_ph_Nat_1 (S ?ts_ph_Nat_0))
03:20:31 [0m[33m[WARN] [0mproved: (S (add4 Z ?ts_ph_Nat_0)) => (S ?ts_ph_Nat_0)
03:20:31 [0m[33m[WARN] [0mproved: (S ?ts_ph_Nat_0) => (S (add4 Z ?ts_ph_Nat_0))
03:20:31 [0m[33m[WARN] [0mgeneralized case_split proof as: (add1 ?ts_ph_Nat_0 (add1 ?ts_ph_Nat_1 ?ts_ph_Nat_2)) -- (add1 (add4 ?ts_ph_Nat_1 ?ts_ph_Nat_0) ?ts_ph_Nat_2)
03:20:31 [0m[33m[WARN] [0mproved: (add1 ?ts_ph_Nat_0 (add1 ?ts_ph_Nat_1 ?ts_ph_Nat_2)) => (add1 (add4 ?ts_ph_Nat_1 ?ts_ph_Nat_0) ?ts_ph_Nat_2)
03:20:31 [0m[33m[WARN] [0mproved: (add1 (add4 ?ts_ph_Nat_1 ?ts_ph_Nat_0) ?ts_ph_Nat_2) => (add1 ?ts_ph_Nat_0 (add1 ?ts_ph_Nat_1 ?ts_ph_Nat_2))
03:20:31 [0m[33m[WARN] [0mFound all lemmas
done in 102
