08:42:00 [WARN] Collecting statistics
08:42:00 [WARN]  ex is: Z
08:42:00 [WARN]  ex is: (S Z)
08:42:00 [WARN]  ex is: (S (S Z))
08:42:00 [WARN] Running exploration without proof mode, but goals were given
08:42:00 [WARN] Proof mode: true
08:42:00 [WARN]  ex is: Z
08:42:00 [WARN]  ex is: (S Z)
08:42:00 [WARN]  ex is: (S (S Z))
08:42:00 [WARN] Running exploration without proof mode, but goals were given
08:42:00 [WARN] Proof mode: true
08:42:00 [WARN] proved: (sol6 ?ts_ph_Nat_0 Z) => ?ts_ph_Nat_0
08:42:00 [WARN] proved: (add1 ?ts_ph_Nat_0 Z) => ?ts_ph_Nat_0
08:42:00 [WARN] generalized case_split proof as: (add1 (add1 ?ts_ph_Nat_0 ?ts_ph_Nat_1) ?ts_ph_Nat_2) -- (add1 ?ts_ph_Nat_0 (add1 ?ts_ph_Nat_1 ?ts_ph_Nat_2))
08:42:00 [WARN] proved: (add1 (add1 ?ts_ph_Nat_0 ?ts_ph_Nat_1) ?ts_ph_Nat_2) => (add1 ?ts_ph_Nat_0 (add1 ?ts_ph_Nat_1 ?ts_ph_Nat_2))
08:42:00 [WARN] proved: (add1 ?ts_ph_Nat_0 (add1 ?ts_ph_Nat_1 ?ts_ph_Nat_2)) => (add1 (add1 ?ts_ph_Nat_0 ?ts_ph_Nat_1) ?ts_ph_Nat_2)
08:42:00 [WARN] proved: (sol6 ?ts_ph_Nat_0 (add1 ?ts_ph_Nat_0 ?ts_ph_Nat_1)) => (sol6 (add1 ?ts_ph_Nat_0 ?ts_ph_Nat_1) ?ts_ph_Nat_0)
08:42:00 [WARN] proved: (sol6 (add1 ?ts_ph_Nat_0 ?ts_ph_Nat_1) ?ts_ph_Nat_0) => (sol6 ?ts_ph_Nat_0 (add1 ?ts_ph_Nat_0 ?ts_ph_Nat_1))
08:42:00 [WARN] proved: (add1 (sol6 ?ts_ph_Nat_0 ?ts_ph_Nat_0) ?ts_ph_Nat_1) => (sol6 (add1 ?ts_ph_Nat_0 ?ts_ph_Nat_1) ?ts_ph_Nat_0)
08:42:00 [WARN] proved: (sol6 (add1 ?ts_ph_Nat_0 ?ts_ph_Nat_1) ?ts_ph_Nat_0) => (add1 (sol6 ?ts_ph_Nat_0 ?ts_ph_Nat_0) ?ts_ph_Nat_1)
08:42:00 [WARN] proved: (add1 (sol6 ?ts_ph_Nat_0 ?ts_ph_Nat_0) (S ?ts_ph_Nat_1)) => (S (sol6 (add1 ?ts_ph_Nat_0 ?ts_ph_Nat_1) ?ts_ph_Nat_0))
08:42:00 [WARN] proved: (S (sol6 (add1 ?ts_ph_Nat_0 ?ts_ph_Nat_1) ?ts_ph_Nat_0)) => (add1 (sol6 ?ts_ph_Nat_0 ?ts_ph_Nat_0) (S ?ts_ph_Nat_1))
08:42:00 [WARN] proved: (sol6 ?ts_ph_Nat_0 (S ?ts_ph_Nat_0)) => (add1 (sol6 ?ts_ph_Nat_0 ?ts_ph_Nat_0) (S Z))
08:42:00 [WARN] proved: (add1 (sol6 ?ts_ph_Nat_0 ?ts_ph_Nat_0) (S Z)) => (sol6 ?ts_ph_Nat_0 (S ?ts_ph_Nat_0))
08:42:00 [WARN] proved: (S (add1 ?ts_ph_Nat_0 ?ts_ph_Nat_1)) => (add1 ?ts_ph_Nat_0 (S ?ts_ph_Nat_1))
08:42:00 [WARN] proved: (add1 ?ts_ph_Nat_0 (S ?ts_ph_Nat_1)) => (S (add1 ?ts_ph_Nat_0 ?ts_ph_Nat_1))
08:42:00 [WARN] proved: (add1 ?ts_ph_Nat_1 ?ts_ph_Nat_0) => (add1 ?ts_ph_Nat_0 ?ts_ph_Nat_1)
08:42:00 [WARN] proved: (add1 ?ts_ph_Nat_0 ?ts_ph_Nat_1) => (add1 ?ts_ph_Nat_1 ?ts_ph_Nat_0)
08:42:00 [WARN] proved: (sol6 ?ts_ph_Nat_0 ?ts_ph_Nat_0) => (add1 ?ts_ph_Nat_0 ?ts_ph_Nat_0)
08:42:00 [WARN] proved: (add1 ?ts_ph_Nat_0 ?ts_ph_Nat_0) => (sol6 ?ts_ph_Nat_0 ?ts_ph_Nat_0)
08:42:00 [WARN] proved: (sol6 ?ts_ph_Nat_0 (S Z)) => (S ?ts_ph_Nat_0)
08:42:00 [WARN] proved: (S ?ts_ph_Nat_0) => (sol6 ?ts_ph_Nat_0 (S Z))
08:42:00 [WARN] proved: (sol6 (add1 ?ts_ph_Nat_0 ?ts_ph_Nat_1) (S ?ts_ph_Nat_1)) => (S (add1 ?ts_ph_Nat_0 (add1 ?ts_ph_Nat_1 ?ts_ph_Nat_1)))
08:42:00 [WARN] proved: (S (add1 ?ts_ph_Nat_0 (add1 ?ts_ph_Nat_1 ?ts_ph_Nat_1))) => (sol6 (add1 ?ts_ph_Nat_0 ?ts_ph_Nat_1) (S ?ts_ph_Nat_1))
