08:40:00 [0m[33m[WARN] [0mCollecting statistics
(add1 Z ?y) => ?y
(add1 (S ?x) ?y) => (S (add1 ?x ?y))
(sol143 ?n1 ?n2) => (ite (eq ?n1 Z) (add ?n2 ?n1) (add ?n1 ?n2))
(add ?a Z) => ?a
(add ?a (S ?n)) => (add (S ?a) ?n)
08:40:00 [0m[33m[WARN] [0m ex is: Z
08:40:00 [0m[33m[WARN] [0m ex is: (S Z)
08:40:00 [0m[33m[WARN] [0m ex is: (S (S Z))
08:40:00 [0m[33m[WARN] [0mRunning exploration without proof mode, but goals were given
08:40:00 [0m[33m[WARN] [0mProof mode: true
08:40:00 [0m[33m[WARN] [0m ex is: Z
08:40:00 [0m[33m[WARN] [0m ex is: (S Z)
08:40:00 [0m[33m[WARN] [0m ex is: (S (S Z))
08:40:00 [0m[33m[WARN] [0mRunning exploration without proof mode, but goals were given
08:40:00 [0m[33m[WARN] [0mProof mode: true
08:40:00 [0m[33m[WARN] [0mproved: (add1 ?ts_ph_Nat_0 Z) => ?ts_ph_Nat_0
08:40:01 [0m[33m[WARN] [0mproved: (add ?ts_ph_Nat_1 (S ?ts_ph_Nat_0)) => (S (add ?ts_ph_Nat_1 ?ts_ph_Nat_0))
08:40:01 [0m[33m[WARN] [0mproved: (S (add ?ts_ph_Nat_1 ?ts_ph_Nat_0)) => (add ?ts_ph_Nat_1 (S ?ts_ph_Nat_0))
08:40:01 [0m[33m[WARN] [0mproved: (S (add1 ?ts_ph_Nat_0 ?ts_ph_Nat_1)) => (S (add ?ts_ph_Nat_1 ?ts_ph_Nat_0))
08:40:01 [0m[33m[WARN] [0mproved: (S (add ?ts_ph_Nat_1 ?ts_ph_Nat_0)) => (S (add1 ?ts_ph_Nat_0 ?ts_ph_Nat_1))
08:40:01 [0m[33m[WARN] [0mproved: (add1 ?ts_ph_Nat_0 (S ?ts_ph_Nat_1)) => (S (add ?ts_ph_Nat_1 ?ts_ph_Nat_0))
08:40:01 [0m[33m[WARN] [0mproved: (S (add ?ts_ph_Nat_1 ?ts_ph_Nat_0)) => (add1 ?ts_ph_Nat_0 (S ?ts_ph_Nat_1))
08:40:08 [0m[33m[WARN] [0mproved: (S ?ts_ph_Nat_0) => (S (sol143 ?ts_ph_Nat_0 Z))
08:40:08 [0m[33m[WARN] [0mproved: (S (sol143 ?ts_ph_Nat_0 Z)) => (S ?ts_ph_Nat_0)
