08:41:00 [WARN] Collecting statistics
08:41:00 [WARN]  ex is: Z
08:41:00 [WARN]  ex is: (S Z)
08:41:00 [WARN]  ex is: (S (S Z))
08:41:00 [WARN] Running exploration without proof mode, but goals were given
08:41:00 [WARN] Proof mode: true
08:41:00 [WARN]  ex is: Z
08:41:00 [WARN]  ex is: (S Z)
08:41:00 [WARN]  ex is: (S (S Z))
08:41:00 [WARN] Running exploration without proof mode, but goals were given
08:41:00 [WARN] Proof mode: true
08:41:00 [WARN] proved: (sol4 ?ts_ph_Nat_0 Z) => ?ts_ph_Nat_0
08:41:00 [WARN] proved: (sol4 Z ?ts_ph_Nat_0) => ?ts_ph_Nat_0
08:41:48 [WARN] proved: (sol4 ?ts_ph_Nat_0 (S Z)) => (S ?ts_ph_Nat_0)
08:41:48 [WARN] proved: (S ?ts_ph_Nat_0) => (sol4 ?ts_ph_Nat_0 (S Z))
08:41:49 [WARN] proved: (sol4 (S Z) ?ts_ph_Nat_0) => (S ?ts_ph_Nat_0)
08:41:49 [WARN] proved: (S ?ts_ph_Nat_0) => (sol4 (S Z) ?ts_ph_Nat_0)
08:41:49 [WARN] proved: (S (sol4 ?ts_ph_Nat_0 ?ts_ph_Nat_0)) => (sol4 (S ?ts_ph_Nat_0) ?ts_ph_Nat_0)
08:41:49 [WARN] proved: (sol4 (S ?ts_ph_Nat_0) ?ts_ph_Nat_0) => (S (sol4 ?ts_ph_Nat_0 ?ts_ph_Nat_0))
08:41:49 [WARN] proved: (sol4 ?ts_ph_Nat_0 (S ?ts_ph_Nat_0)) => (sol4 (S ?ts_ph_Nat_0) ?ts_ph_Nat_0)
08:41:49 [WARN] proved: (sol4 (S ?ts_ph_Nat_0) ?ts_ph_Nat_0) => (sol4 ?ts_ph_Nat_0 (S ?ts_ph_Nat_0))
08:41:49 [WARN] proved: (sol4 ?ts_ph_Nat_1 ?ts_ph_Nat_0) => (sol4 ?ts_ph_Nat_0 ?ts_ph_Nat_1)
08:41:49 [WARN] proved: (sol4 ?ts_ph_Nat_0 ?ts_ph_Nat_1) => (sol4 ?ts_ph_Nat_1 ?ts_ph_Nat_0)
08:41:49 [WARN] proved: (sol4 ?ts_ph_Nat_0 (S ?ts_ph_Nat_1)) => (S (sol4 ?ts_ph_Nat_0 ?ts_ph_Nat_1))
08:41:49 [WARN] proved: (S (sol4 ?ts_ph_Nat_0 ?ts_ph_Nat_1)) => (sol4 ?ts_ph_Nat_0 (S ?ts_ph_Nat_1))
08:41:49 [WARN] proved: (sol4 ?ts_ph_Nat_0 (sol4 ?ts_ph_Nat_1 ?ts_ph_Nat_2)) => (sol4 ?ts_ph_Nat_1 (sol4 ?ts_ph_Nat_0 ?ts_ph_Nat_2))
08:41:49 [WARN] proved: (sol4 ?ts_ph_Nat_1 (sol4 ?ts_ph_Nat_0 ?ts_ph_Nat_2)) => (sol4 ?ts_ph_Nat_0 (sol4 ?ts_ph_Nat_1 ?ts_ph_Nat_2))
08:41:52 [WARN] Stopped case split due to node limit
08:41:52 [WARN] Stopped case split due to node limit
08:41:53 [WARN] Stopped case split due to node limit
08:41:53 [WARN] Stopped case split due to node limit
08:41:54 [WARN] Stopped case split due to node limit
08:41:54 [WARN] Stopped case split due to node limit
08:41:55 [WARN] Stopped case split due to node limit
08:41:55 [WARN] Stopped case split due to node limit
08:41:55 [WARN] Stopped case split due to node limit
08:41:56 [WARN] Stopped case split due to node limit
08:41:56 [WARN] Stopped case split due to node limit
08:41:57 [WARN] Stopped case split due to node limit
08:41:57 [WARN] Stopped case split due to node limit
08:41:58 [WARN] Stopped case split due to node limit
08:41:58 [WARN] Stopped case split due to node limit
08:41:59 [WARN] Stopped case split due to node limit
08:41:59 [WARN] Stopped case split due to node limit
08:41:59 [WARN] Stopped case split due to node limit
