03:20:31 [WARN] Collecting statistics
03:20:31 [WARN]  ex is: Z
03:20:31 [WARN]  ex is: (S Z)
03:20:31 [WARN]  ex is: (S (S Z))
03:20:31 [WARN] Running exploration without proof mode, but goals were given
03:20:31 [WARN] Proof mode: true
03:20:31 [WARN]  ex is: Z
03:20:31 [WARN]  ex is: (S Z)
03:20:31 [WARN]  ex is: (S (S Z))
03:20:31 [WARN] Running exploration without proof mode, but goals were given
03:20:31 [WARN] Proof mode: true
03:20:31 [WARN] proved: (add2 Z ?ts_ph_Nat_0) => ?ts_ph_Nat_0
03:20:31 [WARN] proved: (add1 ?ts_ph_Nat_0 Z) => ?ts_ph_Nat_0
03:20:31 [WARN] proved: (add1 ?ts_ph_Nat_0 ?ts_ph_Nat_1) => (add2 ?ts_ph_Nat_1 ?ts_ph_Nat_0)
03:20:31 [WARN] proved: (add2 ?ts_ph_Nat_1 ?ts_ph_Nat_0) => (add1 ?ts_ph_Nat_0 ?ts_ph_Nat_1)
03:20:31 [WARN] proved: (add1 ?ts_ph_Nat_0 (S Z)) => (S ?ts_ph_Nat_0)
03:20:31 [WARN] proved: (S ?ts_ph_Nat_0) => (add1 ?ts_ph_Nat_0 (S Z))
03:20:31 [WARN] proved: (add1 ?ts_ph_Nat_0 (S ?ts_ph_Nat_1)) => (S (add1 ?ts_ph_Nat_0 ?ts_ph_Nat_1))
03:20:31 [WARN] proved: (S (add1 ?ts_ph_Nat_0 ?ts_ph_Nat_1)) => (add1 ?ts_ph_Nat_0 (S ?ts_ph_Nat_1))
03:20:31 [WARN] Found all lemmas
