08:41:00 [0m[33m[WARN] [0mCollecting statistics
(add1 Z ?y) => ?y
(add1 (S ?x) ?y) => (S (add1 ?x ?y))
(sol11 ?a Z) => (oneadd ?a)
(sol11 ?a (S ?b1)) => (S (sol11 ?a ?b1))
(oneadd Z) => Z
(oneadd (S ?a1)) => (S (oneadd ?a1))
08:41:00 [0m[33m[WARN] [0m ex is: Z
08:41:00 [0m[33m[WARN] [0m ex is: (S Z)
08:41:00 [0m[33m[WARN] [0m ex is: (S (S Z))
08:41:00 [0m[33m[WARN] [0mRunning exploration without proof mode, but goals were given
08:41:00 [0m[33m[WARN] [0mProof mode: true
08:41:00 [0m[33m[WARN] [0m ex is: Z
08:41:00 [0m[33m[WARN] [0m ex is: (S Z)
08:41:00 [0m[33m[WARN] [0m ex is: (S (S Z))
08:41:00 [0m[33m[WARN] [0mRunning exploration without proof mode, but goals were given
08:41:00 [0m[33m[WARN] [0mProof mode: true
08:41:00 [0m[33m[WARN] [0mproved: (oneadd ?ts_ph_Nat_0) => ?ts_ph_Nat_0
08:41:00 [0m[33m[WARN] [0mproved: (add1 ?ts_ph_Nat_0 Z) => (oneadd ?ts_ph_Nat_0)
08:41:00 [0m[33m[WARN] [0mproved: (oneadd ?ts_ph_Nat_0) => (add1 ?ts_ph_Nat_0 Z)
08:41:00 [0m[33m[WARN] [0mproved: (sol11 Z ?ts_ph_Nat_0) => (oneadd ?ts_ph_Nat_0)
08:41:00 [0m[33m[WARN] [0mproved: (oneadd ?ts_ph_Nat_0) => (sol11 Z ?ts_ph_Nat_0)
08:41:00 [0m[33m[WARN] [0mproved: (sol11 ?ts_ph_Nat_1 ?ts_ph_Nat_0) => (add1 ?ts_ph_Nat_0 ?ts_ph_Nat_1)
08:41:00 [0m[33m[WARN] [0mproved: (add1 ?ts_ph_Nat_0 ?ts_ph_Nat_1) => (sol11 ?ts_ph_Nat_1 ?ts_ph_Nat_0)
08:41:00 [0m[33m[WARN] [0mproved: (add1 ?ts_ph_Nat_0 (S ?ts_ph_Nat_1)) => (S (add1 ?ts_ph_Nat_0 ?ts_ph_Nat_1))
08:41:00 [0m[33m[WARN] [0mproved: (S (add1 ?ts_ph_Nat_0 ?ts_ph_Nat_1)) => (add1 ?ts_ph_Nat_0 (S ?ts_ph_Nat_1))
08:41:00 [0m[33m[WARN] [0mFound all lemmas
done in 19
