02:04:38 [WARN] Collecting statistics
02:04:38 [WARN]  ex is: zero
02:04:38 [WARN]  ex is: (succ zero)
02:04:38 [WARN]  ex is: (succ (succ zero))
02:04:38 [WARN] Running exploration without proof mode, but goals were given
02:04:38 [WARN] Proof mode: true
02:04:38 [WARN]  ex is: zero
02:04:38 [WARN]  ex is: (succ zero)
02:04:38 [WARN]  ex is: (succ (succ zero))
02:04:38 [WARN] Running exploration without proof mode, but goals were given
02:04:38 [WARN] Proof mode: true
02:04:38 [WARN] proved: (nmin ?ts_ph_Nat_0 ?ts_ph_Nat_0) => ?ts_ph_Nat_0
02:04:38 [WARN] proved: (leq zero ?ts_ph_Nat_0) => true
02:04:38 [WARN] proved: (nmin zero ?ts_ph_Nat_0) => zero
02:04:38 [WARN] proved: (less ?ts_ph_Nat_0 ?ts_ph_Nat_0) => false
02:05:25 [WARN] proved: (less (succ ?ts_ph_Nat_0) ?ts_ph_Nat_0) => false
02:05:25 [WARN] proved: (less ?ts_ph_Nat_0 (succ ?ts_ph_Nat_0)) => true
02:05:25 [WARN] proved: (nmin ?ts_ph_Nat_0 (succ zero)) => (nmin (succ zero) ?ts_ph_Nat_0)
02:05:25 [WARN] proved: (nmin (succ zero) ?ts_ph_Nat_0) => (nmin ?ts_ph_Nat_0 (succ zero))
02:05:25 [WARN] proved: (leq (succ zero) (succ ?ts_ph_Nat_0)) => true
