01:59:36 [WARN] Collecting statistics
01:59:36 [WARN]  ex is: zero
01:59:36 [WARN]  ex is: (succ zero)
01:59:36 [WARN]  ex is: (succ (succ zero))
01:59:36 [WARN]  ex is: nil
01:59:36 [WARN]  ex is: (cons autovar_Nat_0 nil)
01:59:36 [WARN]  ex is: (cons autovar_Nat_1 (cons autovar_Nat_0 nil))
01:59:36 [WARN] Running exploration without proof mode, but goals were given
01:59:36 [WARN] Proof mode: true
01:59:36 [WARN]  ex is: zero
01:59:36 [WARN]  ex is: (succ zero)
01:59:36 [WARN]  ex is: (succ (succ zero))
01:59:36 [WARN]  ex is: nil
01:59:36 [WARN]  ex is: (cons autovar_Nat_0 nil)
01:59:36 [WARN]  ex is: (cons autovar_Nat_1 (cons autovar_Nat_0 nil))
01:59:36 [WARN] Running exploration without proof mode, but goals were given
01:59:36 [WARN] Proof mode: true
01:59:39 [WARN] proved: (append ?ts_ph_Lst_0 nil) => ?ts_ph_Lst_0
01:59:39 [WARN] proved: (minus ?ts_ph_Nat_0 ?ts_ph_Nat_0) => zero
01:59:39 [WARN] proved: (leq zero ?ts_ph_Nat_0) => true
