02:02:37 [WARN] Collecting statistics
02:02:37 [WARN]  ex is: zero
02:02:37 [WARN]  ex is: (succ zero)
02:02:37 [WARN]  ex is: (succ (succ zero))
02:02:37 [WARN]  ex is: nil
02:02:37 [WARN]  ex is: (cons autovar_Nat_0 nil)
02:02:37 [WARN]  ex is: (cons autovar_Nat_1 (cons autovar_Nat_0 nil))
02:02:37 [WARN]  ex is: (mkpair autovar_Nat_0 autovar_Nat_1)
02:02:37 [WARN]  ex is: znil
02:02:37 [WARN]  ex is: (zcons autovar_Pair_0 znil)
02:02:37 [WARN]  ex is: (zcons autovar_Pair_1 (zcons autovar_Pair_0 znil))
02:02:37 [WARN] Running exploration without proof mode, but goals were given
02:02:37 [WARN] Proof mode: true
02:02:37 [WARN]  ex is: zero
02:02:37 [WARN]  ex is: (succ zero)
02:02:37 [WARN]  ex is: (succ (succ zero))
02:02:37 [WARN]  ex is: nil
02:02:37 [WARN]  ex is: (cons autovar_Nat_0 nil)
02:02:37 [WARN]  ex is: (cons autovar_Nat_1 (cons autovar_Nat_0 nil))
02:02:37 [WARN]  ex is: (mkpair autovar_Nat_0 autovar_Nat_1)
02:02:37 [WARN]  ex is: znil
02:02:37 [WARN]  ex is: (zcons autovar_Pair_0 znil)
02:02:37 [WARN]  ex is: (zcons autovar_Pair_1 (zcons autovar_Pair_0 znil))
02:02:37 [WARN] Running exploration without proof mode, but goals were given
02:02:37 [WARN] Proof mode: true
02:02:37 [WARN] proved: (zappend ?ts_ph_ZLst_0 znil) => ?ts_ph_ZLst_0
02:02:37 [WARN] proved: (leq zero ?ts_ph_Nat_0) => true
02:02:37 [WARN] proved: (append ?ts_ph_Lst_0 nil) => ?ts_ph_Lst_0
02:02:51 [WARN] generalized case_split proof as: (append ?ts_ph_Lst_0 (append ?ts_ph_Lst_1 ?ts_ph_Lst_2)) -- (append (append ?ts_ph_Lst_0 ?ts_ph_Lst_1) ?ts_ph_Lst_2)
02:02:51 [WARN] proved: (append ?ts_ph_Lst_0 (append ?ts_ph_Lst_1 ?ts_ph_Lst_2)) => (append (append ?ts_ph_Lst_0 ?ts_ph_Lst_1) ?ts_ph_Lst_2)
02:02:51 [WARN] proved: (append (append ?ts_ph_Lst_0 ?ts_ph_Lst_1) ?ts_ph_Lst_2) => (append ?ts_ph_Lst_0 (append ?ts_ph_Lst_1 ?ts_ph_Lst_2))
02:02:51 [WARN] generalized case_split proof as: (zappend (zappend ?ts_ph_ZLst_0 ?ts_ph_ZLst_1) ?ts_ph_ZLst_2) -- (zappend ?ts_ph_ZLst_0 (zappend ?ts_ph_ZLst_1 ?ts_ph_ZLst_2))
02:02:51 [WARN] proved: (zappend (zappend ?ts_ph_ZLst_0 ?ts_ph_ZLst_1) ?ts_ph_ZLst_2) => (zappend ?ts_ph_ZLst_0 (zappend ?ts_ph_ZLst_1 ?ts_ph_ZLst_2))
02:02:51 [WARN] proved: (zappend ?ts_ph_ZLst_0 (zappend ?ts_ph_ZLst_1 ?ts_ph_ZLst_2)) => (zappend (zappend ?ts_ph_ZLst_0 ?ts_ph_ZLst_1) ?ts_ph_ZLst_2)
02:02:51 [WARN] proved: (zip ?ts_ph_Lst_0 (append ?ts_ph_Lst_0 ?ts_ph_Lst_1)) => (zip (append ?ts_ph_Lst_0 ?ts_ph_Lst_1) ?ts_ph_Lst_0)
02:02:51 [WARN] proved: (zip (append ?ts_ph_Lst_0 ?ts_ph_Lst_1) ?ts_ph_Lst_0) => (zip ?ts_ph_Lst_0 (append ?ts_ph_Lst_0 ?ts_ph_Lst_1))
02:02:51 [WARN] proved: (leq (succ zero) (succ ?ts_ph_Nat_0)) => true
02:02:51 [WARN] proved: (zip (append ?ts_ph_Lst_0 ?ts_ph_Lst_1) ?ts_ph_Lst_0) => (zip ?ts_ph_Lst_0 (append ?ts_ph_Lst_0 ?ts_ph_Lst_0))
02:02:51 [WARN] proved: (zip (append ?ts_ph_Lst_0 ?ts_ph_Lst_0) (cons ?ts_ph_Nat_1 nil)) => (zip ?ts_ph_Lst_0 (cons ?ts_ph_Nat_1 nil))
02:02:51 [WARN] proved: (zip ?ts_ph_Lst_0 (cons ?ts_ph_Nat_1 nil)) => (zip (append ?ts_ph_Lst_0 ?ts_ph_Lst_0) (cons ?ts_ph_Nat_1 nil))
02:02:51 [WARN] proved: (zip (cons ?ts_ph_Nat_1 nil) ?ts_ph_Lst_0) => (zip (cons ?ts_ph_Nat_1 nil) (append ?ts_ph_Lst_0 ?ts_ph_Lst_0))
02:02:51 [WARN] proved: (zip (cons ?ts_ph_Nat_1 nil) (append ?ts_ph_Lst_0 ?ts_ph_Lst_0)) => (zip (cons ?ts_ph_Nat_1 nil) ?ts_ph_Lst_0)
02:02:51 [WARN] proved: (zrev (zappend ?ts_ph_ZLst_0 ?ts_ph_ZLst_1)) => (zappend (zrev ?ts_ph_ZLst_1) (zrev ?ts_ph_ZLst_0))
02:02:51 [WARN] proved: (zappend (zrev ?ts_ph_ZLst_1) (zrev ?ts_ph_ZLst_0)) => (zrev (zappend ?ts_ph_ZLst_0 ?ts_ph_ZLst_1))
02:02:51 [WARN] proved: (zrev (zrev ?ts_ph_ZLst_0)) => ?ts_ph_ZLst_0
02:02:52 [WARN] proved: (append (rev ?ts_ph_Lst_1) (rev ?ts_ph_Lst_0)) => (rev (append ?ts_ph_Lst_0 ?ts_ph_Lst_1))
02:02:52 [WARN] proved: (rev (append ?ts_ph_Lst_0 ?ts_ph_Lst_1)) => (append (rev ?ts_ph_Lst_1) (rev ?ts_ph_Lst_0))
02:02:55 [WARN] proved: (rev (rev ?ts_ph_Lst_0)) => ?ts_ph_Lst_0
02:03:13 [WARN] proved: (zip (append ?ts_ph_Lst_0 ?ts_ph_Lst_1) (append ?ts_ph_Lst_0 ?ts_ph_Lst_2)) => (zappend (zip ?ts_ph_Lst_0 ?ts_ph_Lst_0) (zip ?ts_ph_Lst_1 ?ts_ph_Lst_2))
02:03:13 [WARN] proved: (zappend (zip ?ts_ph_Lst_0 ?ts_ph_Lst_0) (zip ?ts_ph_Lst_1 ?ts_ph_Lst_2)) => (zip (append ?ts_ph_Lst_0 ?ts_ph_Lst_1) (append ?ts_ph_Lst_0 ?ts_ph_Lst_2))
