01:42:15 [WARN] Collecting statistics
01:42:15 [WARN]  ex is: zero
01:42:15 [WARN]  ex is: (succ zero)
01:42:15 [WARN]  ex is: (succ (succ zero))
01:42:15 [WARN]  ex is: nil
01:42:15 [WARN]  ex is: (cons autovar_Nat_0 nil)
01:42:15 [WARN]  ex is: (cons autovar_Nat_1 (cons autovar_Nat_0 nil))
01:42:15 [WARN]  ex is: (mkpair autovar_Nat_0 autovar_Nat_1)
01:42:15 [WARN]  ex is: znil
01:42:15 [WARN]  ex is: (zcons autovar_Pair_0 znil)
01:42:15 [WARN]  ex is: (zcons autovar_Pair_1 (zcons autovar_Pair_0 znil))
01:42:15 [WARN] Running exploration without proof mode, but goals were given
01:42:15 [WARN] Proof mode: true
01:42:15 [WARN]  ex is: zero
01:42:15 [WARN]  ex is: (succ zero)
01:42:15 [WARN]  ex is: (succ (succ zero))
01:42:15 [WARN]  ex is: nil
01:42:15 [WARN]  ex is: (cons autovar_Nat_0 nil)
01:42:15 [WARN]  ex is: (cons autovar_Nat_1 (cons autovar_Nat_0 nil))
01:42:15 [WARN]  ex is: (mkpair autovar_Nat_0 autovar_Nat_1)
01:42:15 [WARN]  ex is: znil
01:42:15 [WARN]  ex is: (zcons autovar_Pair_0 znil)
01:42:15 [WARN]  ex is: (zcons autovar_Pair_1 (zcons autovar_Pair_0 znil))
01:42:15 [WARN] Running exploration without proof mode, but goals were given
01:42:15 [WARN] Proof mode: true
01:42:24 [WARN] proved: (leq zero ?ts_ph_Nat_0) => true
