01:57:02 [WARN] Collecting statistics
01:57:02 [WARN]  ex is: zero
01:57:02 [WARN]  ex is: (succ zero)
01:57:02 [WARN]  ex is: (succ (succ zero))
01:57:02 [WARN]  ex is: nil
01:57:02 [WARN]  ex is: (cons autovar_Nat_0 nil)
01:57:02 [WARN]  ex is: (cons autovar_Nat_1 (cons autovar_Nat_0 nil))
01:57:02 [WARN] Running exploration without proof mode, but goals were given
01:57:02 [WARN] Proof mode: true
01:57:02 [WARN]  ex is: zero
01:57:02 [WARN]  ex is: (succ zero)
01:57:02 [WARN]  ex is: (succ (succ zero))
01:57:02 [WARN]  ex is: nil
01:57:02 [WARN]  ex is: (cons autovar_Nat_0 nil)
01:57:02 [WARN]  ex is: (cons autovar_Nat_1 (cons autovar_Nat_0 nil))
01:57:02 [WARN] Running exploration without proof mode, but goals were given
01:57:02 [WARN] Proof mode: true
01:57:02 [WARN] proved: (less ?ts_ph_Nat_0 ?ts_ph_Nat_0) => false
01:57:02 [WARN] proved: (leq zero ?ts_ph_Nat_0) => true
01:57:05 [WARN] proved: (leq (succ zero) (succ ?ts_ph_Nat_0)) => true
01:57:05 [WARN] proved: (less ?ts_ph_Nat_0 (succ ?ts_ph_Nat_0)) => (leq (succ zero) (succ ?ts_ph_Nat_0))
01:57:05 [WARN] proved: (leq (succ zero) (succ ?ts_ph_Nat_0)) => (less ?ts_ph_Nat_0 (succ ?ts_ph_Nat_0))
01:57:05 [WARN] proved: (filter (filter ?ts_ph_Lst_0)) => (filter ?ts_ph_Lst_0)
01:57:05 [WARN] proved: (filter ?ts_ph_Lst_0) => (filter (filter ?ts_ph_Lst_0))
01:57:05 [WARN] proved: (less (succ ?ts_ph_Nat_0) ?ts_ph_Nat_0) => false
