01:54:02 [0m[33m[WARN] [0mCollecting statistics
(leq ?__x0 ?__y1) => (or (= ?__x0 ?__y1) (less ?__x0 ?__y1))
(or (= ?__x0 ?__y1) (less ?__x0 ?__y1)) => (leq ?__x0 ?__y1)
(plus zero ?n) => ?n
(plus (succ ?n) ?m) => (succ (plus ?n ?m))
(succ (plus ?n ?m)) => (plus (succ ?n) ?m)
(drop ?x nil) => nil
(drop zero ?x2) => ?x2
(drop (succ ?x) (cons ?y ?z)) => (drop ?x ?z)
(take ?x nil) => nil
(take zero ?x3) => nil
(take (succ ?x) (cons ?y ?z)) => (cons ?y (take ?x ?z))
(cons ?y (take ?x ?z)) => (take (succ ?x) (cons ?y ?z))
Searcher: (drop ?autovar5 (cons ?autovar2 ?autovar3))
Searcher: (drop (succ ?autovar4) ?autovar6)
Searcher: (take ?autovar5 (cons ?autovar2 ?autovar3))
Searcher: (take (succ ?autovar4) ?autovar6)
01:54:02 [0m[33m[WARN] [0m ex is: zero
01:54:02 [0m[33m[WARN] [0m ex is: (succ zero)
01:54:02 [0m[33m[WARN] [0m ex is: (succ (succ zero))
01:54:02 [0m[33m[WARN] [0m ex is: nil
01:54:02 [0m[33m[WARN] [0m ex is: (cons autovar_Nat_0 nil)
01:54:02 [0m[33m[WARN] [0m ex is: (cons autovar_Nat_1 (cons autovar_Nat_0 nil))
01:54:02 [0m[33m[WARN] [0mRunning exploration without proof mode, but goals were given
01:54:02 [0m[33m[WARN] [0mProof mode: true
01:54:02 [0m[33m[WARN] [0m ex is: zero
01:54:02 [0m[33m[WARN] [0m ex is: (succ zero)
01:54:02 [0m[33m[WARN] [0m ex is: (succ (succ zero))
01:54:02 [0m[33m[WARN] [0m ex is: nil
01:54:02 [0m[33m[WARN] [0m ex is: (cons autovar_Nat_0 nil)
01:54:02 [0m[33m[WARN] [0m ex is: (cons autovar_Nat_1 (cons autovar_Nat_0 nil))
01:54:02 [0m[33m[WARN] [0mRunning exploration without proof mode, but goals were given
01:54:02 [0m[33m[WARN] [0mProof mode: true
01:54:04 [0m[33m[WARN] [0mproved: (plus ?ts_ph_Nat_0 zero) => ?ts_ph_Nat_0
01:54:04 [0m[33m[WARN] [0mproved: (leq zero ?ts_ph_Nat_0) => true
