02:04:37 [0m[33m[WARN] [0mCollecting statistics
(leq ?__x0 ?__y1) => (or (= ?__x0 ?__y1) (less ?__x0 ?__y1))
(or (= ?__x0 ?__y1) (less ?__x0 ?__y1)) => (leq ?__x0 ?__y1)
(last (cons ?x ?y)) => (ite (= ?y nil) ?x (last ?y))
(ite (= ?y nil) ?x (last ?y)) => (last (cons ?x ?y))
02:04:37 [0m[33m[WARN] [0m ex is: zero
02:04:37 [0m[33m[WARN] [0m ex is: (succ zero)
02:04:37 [0m[33m[WARN] [0m ex is: (succ (succ zero))
02:04:37 [0m[33m[WARN] [0m ex is: nil
02:04:37 [0m[33m[WARN] [0m ex is: (cons autovar_Nat_0 nil)
02:04:37 [0m[33m[WARN] [0m ex is: (cons autovar_Nat_1 (cons autovar_Nat_0 nil))
02:04:37 [0m[33m[WARN] [0mRunning exploration without proof mode, but goals were given
02:04:37 [0m[33m[WARN] [0mProof mode: true
02:04:37 [0m[33m[WARN] [0m ex is: zero
02:04:37 [0m[33m[WARN] [0m ex is: (succ zero)
02:04:37 [0m[33m[WARN] [0m ex is: (succ (succ zero))
02:04:37 [0m[33m[WARN] [0m ex is: nil
02:04:37 [0m[33m[WARN] [0m ex is: (cons autovar_Nat_0 nil)
02:04:37 [0m[33m[WARN] [0m ex is: (cons autovar_Nat_1 (cons autovar_Nat_0 nil))
02:04:37 [0m[33m[WARN] [0mRunning exploration without proof mode, but goals were given
02:04:37 [0m[33m[WARN] [0mProof mode: true
02:04:38 [0m[33m[WARN] [0mFound all lemmas
done in 2
