01:36:04 [WARN] Collecting statistics
01:36:04 [WARN]  ex is: zero
01:36:04 [WARN]  ex is: (succ zero)
01:36:04 [WARN]  ex is: (succ (succ zero))
01:36:04 [WARN]  ex is: leaf
01:36:04 [WARN]  ex is: (node autovar_Nat_0 leaf leaf)
01:36:04 [WARN]  ex is: (node autovar_Nat_1 (node autovar_Nat_0 leaf leaf) (node autovar_Nat_0 leaf leaf))
01:36:04 [WARN] Running exploration without proof mode, but goals were given
01:36:04 [WARN] Proof mode: true
01:36:04 [WARN]  ex is: zero
01:36:04 [WARN]  ex is: (succ zero)
01:36:04 [WARN]  ex is: (succ (succ zero))
01:36:04 [WARN]  ex is: leaf
01:36:04 [WARN]  ex is: (node autovar_Nat_0 leaf leaf)
01:36:04 [WARN]  ex is: (node autovar_Nat_1 (node autovar_Nat_0 leaf leaf) (node autovar_Nat_0 leaf leaf))
01:36:04 [WARN] Running exploration without proof mode, but goals were given
01:36:04 [WARN] Proof mode: true
01:36:05 [WARN] proved: (nmax ?ts_ph_Nat_0 ?ts_ph_Nat_0) => ?ts_ph_Nat_0
01:36:05 [WARN] proved: (nmax zero ?ts_ph_Nat_0) => ?ts_ph_Nat_0
01:36:05 [WARN] proved: (less ?ts_ph_Nat_0 ?ts_ph_Nat_0) => false
01:36:05 [WARN] proved: (leq zero ?ts_ph_Nat_0) => true
