01:48:00 [WARN] Collecting statistics
01:48:00 [WARN]  ex is: zero
01:48:00 [WARN]  ex is: (succ zero)
01:48:00 [WARN]  ex is: (succ (succ zero))
01:48:00 [WARN] Running exploration without proof mode, but goals were given
01:48:00 [WARN] Proof mode: true
01:48:00 [WARN]  ex is: zero
01:48:00 [WARN]  ex is: (succ zero)
01:48:00 [WARN]  ex is: (succ (succ zero))
01:48:00 [WARN] Running exploration without proof mode, but goals were given
01:48:00 [WARN] Proof mode: true
01:48:01 [WARN] proved: (nmin ?ts_ph_Nat_0 ?ts_ph_Nat_0) => ?ts_ph_Nat_0
01:48:01 [WARN] proved: (less ?ts_ph_Nat_0 ?ts_ph_Nat_0) => false
01:48:01 [WARN] proved: (leq zero ?ts_ph_Nat_0) => true
01:48:01 [WARN] proved: (nmin zero ?ts_ph_Nat_0) => zero
01:48:47 [WARN] proved: (less ?ts_ph_Nat_0 (succ ?ts_ph_Nat_0)) => true
01:48:47 [WARN] proved: (less (succ ?ts_ph_Nat_0) ?ts_ph_Nat_0) => false
01:48:47 [WARN] proved: (nmin (succ zero) ?ts_ph_Nat_0) => (nmin ?ts_ph_Nat_0 (succ zero))
01:48:47 [WARN] proved: (nmin ?ts_ph_Nat_0 (succ zero)) => (nmin (succ zero) ?ts_ph_Nat_0)
01:48:47 [WARN] proved: (leq (succ zero) (succ ?ts_ph_Nat_0)) => true
