01:46:51 [WARN] Collecting statistics
01:46:51 [WARN]  ex is: zero
01:46:51 [WARN]  ex is: (succ zero)
01:46:51 [WARN]  ex is: (succ (succ zero))
01:46:51 [WARN]  ex is: nil
01:46:51 [WARN]  ex is: (cons autovar_Nat_0 nil)
01:46:51 [WARN]  ex is: (cons autovar_Nat_1 (cons autovar_Nat_0 nil))
01:46:51 [WARN] Running exploration without proof mode, but goals were given
01:46:51 [WARN] Proof mode: true
01:46:51 [WARN]  ex is: zero
01:46:51 [WARN]  ex is: (succ zero)
01:46:51 [WARN]  ex is: (succ (succ zero))
01:46:51 [WARN]  ex is: nil
01:46:51 [WARN]  ex is: (cons autovar_Nat_0 nil)
01:46:51 [WARN]  ex is: (cons autovar_Nat_1 (cons autovar_Nat_0 nil))
01:46:51 [WARN] Running exploration without proof mode, but goals were given
01:46:51 [WARN] Proof mode: true
01:46:51 [WARN] proved: (append ?ts_ph_Lst_0 nil) => ?ts_ph_Lst_0
01:46:51 [WARN] proved: (leq zero ?ts_ph_Nat_0) => true
01:46:53 [WARN] proved: (leq (succ zero) (succ ?ts_ph_Nat_0)) => true
01:46:53 [WARN] proved: (append ?ts_ph_Lst_0 (append ?ts_ph_Lst_1 ?ts_ph_Lst_2)) => (append (append ?ts_ph_Lst_0 ?ts_ph_Lst_1) ?ts_ph_Lst_2)
01:46:53 [WARN] proved: (append (append ?ts_ph_Lst_0 ?ts_ph_Lst_1) ?ts_ph_Lst_2) => (append ?ts_ph_Lst_0 (append ?ts_ph_Lst_1 ?ts_ph_Lst_2))
01:46:53 [WARN] proved: (rev (append ?ts_ph_Lst_0 ?ts_ph_Lst_1)) => (append (rev ?ts_ph_Lst_1) (rev ?ts_ph_Lst_0))
01:46:53 [WARN] proved: (append (rev ?ts_ph_Lst_1) (rev ?ts_ph_Lst_0)) => (rev (append ?ts_ph_Lst_0 ?ts_ph_Lst_1))
01:46:53 [WARN] proved: (rev (rev ?ts_ph_Lst_0)) => ?ts_ph_Lst_0
