01:40:04 [WARN] Collecting statistics
01:40:04 [WARN]  ex is: zero
01:40:04 [WARN]  ex is: (succ zero)
01:40:04 [WARN]  ex is: (succ (succ zero))
01:40:04 [WARN]  ex is: nil
01:40:04 [WARN]  ex is: (cons autovar_Nat_0 nil)
01:40:04 [WARN]  ex is: (cons autovar_Nat_1 (cons autovar_Nat_0 nil))
01:40:04 [WARN] Running exploration without proof mode, but goals were given
01:40:04 [WARN] Proof mode: true
01:40:04 [WARN]  ex is: zero
01:40:04 [WARN]  ex is: (succ zero)
01:40:04 [WARN]  ex is: (succ (succ zero))
01:40:04 [WARN]  ex is: nil
01:40:04 [WARN]  ex is: (cons autovar_Nat_0 nil)
01:40:04 [WARN]  ex is: (cons autovar_Nat_1 (cons autovar_Nat_0 nil))
01:40:04 [WARN] Running exploration without proof mode, but goals were given
01:40:04 [WARN] Proof mode: true
01:40:05 [WARN] proved: (leq zero ?ts_ph_Nat_0) => true
01:40:05 [WARN] proved: (less ?ts_ph_Nat_0 ?ts_ph_Nat_0) => false
01:40:05 [WARN] proved: (append ?ts_ph_Lst_0 nil) => ?ts_ph_Lst_0
