02:05:27 [WARN] Collecting statistics
02:05:27 [WARN]  ex is: zero
02:05:27 [WARN]  ex is: (succ zero)
02:05:27 [WARN]  ex is: (succ (succ zero))
02:05:27 [WARN] Running exploration without proof mode, but goals were given
02:05:27 [WARN] Proof mode: true
02:05:27 [WARN]  ex is: zero
02:05:27 [WARN]  ex is: (succ zero)
02:05:27 [WARN]  ex is: (succ (succ zero))
02:05:27 [WARN] Running exploration without proof mode, but goals were given
02:05:27 [WARN] Proof mode: true
02:05:27 [WARN] proved: (plus ?ts_ph_Nat_0 zero) => ?ts_ph_Nat_0
02:05:27 [WARN] proved: (minus ?ts_ph_Nat_0 ?ts_ph_Nat_0) => zero
02:05:27 [WARN] proved: (leq zero ?ts_ph_Nat_0) => true
02:06:15 [WARN] proved: (succ ?ts_ph_Nat_0) => (plus ?ts_ph_Nat_0 (succ zero))
02:06:15 [WARN] proved: (plus ?ts_ph_Nat_0 (succ zero)) => (succ ?ts_ph_Nat_0)
02:06:15 [WARN] proved: (minus (succ ?ts_ph_Nat_0) ?ts_ph_Nat_0) => (succ zero)
02:06:15 [WARN] generalized case_split proof as: (plus ?ts_ph_Nat_0 (plus ?ts_ph_Nat_1 ?ts_ph_Nat_2)) -- (plus (plus ?ts_ph_Nat_0 ?ts_ph_Nat_1) ?ts_ph_Nat_2)
02:06:15 [WARN] proved: (plus ?ts_ph_Nat_0 (plus ?ts_ph_Nat_1 ?ts_ph_Nat_2)) => (plus (plus ?ts_ph_Nat_0 ?ts_ph_Nat_1) ?ts_ph_Nat_2)
02:06:15 [WARN] proved: (plus (plus ?ts_ph_Nat_0 ?ts_ph_Nat_1) ?ts_ph_Nat_2) => (plus ?ts_ph_Nat_0 (plus ?ts_ph_Nat_1 ?ts_ph_Nat_2))
02:06:15 [WARN] Found all lemmas
