01:59:36 [0m[33m[WARN] [0mCollecting statistics
(leq ?__x0 ?__y1) => (or (= ?__x0 ?__y1) (less ?__x0 ?__y1))
(or (= ?__x0 ?__y1) (less ?__x0 ?__y1)) => (leq ?__x0 ?__y1)
(minus zero ?n) => zero
(minus ?n zero) => ?n
(minus (succ ?n) (succ ?m)) => (minus ?n ?m)
(minus ?n ?m) => (minus (succ ?n) (succ ?m))
(append nil ?x) => ?x
(append (cons ?x2 ?y) ?z) => (cons ?x2 (append ?y ?z))
(cons ?x2 (append ?y ?z)) => (append (cons ?x2 ?y) ?z)
(len nil) => zero
zero => (len nil)
(len (cons ?x3 ?y)) => (succ (len ?y))
(drop ?x4 nil) => nil
(drop zero ?x) => ?x
(drop (succ ?x5) (cons ?y6 ?z)) => (drop ?x5 ?z)
(take ?x7 nil) => nil
(take zero ?x) => nil
(take (succ ?x8) (cons ?y9 ?z)) => (cons ?y9 (take ?x8 ?z))
(cons ?y9 (take ?x8 ?z)) => (take (succ ?x8) (cons ?y9 ?z))
(rev nil) => nil
nil => (rev nil)
(rev (cons ?x10 ?y)) => (append (rev ?y) (cons ?x10 nil))
(append (rev ?y) (cons ?x10 nil)) => (rev (cons ?x10 ?y))
Searcher: (minus ?autovar4 (succ ?autovar2))
Searcher: (minus (succ ?autovar3) ?autovar5)
Searcher: (drop ?autovar5 (cons ?autovar2 ?autovar3))
Searcher: (drop (succ ?autovar4) ?autovar6)
Searcher: (take ?autovar5 (cons ?autovar2 ?autovar3))
Searcher: (take (succ ?autovar4) ?autovar6)
01:59:36 [0m[33m[WARN] [0m ex is: zero
01:59:36 [0m[33m[WARN] [0m ex is: (succ zero)
01:59:36 [0m[33m[WARN] [0m ex is: (succ (succ zero))
01:59:36 [0m[33m[WARN] [0m ex is: nil
01:59:36 [0m[33m[WARN] [0m ex is: (cons autovar_Nat_0 nil)
01:59:36 [0m[33m[WARN] [0m ex is: (cons autovar_Nat_1 (cons autovar_Nat_0 nil))
01:59:36 [0m[33m[WARN] [0mRunning exploration without proof mode, but goals were given
01:59:36 [0m[33m[WARN] [0mProof mode: true
01:59:36 [0m[33m[WARN] [0m ex is: zero
01:59:36 [0m[33m[WARN] [0m ex is: (succ zero)
01:59:36 [0m[33m[WARN] [0m ex is: (succ (succ zero))
01:59:36 [0m[33m[WARN] [0m ex is: nil
01:59:36 [0m[33m[WARN] [0m ex is: (cons autovar_Nat_0 nil)
01:59:36 [0m[33m[WARN] [0m ex is: (cons autovar_Nat_1 (cons autovar_Nat_0 nil))
01:59:36 [0m[33m[WARN] [0mRunning exploration without proof mode, but goals were given
01:59:36 [0m[33m[WARN] [0mProof mode: true
01:59:39 [0m[33m[WARN] [0mproved: (append ?ts_ph_Lst_0 nil) => ?ts_ph_Lst_0
01:59:39 [0m[33m[WARN] [0mproved: (minus ?ts_ph_Nat_0 ?ts_ph_Nat_0) => zero
01:59:39 [0m[33m[WARN] [0mproved: (leq zero ?ts_ph_Nat_0) => true
