01:42:15 [0m[33m[WARN] [0mCollecting statistics
(leq ?__x0 ?__y1) => (or (= ?__x0 ?__y1) (less ?__x0 ?__y1))
(or (= ?__x0 ?__y1) (less ?__x0 ?__y1)) => (leq ?__x0 ?__y1)
(take ?x nil) => nil
(take zero ?x2) => nil
(take (succ ?x) (cons ?y ?z)) => (cons ?y (take ?x ?z))
(cons ?y (take ?x ?z)) => (take (succ ?x) (cons ?y ?z))
(zip nil ?x3) => znil
(zip ?x4 nil) => znil
(zip (cons ?x ?y5) (cons ?z6 ?w)) => (zcons (mkpair ?x ?z6) (zip ?y5 ?w))
(zcons (mkpair ?x ?z6) (zip ?y5 ?w)) => (zip (cons ?x ?y5) (cons ?z6 ?w))
(ztake ?x znil) => znil
(ztake zero ?x7) => znil
(ztake (succ ?x) (zcons ?y8 ?z9)) => (zcons ?y8 (ztake ?x ?z9))
(zcons ?y8 (ztake ?x ?z9)) => (ztake (succ ?x) (zcons ?y8 ?z9))
Searcher: (take ?autovar5 (cons ?autovar2 ?autovar3))
Searcher: (take (succ ?autovar4) ?autovar6)
Searcher: (zip ?autovar7 (cons ?autovar3 ?autovar4))
Searcher: (zip (cons ?autovar5 ?autovar6) ?autovar8)
Searcher: (ztake ?autovar5 (zcons ?autovar2 ?autovar3))
Searcher: (ztake (succ ?autovar4) ?autovar6)
01:42:15 [0m[33m[WARN] [0m ex is: zero
01:42:15 [0m[33m[WARN] [0m ex is: (succ zero)
01:42:15 [0m[33m[WARN] [0m ex is: (succ (succ zero))
01:42:15 [0m[33m[WARN] [0m ex is: nil
01:42:15 [0m[33m[WARN] [0m ex is: (cons autovar_Nat_0 nil)
01:42:15 [0m[33m[WARN] [0m ex is: (cons autovar_Nat_1 (cons autovar_Nat_0 nil))
01:42:15 [0m[33m[WARN] [0m ex is: (mkpair autovar_Nat_0 autovar_Nat_1)
01:42:15 [0m[33m[WARN] [0m ex is: znil
01:42:15 [0m[33m[WARN] [0m ex is: (zcons autovar_Pair_0 znil)
01:42:15 [0m[33m[WARN] [0m ex is: (zcons autovar_Pair_1 (zcons autovar_Pair_0 znil))
01:42:15 [0m[33m[WARN] [0mRunning exploration without proof mode, but goals were given
01:42:15 [0m[33m[WARN] [0mProof mode: true
01:42:15 [0m[33m[WARN] [0m ex is: zero
01:42:15 [0m[33m[WARN] [0m ex is: (succ zero)
01:42:15 [0m[33m[WARN] [0m ex is: (succ (succ zero))
01:42:15 [0m[33m[WARN] [0m ex is: nil
01:42:15 [0m[33m[WARN] [0m ex is: (cons autovar_Nat_0 nil)
01:42:15 [0m[33m[WARN] [0m ex is: (cons autovar_Nat_1 (cons autovar_Nat_0 nil))
01:42:15 [0m[33m[WARN] [0m ex is: (mkpair autovar_Nat_0 autovar_Nat_1)
01:42:15 [0m[33m[WARN] [0m ex is: znil
01:42:15 [0m[33m[WARN] [0m ex is: (zcons autovar_Pair_0 znil)
01:42:15 [0m[33m[WARN] [0m ex is: (zcons autovar_Pair_1 (zcons autovar_Pair_0 znil))
01:42:15 [0m[33m[WARN] [0mRunning exploration without proof mode, but goals were given
01:42:15 [0m[33m[WARN] [0mProof mode: true
01:42:24 [0m[33m[WARN] [0mproved: (leq zero ?ts_ph_Nat_0) => true
