01:36:04 [0m[33m[WARN] [0mCollecting statistics
(leq ?__x0 ?__y1) => (or (= ?__x0 ?__y1) (less ?__x0 ?__y1))
(or (= ?__x0 ?__y1) (less ?__x0 ?__y1)) => (leq ?__x0 ?__y1)
(less ?x zero) => false
(less zero (succ ?x)) => true
(less (succ ?x) (succ ?y)) => (less ?x ?y)
(less ?x ?y) => (less (succ ?x) (succ ?y))
(nmax ?n ?m) => (ite (less ?n ?m) ?m ?n)
(ite (less ?n ?m) ?m ?n) => (nmax ?n ?m)
(mirror leaf) => leaf
leaf => (mirror leaf)
(mirror (node ?x ?y2 ?z)) => (node ?x (mirror ?z) (mirror ?y2))
(node ?x (mirror ?z) (mirror ?y2)) => (mirror (node ?x ?y2 ?z))
(height leaf) => zero
zero => (height leaf)
(height (node ?x ?y3 ?z)) => (succ (nmax (height ?y3) (height ?z)))
Searcher: (less ?autovar5 (succ ?autovar1))
Searcher: (less ?autovar5 (succ ?autovar3))
Searcher: (less zero ?autovar6)
Searcher: (less (succ ?autovar4) ?autovar6)
01:36:04 [0m[33m[WARN] [0m ex is: zero
01:36:04 [0m[33m[WARN] [0m ex is: (succ zero)
01:36:04 [0m[33m[WARN] [0m ex is: (succ (succ zero))
01:36:04 [0m[33m[WARN] [0m ex is: leaf
01:36:04 [0m[33m[WARN] [0m ex is: (node autovar_Nat_0 leaf leaf)
01:36:04 [0m[33m[WARN] [0m ex is: (node autovar_Nat_1 (node autovar_Nat_0 leaf leaf) (node autovar_Nat_0 leaf leaf))
01:36:04 [0m[33m[WARN] [0mRunning exploration without proof mode, but goals were given
01:36:04 [0m[33m[WARN] [0mProof mode: true
01:36:04 [0m[33m[WARN] [0m ex is: zero
01:36:04 [0m[33m[WARN] [0m ex is: (succ zero)
01:36:04 [0m[33m[WARN] [0m ex is: (succ (succ zero))
01:36:04 [0m[33m[WARN] [0m ex is: leaf
01:36:04 [0m[33m[WARN] [0m ex is: (node autovar_Nat_0 leaf leaf)
01:36:04 [0m[33m[WARN] [0m ex is: (node autovar_Nat_1 (node autovar_Nat_0 leaf leaf) (node autovar_Nat_0 leaf leaf))
01:36:04 [0m[33m[WARN] [0mRunning exploration without proof mode, but goals were given
01:36:04 [0m[33m[WARN] [0mProof mode: true
01:36:05 [0m[33m[WARN] [0mproved: (nmax ?ts_ph_Nat_0 ?ts_ph_Nat_0) => ?ts_ph_Nat_0
01:36:05 [0m[33m[WARN] [0mproved: (nmax zero ?ts_ph_Nat_0) => ?ts_ph_Nat_0
01:36:05 [0m[33m[WARN] [0mproved: (less ?ts_ph_Nat_0 ?ts_ph_Nat_0) => false
01:36:05 [0m[33m[WARN] [0mproved: (leq zero ?ts_ph_Nat_0) => true
