02:00:36 [0m[33m[WARN] [0mCollecting statistics
(leq ?__x0 ?__y1) => (or (= ?__x0 ?__y1) (less ?__x0 ?__y1))
(or (= ?__x0 ?__y1) (less ?__x0 ?__y1)) => (leq ?__x0 ?__y1)
(less ?x zero) => false
(less zero (succ ?x)) => true
(less (succ ?x) (succ ?y)) => (less ?x ?y)
(less ?x ?y) => (less (succ ?x) (succ ?y))
(mem ?x nil) => false
(mem ?x (cons ?y ?z)) => (or (= ?x ?y) (mem ?x ?z))
(or (= ?x ?y) (mem ?x ?z)) => (mem ?x (cons ?y ?z))
(insort ?i nil) => (cons ?i nil)
(cons ?i nil) => (insort ?i nil)
(insort ?i (cons ?x ?y2)) => (ite (less ?i ?x) (cons ?i (cons ?x ?y2)) (cons ?x (insort ?i ?y2)))
(ite (less ?i ?x) (cons ?i (cons ?x ?y2)) (cons ?x (insort ?i ?y2))) => (insort ?i (cons ?x ?y2))
(sort nil) => nil
nil => (sort nil)
(sort (cons ?x ?y3)) => (insort ?x (sort ?y3))
(insort ?x (sort ?y3)) => (sort (cons ?x ?y3))
Searcher: (less ?autovar5 (succ ?autovar1))
Searcher: (less ?autovar5 (succ ?autovar3))
Searcher: (less zero ?autovar6)
Searcher: (less (succ ?autovar4) ?autovar6)
02:00:36 [0m[33m[WARN] [0m ex is: zero
02:00:36 [0m[33m[WARN] [0m ex is: (succ zero)
02:00:36 [0m[33m[WARN] [0m ex is: (succ (succ zero))
02:00:36 [0m[33m[WARN] [0m ex is: nil
02:00:36 [0m[33m[WARN] [0m ex is: (cons autovar_Nat_0 nil)
02:00:36 [0m[33m[WARN] [0m ex is: (cons autovar_Nat_1 (cons autovar_Nat_0 nil))
02:00:36 [0m[33m[WARN] [0mRunning exploration without proof mode, but goals were given
02:00:36 [0m[33m[WARN] [0mProof mode: true
02:00:36 [0m[33m[WARN] [0m ex is: zero
02:00:36 [0m[33m[WARN] [0m ex is: (succ zero)
02:00:36 [0m[33m[WARN] [0m ex is: (succ (succ zero))
02:00:36 [0m[33m[WARN] [0m ex is: nil
02:00:36 [0m[33m[WARN] [0m ex is: (cons autovar_Nat_0 nil)
02:00:36 [0m[33m[WARN] [0m ex is: (cons autovar_Nat_1 (cons autovar_Nat_0 nil))
02:00:36 [0m[33m[WARN] [0mRunning exploration without proof mode, but goals were given
02:00:36 [0m[33m[WARN] [0mProof mode: true
02:00:41 [0m[33m[WARN] [0mproved: (less ?ts_ph_Nat_0 ?ts_ph_Nat_0) => false
02:00:41 [0m[33m[WARN] [0mproved: (leq zero ?ts_ph_Nat_0) => true
02:00:41 [0m[33m[WARN] [0mproved: (cons zero ?ts_ph_Lst_0) => (insort zero ?ts_ph_Lst_0)
02:00:41 [0m[33m[WARN] [0mproved: (insort zero ?ts_ph_Lst_0) => (cons zero ?ts_ph_Lst_0)
02:00:41 [0m[33m[WARN] [0mStopped case split due to node limit
02:00:43 [0m[33m[WARN] [0mStopped case split due to node limit
02:00:44 [0m[33m[WARN] [0mStopped case split due to node limit
02:00:45 [0m[33m[WARN] [0mStopped case split due to node limit
02:00:46 [0m[33m[WARN] [0mStopped case split due to node limit
02:00:47 [0m[33m[WARN] [0mStopped case split due to node limit
02:00:47 [0m[33m[WARN] [0mStopped case split due to node limit
02:00:48 [0m[33m[WARN] [0mStopped case split due to node limit
02:00:57 [0m[33m[WARN] [0mStopped case split due to node limit
02:00:59 [0m[33m[WARN] [0mStopped case split due to node limit
02:01:01 [0m[33m[WARN] [0mStopped case split due to node limit
02:01:02 [0m[33m[WARN] [0mStopped case split due to node limit
02:01:04 [0m[33m[WARN] [0mStopped case split due to node limit
02:01:05 [0m[33m[WARN] [0mStopped case split due to node limit
02:01:06 [0m[33m[WARN] [0mStopped case split due to node limit
02:01:08 [0m[33m[WARN] [0mStopped case split due to node limit
02:01:09 [0m[33m[WARN] [0mStopped case split due to node limit
02:01:10 [0m[33m[WARN] [0mStopped case split due to node limit
02:01:12 [0m[33m[WARN] [0mStopped case split due to node limit
02:01:13 [0m[33m[WARN] [0mStopped case split due to node limit
02:01:14 [0m[33m[WARN] [0mStopped case split due to node limit
02:01:16 [0m[33m[WARN] [0mStopped case split due to node limit
02:01:17 [0m[33m[WARN] [0mStopped case split due to node limit
02:01:18 [0m[33m[WARN] [0mStopped case split due to node limit
02:01:20 [0m[33m[WARN] [0mStopped case split due to node limit
02:01:21 [0m[33m[WARN] [0mStopped case split due to node limit
02:01:23 [0m[33m[WARN] [0mStopped case split due to node limit
02:01:24 [0m[33m[WARN] [0mStopped case split due to node limit
02:01:31 [0m[33m[WARN] [0mStopped case split due to node limit
02:01:33 [0m[33m[WARN] [0mStopped case split due to node limit
02:01:34 [0m[33m[WARN] [0mStopped case split due to node limit
02:01:35 [0m[33m[WARN] [0mStopped case split due to node limit
