01:55:02 [0m[33m[WARN] [0mCollecting statistics
(leq ?__x0 ?__y1) => (or (= ?__x0 ?__y1) (less ?__x0 ?__y1))
(or (= ?__x0 ?__y1) (less ?__x0 ?__y1)) => (leq ?__x0 ?__y1)
(minus zero ?n) => zero
(minus ?n zero) => ?n
(minus (succ ?n) (succ ?m)) => (minus ?n ?m)
(minus ?n ?m) => (minus (succ ?n) (succ ?m))
(drop ?x nil) => nil
(drop zero ?x2) => ?x2
(drop (succ ?x) (cons ?y ?z)) => (drop ?x ?z)
(take ?x nil) => nil
(take zero ?x3) => nil
(take (succ ?x) (cons ?y ?z)) => (cons ?y (take ?x ?z))
(cons ?y (take ?x ?z)) => (take (succ ?x) (cons ?y ?z))
Searcher: (minus ?autovar4 (succ ?autovar2))
Searcher: (minus (succ ?autovar3) ?autovar5)
Searcher: (drop ?autovar5 (cons ?autovar2 ?autovar3))
Searcher: (drop (succ ?autovar4) ?autovar6)
Searcher: (take ?autovar5 (cons ?autovar2 ?autovar3))
Searcher: (take (succ ?autovar4) ?autovar6)
01:55:02 [0m[33m[WARN] [0m ex is: zero
01:55:02 [0m[33m[WARN] [0m ex is: (succ zero)
01:55:02 [0m[33m[WARN] [0m ex is: (succ (succ zero))
01:55:02 [0m[33m[WARN] [0m ex is: nil
01:55:02 [0m[33m[WARN] [0m ex is: (cons autovar_Nat_0 nil)
01:55:02 [0m[33m[WARN] [0m ex is: (cons autovar_Nat_1 (cons autovar_Nat_0 nil))
01:55:02 [0m[33m[WARN] [0mRunning exploration without proof mode, but goals were given
01:55:02 [0m[33m[WARN] [0mProof mode: true
01:55:02 [0m[33m[WARN] [0m ex is: zero
01:55:02 [0m[33m[WARN] [0m ex is: (succ zero)
01:55:02 [0m[33m[WARN] [0m ex is: (succ (succ zero))
01:55:02 [0m[33m[WARN] [0m ex is: nil
01:55:02 [0m[33m[WARN] [0m ex is: (cons autovar_Nat_0 nil)
01:55:02 [0m[33m[WARN] [0m ex is: (cons autovar_Nat_1 (cons autovar_Nat_0 nil))
01:55:02 [0m[33m[WARN] [0mRunning exploration without proof mode, but goals were given
01:55:02 [0m[33m[WARN] [0mProof mode: true
01:55:03 [0m[33m[WARN] [0mproved: (leq zero ?ts_ph_Nat_0) => true
01:55:03 [0m[33m[WARN] [0mproved: (minus ?ts_ph_Nat_0 ?ts_ph_Nat_0) => zero
