01:47:00 [0m[33m[WARN] [0mCollecting statistics
(leq ?__x0 ?__y1) => (or (= ?__x0 ?__y1) (less ?__x0 ?__y1))
(or (= ?__x0 ?__y1) (less ?__x0 ?__y1)) => (leq ?__x0 ?__y1)
(append nil ?x) => ?x
(append (cons ?x2 ?y) ?z) => (cons ?x2 (append ?y ?z))
(cons ?x2 (append ?y ?z)) => (append (cons ?x2 ?y) ?z)
(count ?x3 nil) => zero
(count ?x4 (cons ?y5 ?z)) => (ite (= ?x4 ?y5) (succ (count ?x4 ?z)) (count ?x4 ?z))
(ite (= ?x4 ?y5) (succ (count ?x4 ?z)) (count ?x4 ?z)) => (count ?x4 (cons ?y5 ?z))
(rev nil) => nil
nil => (rev nil)
(rev (cons ?x6 ?y)) => (append (rev ?y) (cons ?x6 nil))
(append (rev ?y) (cons ?x6 nil)) => (rev (cons ?x6 ?y))
01:47:00 [0m[33m[WARN] [0m ex is: zero
01:47:00 [0m[33m[WARN] [0m ex is: (succ zero)
01:47:00 [0m[33m[WARN] [0m ex is: (succ (succ zero))
01:47:00 [0m[33m[WARN] [0m ex is: nil
01:47:00 [0m[33m[WARN] [0m ex is: (cons autovar_Nat_0 nil)
01:47:00 [0m[33m[WARN] [0m ex is: (cons autovar_Nat_1 (cons autovar_Nat_0 nil))
01:47:00 [0m[33m[WARN] [0mRunning exploration without proof mode, but goals were given
01:47:00 [0m[33m[WARN] [0mProof mode: true
01:47:00 [0m[33m[WARN] [0m ex is: zero
01:47:00 [0m[33m[WARN] [0m ex is: (succ zero)
01:47:00 [0m[33m[WARN] [0m ex is: (succ (succ zero))
01:47:00 [0m[33m[WARN] [0m ex is: nil
01:47:00 [0m[33m[WARN] [0m ex is: (cons autovar_Nat_0 nil)
01:47:00 [0m[33m[WARN] [0m ex is: (cons autovar_Nat_1 (cons autovar_Nat_0 nil))
01:47:00 [0m[33m[WARN] [0mRunning exploration without proof mode, but goals were given
01:47:00 [0m[33m[WARN] [0mProof mode: true
01:47:00 [0m[33m[WARN] [0mproved: (append ?ts_ph_Lst_0 nil) => ?ts_ph_Lst_0
01:47:00 [0m[33m[WARN] [0mproved: (leq zero ?ts_ph_Nat_0) => true
