02:05:27 [0m[33m[WARN] [0mCollecting statistics
(leq ?__x0 ?__y1) => (or (= ?__x0 ?__y1) (less ?__x0 ?__y1))
(or (= ?__x0 ?__y1) (less ?__x0 ?__y1)) => (leq ?__x0 ?__y1)
(plus zero ?n) => ?n
(plus (succ ?n) ?m) => (succ (plus ?n ?m))
(succ (plus ?n ?m)) => (plus (succ ?n) ?m)
(minus zero ?n) => zero
(minus ?n zero) => ?n
(minus (succ ?n) (succ ?m)) => (minus ?n ?m)
(minus ?n ?m) => (minus (succ ?n) (succ ?m))
Searcher: (minus ?autovar4 (succ ?autovar2))
Searcher: (minus (succ ?autovar3) ?autovar5)
02:05:27 [0m[33m[WARN] [0m ex is: zero
02:05:27 [0m[33m[WARN] [0m ex is: (succ zero)
02:05:27 [0m[33m[WARN] [0m ex is: (succ (succ zero))
02:05:27 [0m[33m[WARN] [0mRunning exploration without proof mode, but goals were given
02:05:27 [0m[33m[WARN] [0mProof mode: true
02:05:27 [0m[33m[WARN] [0m ex is: zero
02:05:27 [0m[33m[WARN] [0m ex is: (succ zero)
02:05:27 [0m[33m[WARN] [0m ex is: (succ (succ zero))
02:05:27 [0m[33m[WARN] [0mRunning exploration without proof mode, but goals were given
02:05:27 [0m[33m[WARN] [0mProof mode: true
02:05:27 [0m[33m[WARN] [0mproved: (plus ?ts_ph_Nat_0 zero) => ?ts_ph_Nat_0
02:05:27 [0m[33m[WARN] [0mproved: (minus ?ts_ph_Nat_0 ?ts_ph_Nat_0) => zero
02:05:27 [0m[33m[WARN] [0mproved: (leq zero ?ts_ph_Nat_0) => true
02:06:15 [0m[33m[WARN] [0mproved: (succ ?ts_ph_Nat_0) => (plus ?ts_ph_Nat_0 (succ zero))
02:06:15 [0m[33m[WARN] [0mproved: (plus ?ts_ph_Nat_0 (succ zero)) => (succ ?ts_ph_Nat_0)
02:06:15 [0m[33m[WARN] [0mproved: (minus (succ ?ts_ph_Nat_0) ?ts_ph_Nat_0) => (succ zero)
02:06:15 [0m[33m[WARN] [0mgeneralized case_split proof as: (plus ?ts_ph_Nat_0 (plus ?ts_ph_Nat_1 ?ts_ph_Nat_2)) -- (plus (plus ?ts_ph_Nat_0 ?ts_ph_Nat_1) ?ts_ph_Nat_2)
02:06:15 [0m[33m[WARN] [0mproved: (plus ?ts_ph_Nat_0 (plus ?ts_ph_Nat_1 ?ts_ph_Nat_2)) => (plus (plus ?ts_ph_Nat_0 ?ts_ph_Nat_1) ?ts_ph_Nat_2)
02:06:15 [0m[33m[WARN] [0mproved: (plus (plus ?ts_ph_Nat_0 ?ts_ph_Nat_1) ?ts_ph_Nat_2) => (plus ?ts_ph_Nat_0 (plus ?ts_ph_Nat_1 ?ts_ph_Nat_2))
02:06:15 [0m[33m[WARN] [0mFound all lemmas
done in 48208
