01:58:52 [WARN] Collecting statistics
01:58:52 [WARN]  ex is: zero
01:58:52 [WARN]  ex is: (succ zero)
01:58:52 [WARN]  ex is: (succ (succ zero))
01:58:52 [WARN]  ex is: nil
01:58:52 [WARN]  ex is: (cons autovar_Nat_0 nil)
01:58:52 [WARN]  ex is: (cons autovar_Nat_1 (cons autovar_Nat_0 nil))
01:58:52 [WARN] Running exploration without proof mode, but goals were given
01:58:52 [WARN] Proof mode: true
01:58:52 [WARN]  ex is: zero
01:58:52 [WARN]  ex is: (succ zero)
01:58:52 [WARN]  ex is: (succ (succ zero))
01:58:52 [WARN]  ex is: nil
01:58:52 [WARN]  ex is: (cons autovar_Nat_0 nil)
01:58:52 [WARN]  ex is: (cons autovar_Nat_1 (cons autovar_Nat_0 nil))
01:58:52 [WARN] Running exploration without proof mode, but goals were given
01:58:52 [WARN] Proof mode: true
01:58:52 [WARN] proved: (leq zero ?ts_ph_Nat_0) => true
01:58:52 [WARN] proved: (less ?ts_ph_Nat_0 ?ts_ph_Nat_0) => false
01:59:24 [WARN] proved: (less (succ ?ts_ph_Nat_0) ?ts_ph_Nat_0) => false
01:59:24 [WARN] proved: (leq (succ zero) (succ ?ts_ph_Nat_0)) => true
01:59:25 [WARN] proved: (less ?ts_ph_Nat_0 (succ ?ts_ph_Nat_0)) => (leq (succ zero) (succ ?ts_ph_Nat_0))
01:59:25 [WARN] proved: (leq (succ zero) (succ ?ts_ph_Nat_0)) => (less ?ts_ph_Nat_0 (succ ?ts_ph_Nat_0))
01:59:25 [WARN] proved: (less zero ?ts_ph_Nat_0) => (leq (succ zero) ?ts_ph_Nat_0)
01:59:25 [WARN] proved: (leq (succ zero) ?ts_ph_Nat_0) => (less zero ?ts_ph_Nat_0)
01:59:25 [WARN] proved: (delete ?ts_ph_Nat_1 ?ts_ph_Lst_0) => (delete ?ts_ph_Nat_1 (delete ?ts_ph_Nat_1 ?ts_ph_Lst_0))
01:59:25 [WARN] proved: (delete ?ts_ph_Nat_1 (delete ?ts_ph_Nat_1 ?ts_ph_Lst_0)) => (delete ?ts_ph_Nat_1 ?ts_ph_Lst_0)
01:59:25 [WARN] proved: (cons ?ts_ph_Nat_0 nil) => (delete (succ ?ts_ph_Nat_0) (cons ?ts_ph_Nat_0 nil))
01:59:25 [WARN] proved: (delete (succ ?ts_ph_Nat_0) (cons ?ts_ph_Nat_0 nil)) => (cons ?ts_ph_Nat_0 nil)
