02:01:37 [WARN] Collecting statistics
02:01:37 [WARN]  ex is: zero
02:01:37 [WARN]  ex is: (succ zero)
02:01:37 [WARN]  ex is: (succ (succ zero))
02:01:37 [WARN]  ex is: nil
02:01:37 [WARN]  ex is: (cons autovar_Nat_0 nil)
02:01:37 [WARN]  ex is: (cons autovar_Nat_1 (cons autovar_Nat_0 nil))
02:01:37 [WARN]  ex is: (mkpair autovar_Nat_0 autovar_Nat_1)
02:01:37 [WARN]  ex is: znil
02:01:37 [WARN]  ex is: (zcons autovar_Pair_0 znil)
02:01:37 [WARN]  ex is: (zcons autovar_Pair_1 (zcons autovar_Pair_0 znil))
02:01:37 [WARN] Running exploration without proof mode, but goals were given
02:01:37 [WARN] Proof mode: true
02:01:37 [WARN]  ex is: zero
02:01:37 [WARN]  ex is: (succ zero)
02:01:37 [WARN]  ex is: (succ (succ zero))
02:01:37 [WARN]  ex is: nil
02:01:37 [WARN]  ex is: (cons autovar_Nat_0 nil)
02:01:37 [WARN]  ex is: (cons autovar_Nat_1 (cons autovar_Nat_0 nil))
02:01:37 [WARN]  ex is: (mkpair autovar_Nat_0 autovar_Nat_1)
02:01:37 [WARN]  ex is: znil
02:01:37 [WARN]  ex is: (zcons autovar_Pair_0 znil)
02:01:37 [WARN]  ex is: (zcons autovar_Pair_1 (zcons autovar_Pair_0 znil))
02:01:37 [WARN] Running exploration without proof mode, but goals were given
02:01:37 [WARN] Proof mode: true
02:01:37 [WARN] proved: (leq zero ?ts_ph_Nat_0) => true
02:01:52 [WARN] proved: (drop ?ts_ph_Nat_0 (cons zero ?ts_ph_Lst_1)) => (drop ?ts_ph_Nat_0 (cons ?ts_ph_Nat_0 ?ts_ph_Lst_1))
02:01:52 [WARN] proved: (drop ?ts_ph_Nat_0 (cons ?ts_ph_Nat_0 ?ts_ph_Lst_1)) => (drop ?ts_ph_Nat_0 (cons zero ?ts_ph_Lst_1))
02:01:52 [WARN] proved: (leq (succ zero) (succ ?ts_ph_Nat_0)) => true
02:01:53 [WARN] proved: (zdrop (succ zero) (zdrop ?ts_ph_Nat_1 ?ts_ph_ZLst_0)) => (zdrop (succ ?ts_ph_Nat_1) ?ts_ph_ZLst_0)
02:01:53 [WARN] proved: (zdrop (succ ?ts_ph_Nat_1) ?ts_ph_ZLst_0) => (zdrop (succ zero) (zdrop ?ts_ph_Nat_1 ?ts_ph_ZLst_0))
02:01:53 [WARN] proved: (zdrop ?ts_ph_Nat_0 (zdrop ?ts_ph_Nat_1 ?ts_ph_ZLst_1)) => (zdrop ?ts_ph_Nat_1 (zdrop ?ts_ph_Nat_0 ?ts_ph_ZLst_1))
02:01:53 [WARN] proved: (zdrop ?ts_ph_Nat_1 (zdrop ?ts_ph_Nat_0 ?ts_ph_ZLst_1)) => (zdrop ?ts_ph_Nat_0 (zdrop ?ts_ph_Nat_1 ?ts_ph_ZLst_1))
02:01:54 [WARN] proved: (drop (succ zero) (drop ?ts_ph_Nat_1 ?ts_ph_Lst_0)) => (drop (succ ?ts_ph_Nat_1) ?ts_ph_Lst_0)
02:01:54 [WARN] proved: (drop (succ ?ts_ph_Nat_1) ?ts_ph_Lst_0) => (drop (succ zero) (drop ?ts_ph_Nat_1 ?ts_ph_Lst_0))
02:01:57 [WARN] proved: (drop ?ts_ph_Nat_0 (drop ?ts_ph_Nat_1 ?ts_ph_Lst_1)) => (drop ?ts_ph_Nat_1 (drop ?ts_ph_Nat_0 ?ts_ph_Lst_1))
02:01:57 [WARN] proved: (drop ?ts_ph_Nat_1 (drop ?ts_ph_Nat_0 ?ts_ph_Lst_1)) => (drop ?ts_ph_Nat_0 (drop ?ts_ph_Nat_1 ?ts_ph_Lst_1))
