01:46:05 [WARN] Collecting statistics
01:46:05 [WARN]  ex is: zero
01:46:05 [WARN]  ex is: (succ zero)
01:46:05 [WARN]  ex is: (succ (succ zero))
01:46:05 [WARN] Running exploration without proof mode, but goals were given
01:46:05 [WARN] Proof mode: true
01:46:05 [WARN]  ex is: zero
01:46:05 [WARN]  ex is: (succ zero)
01:46:05 [WARN]  ex is: (succ (succ zero))
01:46:05 [WARN] Running exploration without proof mode, but goals were given
01:46:05 [WARN] Proof mode: true
01:46:06 [WARN] proved: (nmax zero ?ts_ph_Nat_0) => ?ts_ph_Nat_0
01:46:06 [WARN] proved: (nmax ?ts_ph_Nat_0 ?ts_ph_Nat_0) => ?ts_ph_Nat_0
01:46:06 [WARN] proved: (less ?ts_ph_Nat_0 ?ts_ph_Nat_0) => false
01:46:06 [WARN] proved: (leq zero ?ts_ph_Nat_0) => true
01:46:45 [WARN] proved: (less (succ ?ts_ph_Nat_0) ?ts_ph_Nat_0) => false
01:46:45 [WARN] proved: (nmax ?ts_ph_Nat_0 (succ zero)) => (nmax (succ zero) ?ts_ph_Nat_0)
01:46:45 [WARN] proved: (nmax (succ zero) ?ts_ph_Nat_0) => (nmax ?ts_ph_Nat_0 (succ zero))
01:46:45 [WARN] proved: (leq (succ zero) (succ ?ts_ph_Nat_0)) => true
01:46:45 [WARN] proved: (leq (succ zero) (succ ?ts_ph_Nat_0)) => (less ?ts_ph_Nat_0 (succ ?ts_ph_Nat_0))
01:46:45 [WARN] proved: (less ?ts_ph_Nat_0 (succ ?ts_ph_Nat_0)) => (leq (succ zero) (succ ?ts_ph_Nat_0))
