01:39:04 [0m[33m[WARN] [0mCollecting statistics
(leq ?__x0 ?__y1) => (or (= ?__x0 ?__y1) (less ?__x0 ?__y1))
(or (= ?__x0 ?__y1) (less ?__x0 ?__y1)) => (leq ?__x0 ?__y1)
(less ?x zero) => false
(less zero (succ ?x)) => true
(less (succ ?x) (succ ?y)) => (less ?x ?y)
(less ?x ?y) => (less (succ ?x) (succ ?y))
(len nil) => zero
zero => (len nil)
(len (cons ?x ?y2)) => (succ (len ?y2))
(insort ?i nil) => (cons ?i nil)
(cons ?i nil) => (insort ?i nil)
(insort ?i (cons ?x ?y3)) => (ite (less ?i ?x) (cons ?i (cons ?x ?y3)) (cons ?x (insort ?i ?y3)))
(ite (less ?i ?x) (cons ?i (cons ?x ?y3)) (cons ?x (insort ?i ?y3))) => (insort ?i (cons ?x ?y3))
(sort nil) => nil
nil => (sort nil)
(sort (cons ?x ?y4)) => (insort ?x (sort ?y4))
(insort ?x (sort ?y4)) => (sort (cons ?x ?y4))
(plus zero ?n) => ?n
(plus (succ ?n) ?m) => (succ (plus ?n ?m))
(sum nil) => zero
(sum (cons ?x ?xs)) => (plus ?x (sum ?xs))
(rev nil) => nil
nil => (rev nil)
(rev (cons ?x6 ?y)) => (append (rev ?y) (cons ?x6 nil))
(append nil ?x) => ?x
(append (cons ?x2 ?y) ?z) => (cons ?x2 (append ?y ?z))
Searcher: (less ?autovar5 (succ ?autovar1))
Searcher: (less ?autovar5 (succ ?autovar3))
Searcher: (less zero ?autovar6)
Searcher: (less (succ ?autovar4) ?autovar6)
01:39:04 [0m[33m[WARN] [0m ex is: zero
01:39:04 [0m[33m[WARN] [0m ex is: (succ zero)
01:39:04 [0m[33m[WARN] [0m ex is: (succ (succ zero))
01:39:04 [0m[33m[WARN] [0m ex is: nil
01:39:04 [0m[33m[WARN] [0m ex is: (cons autovar_Nat_0 nil)
01:39:04 [0m[33m[WARN] [0m ex is: (cons autovar_Nat_1 (cons autovar_Nat_0 nil))
01:39:04 [0m[33m[WARN] [0mRunning exploration without proof mode, but goals were given
01:39:04 [0m[33m[WARN] [0mProof mode: true
01:39:04 [0m[33m[WARN] [0m ex is: zero
01:39:04 [0m[33m[WARN] [0m ex is: (succ zero)
01:39:04 [0m[33m[WARN] [0m ex is: (succ (succ zero))
01:39:04 [0m[33m[WARN] [0m ex is: nil
01:39:04 [0m[33m[WARN] [0m ex is: (cons autovar_Nat_0 nil)
01:39:04 [0m[33m[WARN] [0m ex is: (cons autovar_Nat_1 (cons autovar_Nat_0 nil))
01:39:04 [0m[33m[WARN] [0mRunning exploration without proof mode, but goals were given
01:39:04 [0m[33m[WARN] [0mProof mode: true
01:39:05 [0m[33m[WARN] [0mproved: (append ?ts_ph_Lst_0 nil) => ?ts_ph_Lst_0
01:39:05 [0m[33m[WARN] [0mproved: (less ?ts_ph_Nat_0 ?ts_ph_Nat_0) => false
01:39:05 [0m[33m[WARN] [0mproved: (leq zero ?ts_ph_Nat_0) => true
01:39:05 [0m[33m[WARN] [0mproved: (plus ?ts_ph_Nat_0 zero) => ?ts_ph_Nat_0
01:39:05 [0m[33m[WARN] [0mproved: (insort zero ?ts_ph_Lst_0) => (cons zero ?ts_ph_Lst_0)
01:39:05 [0m[33m[WARN] [0mproved: (cons zero ?ts_ph_Lst_0) => (insort zero ?ts_ph_Lst_0)
