01:50:54 [0m[33m[WARN] [0mCollecting statistics
(leq ?__x0 ?__y1) => (or (= ?__x0 ?__y1) (less ?__x0 ?__y1))
(or (= ?__x0 ?__y1) (less ?__x0 ?__y1)) => (leq ?__x0 ?__y1)
(minus zero ?n) => zero
(minus ?n zero) => ?n
(minus (succ ?n) (succ ?m)) => (minus ?n ?m)
(minus ?n ?m) => (minus (succ ?n) (succ ?m))
Searcher: (minus ?autovar4 (succ ?autovar2))
Searcher: (minus (succ ?autovar3) ?autovar5)
01:50:54 [0m[33m[WARN] [0m ex is: zero
01:50:54 [0m[33m[WARN] [0m ex is: (succ zero)
01:50:54 [0m[33m[WARN] [0m ex is: (succ (succ zero))
01:50:54 [0m[33m[WARN] [0mRunning exploration without proof mode, but goals were given
01:50:54 [0m[33m[WARN] [0mProof mode: true
01:50:54 [0m[33m[WARN] [0m ex is: zero
01:50:54 [0m[33m[WARN] [0m ex is: (succ zero)
01:50:54 [0m[33m[WARN] [0m ex is: (succ (succ zero))
01:50:54 [0m[33m[WARN] [0mRunning exploration without proof mode, but goals were given
01:50:54 [0m[33m[WARN] [0mProof mode: true
01:50:57 [0m[33m[WARN] [0mproved: (minus ?ts_ph_Nat_0 ?ts_ph_Nat_0) => zero
01:50:59 [0m[33m[WARN] [0mproved: (leq zero ?ts_ph_Nat_0) => true
01:51:07 [0m[33m[WARN] [0mproved: (minus ?ts_ph_Nat_0 (succ ?ts_ph_Nat_0)) => zero
01:51:09 [0m[33m[WARN] [0mproved: (leq (succ zero) (succ ?ts_ph_Nat_0)) => true
01:51:11 [0m[33m[WARN] [0mproved: (minus (succ ?ts_ph_Nat_0) ?ts_ph_Nat_0) => (succ zero)
01:51:14 [0m[33m[WARN] [0mproved: (minus (minus ?ts_ph_Nat_1 ?ts_ph_Nat_0) (succ zero)) => (minus ?ts_ph_Nat_1 (succ ?ts_ph_Nat_0))
01:51:14 [0m[33m[WARN] [0mproved: (minus ?ts_ph_Nat_1 (succ ?ts_ph_Nat_0)) => (minus (minus ?ts_ph_Nat_1 ?ts_ph_Nat_0) (succ zero))
