08:38:00 [WARN] Collecting statistics
08:38:00 [WARN]  ex is: zero
08:38:00 [WARN]  ex is: (succ zero)
08:38:00 [WARN]  ex is: (succ (succ zero))
08:38:00 [WARN]  ex is: nil
08:38:00 [WARN]  ex is: (cons autovar_Nat_0 nil)
08:38:00 [WARN]  ex is: (cons autovar_Nat_1 (cons autovar_Nat_0 nil))
08:38:00 [WARN] Running exploration without proof mode, but goals were given
08:38:00 [WARN] Proof mode: true
08:38:00 [WARN]  ex is: zero
08:38:00 [WARN]  ex is: (succ zero)
08:38:00 [WARN]  ex is: (succ (succ zero))
08:38:00 [WARN]  ex is: nil
08:38:00 [WARN]  ex is: (cons autovar_Nat_0 nil)
08:38:00 [WARN]  ex is: (cons autovar_Nat_1 (cons autovar_Nat_0 nil))
08:38:00 [WARN] Running exploration without proof mode, but goals were given
08:38:00 [WARN] Proof mode: true
08:38:00 [WARN] proved: (plus ?ts_ph_Nat_0 zero) => ?ts_ph_Nat_0
08:38:00 [WARN] proved: (comp ?ts_ph_Nat_0 zero) => ?ts_ph_Nat_0
08:38:00 [WARN] proved: (comp ?ts_ph_Nat_0 ?ts_ph_Nat_0) => ?ts_ph_Nat_0
08:38:00 [WARN] proved: (lt ?ts_ph_Nat_0 ?ts_ph_Nat_0) => false
08:38:00 [WARN] proved: (sub ?ts_ph_Nat_0 ?ts_ph_Nat_0) => zero
