03:12:31 [0m[33m[WARN] [0mCollecting statistics
(plus zero ?y) => ?y
(plus (succ ?x) ?y) => (succ (plus ?x ?y))
(sub ?x zero) => ?x
(sub zero ?y) => zero
(sub (succ ?x) (succ ?y)) => (sub ?x ?y)
(leq zero ?y) => true
(leq (S ?x) zero) => false
(leq (S ?x) (succ ?y)) => (leq ?x ?y)
(lt ?x zero) => false
(lt zero (succ ?y)) => true
(lt (succ ?x) (succ ?y)) => (lt ?x ?y)
(fold ?f nil ?a) => ?a
(ta1 nil) => zero
(ta1 (cons ?hd nil)) => ?hd
(ta1 (cons ?hd ?tl)) => (ite (lt (ta1 ?tl) ?hd) ?hd (ta1 ?tl))
(sol118 nil) => zero
(sol118 (cons ?h ?t)) => (loop ?h ?t)
(loop ?fir nil) => ?fir
(loop ?fir (cons ?h ?t)) => (ite (lt (loop ?fir ?t) ?h) ?h (loop ?fir ?t))
Searcher: (sub ?autovar4 (succ ?autovar2))
Searcher: (sub (succ ?autovar3) ?autovar5)
Searcher: (leq (S ?autovar1) ?autovar3)
Searcher: (leq (S ?autovar2) ?autovar3)
Searcher: (lt ?autovar5 (succ ?autovar1))
Searcher: (lt ?autovar5 (succ ?autovar3))
Searcher: (lt zero ?autovar6)
Searcher: (lt (succ ?autovar4) ?autovar6)
03:12:31 [0m[33m[WARN] [0m ex is: zero
03:12:31 [0m[33m[WARN] [0m ex is: (succ zero)
03:12:31 [0m[33m[WARN] [0m ex is: (succ (succ zero))
03:12:31 [0m[33m[WARN] [0m ex is: nil
03:12:31 [0m[33m[WARN] [0m ex is: (cons autovar_Nat_0 nil)
03:12:31 [0m[33m[WARN] [0m ex is: (cons autovar_Nat_1 (cons autovar_Nat_0 nil))
03:12:31 [0m[33m[WARN] [0mRunning exploration without proof mode, but goals were given
03:12:31 [0m[33m[WARN] [0mProof mode: true
03:12:31 [0m[33m[WARN] [0m ex is: zero
03:12:31 [0m[33m[WARN] [0m ex is: (succ zero)
03:12:31 [0m[33m[WARN] [0m ex is: (succ (succ zero))
03:12:31 [0m[33m[WARN] [0m ex is: nil
03:12:31 [0m[33m[WARN] [0m ex is: (cons autovar_Nat_0 nil)
03:12:31 [0m[33m[WARN] [0m ex is: (cons autovar_Nat_1 (cons autovar_Nat_0 nil))
03:12:31 [0m[33m[WARN] [0mRunning exploration without proof mode, but goals were given
03:12:31 [0m[33m[WARN] [0mProof mode: true
03:12:31 [0m[33m[WARN] [0mproved: (sub ?ts_ph_Nat_0 ?ts_ph_Nat_0) => zero
03:12:31 [0m[33m[WARN] [0mproved: (lt ?ts_ph_Nat_0 ?ts_ph_Nat_0) => false
03:12:31 [0m[33m[WARN] [0mproved: (plus ?ts_ph_Nat_0 zero) => ?ts_ph_Nat_0
03:12:31 [0m[33m[WARN] [0mproved: (loop zero ?ts_ph_Lst_0) => (ta1 ?ts_ph_Lst_0)
03:12:31 [0m[33m[WARN] [0mproved: (ta1 ?ts_ph_Lst_0) => (loop zero ?ts_ph_Lst_0)
