08:39:00 [WARN] Collecting statistics
08:39:00 [WARN]  ex is: zero
08:39:00 [WARN]  ex is: (succ zero)
08:39:00 [WARN]  ex is: (succ (succ zero))
08:39:00 [WARN]  ex is: nil
08:39:00 [WARN]  ex is: (cons autovar_Nat_0 nil)
08:39:00 [WARN]  ex is: (cons autovar_Nat_1 (cons autovar_Nat_0 nil))
08:39:00 [WARN] Running exploration without proof mode, but goals were given
08:39:00 [WARN] Proof mode: true
08:39:00 [WARN]  ex is: zero
08:39:00 [WARN]  ex is: (succ zero)
08:39:00 [WARN]  ex is: (succ (succ zero))
08:39:00 [WARN]  ex is: nil
08:39:00 [WARN]  ex is: (cons autovar_Nat_0 nil)
08:39:00 [WARN]  ex is: (cons autovar_Nat_1 (cons autovar_Nat_0 nil))
08:39:00 [WARN] Running exploration without proof mode, but goals were given
08:39:00 [WARN] Proof mode: true
08:39:00 [WARN] proved: (sub ?ts_ph_Nat_0 ?ts_ph_Nat_0) => zero
08:39:00 [WARN] proved: (lt ?ts_ph_Nat_0 ?ts_ph_Nat_0) => false
08:39:00 [WARN] proved: (plus ?ts_ph_Nat_0 zero) => ?ts_ph_Nat_0
08:39:00 [WARN] proved: (ta1 ?ts_ph_Lst_0) => (loop zero ?ts_ph_Lst_0)
08:39:00 [WARN] proved: (loop zero ?ts_ph_Lst_0) => (ta1 ?ts_ph_Lst_0)
