08:48:45 [0m[33m[WARN] [0mCollecting statistics
(plus Z ?y) => ?y
(plus (S ?x) ?y) => (S (plus ?x ?y))
(sub ?x Z) => ?x
(sub Z ?y) => Z
(sub (S ?x) (S ?y)) => (sub ?x ?y)
(lt ?x Z) => false
(lt Z (S ?y)) => true
(lt (S ?x) (S ?y)) => (lt ?x ?y)
(map ?f nil) => nil
(sol8 ?f ?a ?b) => (ite (lt ?b ?a) Z (sum8 (map ?f (range8 ?a ?b)) Z))
(sum8 nil ?acc) => ?acc
(sum8 (cons ?hd ?tl) ?acc) => (sum8 ?tl (plus ?hd ?acc))
(range8 ?a ?b) => (ite (lt ?b ?a) nil (cons ?a (range8 (S ?a) ?b)))
Searcher: (sub ?autovar4 (S ?autovar2))
Searcher: (sub (S ?autovar3) ?autovar5)
Searcher: (lt ?autovar5 (S ?autovar1))
Searcher: (lt ?autovar5 (S ?autovar3))
Searcher: (lt Z ?autovar6)
Searcher: (lt (S ?autovar4) ?autovar6)
08:48:45 [0m[33m[WARN] [0m ex is: Z
08:48:45 [0m[33m[WARN] [0m ex is: (S Z)
08:48:45 [0m[33m[WARN] [0m ex is: (S (S Z))
08:48:45 [0m[33m[WARN] [0m ex is: nil
08:48:45 [0m[33m[WARN] [0m ex is: (cons autovar_Nat_0 nil)
08:48:45 [0m[33m[WARN] [0m ex is: (cons autovar_Nat_1 (cons autovar_Nat_0 nil))
08:48:45 [0m[33m[WARN] [0mRunning exploration without proof mode, but goals were given
08:48:45 [0m[33m[WARN] [0mProof mode: true
08:48:45 [0m[33m[WARN] [0m ex is: Z
08:48:45 [0m[33m[WARN] [0m ex is: (S Z)
08:48:45 [0m[33m[WARN] [0m ex is: (S (S Z))
08:48:45 [0m[33m[WARN] [0m ex is: nil
08:48:45 [0m[33m[WARN] [0m ex is: (cons autovar_Nat_0 nil)
08:48:45 [0m[33m[WARN] [0m ex is: (cons autovar_Nat_1 (cons autovar_Nat_0 nil))
08:48:45 [0m[33m[WARN] [0mRunning exploration without proof mode, but goals were given
08:48:45 [0m[33m[WARN] [0mProof mode: true
