08:46:43 [WARN] Collecting statistics
08:46:43 [WARN]  ex is: Z
08:46:43 [WARN]  ex is: (S Z)
08:46:43 [WARN]  ex is: (S (S Z))
08:46:43 [WARN]  ex is: nil
08:46:43 [WARN]  ex is: (cons autovar_Nat_0 nil)
08:46:43 [WARN]  ex is: (cons autovar_Nat_1 (cons autovar_Nat_0 nil))
08:46:43 [WARN] Running exploration without proof mode, but goals were given
08:46:43 [WARN] Proof mode: true
08:46:43 [WARN]  ex is: Z
08:46:43 [WARN]  ex is: (S Z)
08:46:43 [WARN]  ex is: (S (S Z))
08:46:43 [WARN]  ex is: nil
08:46:43 [WARN]  ex is: (cons autovar_Nat_0 nil)
08:46:43 [WARN]  ex is: (cons autovar_Nat_1 (cons autovar_Nat_0 nil))
08:46:43 [WARN] Running exploration without proof mode, but goals were given
08:46:43 [WARN] Proof mode: true
08:46:43 [WARN] proved: (plus ?ts_ph_Nat_0 Z) => ?ts_ph_Nat_0
08:46:43 [WARN] proved: (lt ?ts_ph_Nat_0 ?ts_ph_Nat_0) => false
08:46:43 [WARN] proved: (sub ?ts_ph_Nat_0 ?ts_ph_Nat_0) => Z
