07:34:39 [WARN] Collecting statistics
07:34:39 [WARN]  ex is: Z
07:34:39 [WARN]  ex is: (S Z)
07:34:39 [WARN]  ex is: (S (S Z))
07:34:39 [WARN]  ex is: nil
07:34:39 [WARN]  ex is: (cons autovar_Nat_0 nil)
07:34:39 [WARN]  ex is: (cons autovar_Nat_1 (cons autovar_Nat_0 nil))
07:34:39 [WARN] Running exploration without proof mode, but goals were given
07:34:39 [WARN] Proof mode: true
07:34:39 [WARN]  ex is: Z
07:34:39 [WARN]  ex is: (S Z)
07:34:39 [WARN]  ex is: (S (S Z))
07:34:39 [WARN]  ex is: nil
07:34:39 [WARN]  ex is: (cons autovar_Nat_0 nil)
07:34:39 [WARN]  ex is: (cons autovar_Nat_1 (cons autovar_Nat_0 nil))
07:34:39 [WARN] Running exploration without proof mode, but goals were given
07:34:39 [WARN] Proof mode: true
07:34:39 [WARN] proved: (plus ?ts_ph_Nat_0 Z) => ?ts_ph_Nat_0
07:34:39 [WARN] proved: (sub ?ts_ph_Nat_0 ?ts_ph_Nat_0) => Z
07:34:39 [WARN] proved: (lt ?ts_ph_Nat_0 ?ts_ph_Nat_0) => false
