08:34:12 [0m[33m[WARN] [0mCollecting statistics
(append nil ?x) => ?x
(append (cons ?x2 ?y) ?z) => (cons ?x2 (append ?y ?z))
(mem ?n nil) => false
(mem ?n (cons ?x ?xs)) => (ite (= ?n ?x) true (mem ?n ?xs))
(check1 (V ?x) ?lst) => (mem ?x ?lst)
(check1 (P ?x ?e) ?lst) => (check1 ?e (cons ?x ?lst))
(check1 (C ?e1 ?e2) ?lst) => (and (check1 ?e1 ?lst) (check1 ?e2 ?lst))
(ta1 ?lambda) => (check1 ?lambda nil)
(exist ?p nil) => false
(exist ?p (cons ?hd ?tl)) => (or ($ ?p ?hd) (exist ?p ?tl))
(check4 (P ?st ?k) ?li) => (check4 ?k (cons ?st ?li))
(check4 (C ?me1 ?me2) ?li) => (and (check4 ?me1 ?li) (check4 ?me2 ?li))
(check4 (V ?na) ?li) => (exist (= ?na) ?li)
(ta4 (P ?st ?k)) => (check4 ?k (cons ?st nil))
(ta4 (C ?me1 ?me2)) => (and (check4 ?me1 nil) (check4 ?me2 nil))
(ta4 (V ?na)) => false
08:34:12 [0m[33m[WARN] [0m ex is: zero
08:34:12 [0m[33m[WARN] [0m ex is: (succ zero)
08:34:12 [0m[33m[WARN] [0m ex is: (succ (succ zero))
08:34:12 [0m[33m[WARN] [0m ex is: (V autovar_Nat_0)
08:34:12 [0m[33m[WARN] [0m ex is: (P autovar_Nat_1 (V autovar_Nat_0))
08:34:12 [0m[33m[WARN] [0m ex is: (C (V autovar_Nat_0) (V autovar_Nat_0))
08:34:12 [0m[33m[WARN] [0m ex is: (P autovar_Nat_2 (C (V autovar_Nat_0) (V autovar_Nat_0)))
08:34:12 [0m[33m[WARN] [0m ex is: (C (C (V autovar_Nat_0) (V autovar_Nat_0)) (C (V autovar_Nat_0) (V autovar_Nat_0)))
08:34:12 [0m[33m[WARN] [0m ex is: nil
08:34:12 [0m[33m[WARN] [0m ex is: (cons autovar_Nat_0 nil)
08:34:12 [0m[33m[WARN] [0m ex is: (cons autovar_Nat_1 (cons autovar_Nat_0 nil))
08:34:12 [0m[33m[WARN] [0mRunning exploration without proof mode, but goals were given
08:34:12 [0m[33m[WARN] [0mProof mode: true
08:34:12 [0m[33m[WARN] [0m ex is: zero
08:34:12 [0m[33m[WARN] [0m ex is: (succ zero)
08:34:12 [0m[33m[WARN] [0m ex is: (succ (succ zero))
08:34:12 [0m[33m[WARN] [0m ex is: (V autovar_Nat_0)
08:34:12 [0m[33m[WARN] [0m ex is: (P autovar_Nat_1 (V autovar_Nat_0))
08:34:12 [0m[33m[WARN] [0m ex is: (C (V autovar_Nat_0) (V autovar_Nat_0))
08:34:12 [0m[33m[WARN] [0m ex is: (P autovar_Nat_2 (C (V autovar_Nat_0) (V autovar_Nat_0)))
08:34:12 [0m[33m[WARN] [0m ex is: (C (C (V autovar_Nat_0) (V autovar_Nat_0)) (C (V autovar_Nat_0) (V autovar_Nat_0)))
08:34:12 [0m[33m[WARN] [0m ex is: nil
08:34:12 [0m[33m[WARN] [0m ex is: (cons autovar_Nat_0 nil)
08:34:12 [0m[33m[WARN] [0m ex is: (cons autovar_Nat_1 (cons autovar_Nat_0 nil))
08:34:12 [0m[33m[WARN] [0mRunning exploration without proof mode, but goals were given
08:34:12 [0m[33m[WARN] [0mProof mode: true
08:34:12 [0m[33m[WARN] [0mproved: (append ?ts_ph_Lst_0 nil) => ?ts_ph_Lst_0
08:34:12 [0m[33m[WARN] [0mproved: (check4 ?ts_ph_Lambda_0 nil) => (ta4 ?ts_ph_Lambda_0)
08:34:12 [0m[33m[WARN] [0mproved: (ta4 ?ts_ph_Lambda_0) => (check4 ?ts_ph_Lambda_0 nil)
08:34:16 [0m[33m[WARN] [0mgeneralized case_split proof as: (append ?ts_ph_Lst_0 (append ?ts_ph_Lst_1 ?ts_ph_Lst_2)) -- (append (append ?ts_ph_Lst_0 ?ts_ph_Lst_1) ?ts_ph_Lst_2)
08:34:16 [0m[33m[WARN] [0mproved: (append ?ts_ph_Lst_0 (append ?ts_ph_Lst_1 ?ts_ph_Lst_2)) => (append (append ?ts_ph_Lst_0 ?ts_ph_Lst_1) ?ts_ph_Lst_2)
08:34:16 [0m[33m[WARN] [0mproved: (append (append ?ts_ph_Lst_0 ?ts_ph_Lst_1) ?ts_ph_Lst_2) => (append ?ts_ph_Lst_0 (append ?ts_ph_Lst_1 ?ts_ph_Lst_2))
done in 4771
