08:33:59 [WARN] Collecting statistics
08:33:59 [WARN]  ex is: zero
08:33:59 [WARN]  ex is: (succ zero)
08:33:59 [WARN]  ex is: (succ (succ zero))
08:33:59 [WARN]  ex is: (V autovar_Nat_0)
08:33:59 [WARN]  ex is: (P autovar_Nat_1 (V autovar_Nat_0))
08:33:59 [WARN]  ex is: (C (V autovar_Nat_0) (V autovar_Nat_0))
08:33:59 [WARN]  ex is: (P autovar_Nat_2 (C (V autovar_Nat_0) (V autovar_Nat_0)))
08:33:59 [WARN]  ex is: (C (C (V autovar_Nat_0) (V autovar_Nat_0)) (C (V autovar_Nat_0) (V autovar_Nat_0)))
08:33:59 [WARN]  ex is: nil
08:33:59 [WARN]  ex is: (cons autovar_Nat_0 nil)
08:33:59 [WARN]  ex is: (cons autovar_Nat_1 (cons autovar_Nat_0 nil))
08:33:59 [WARN] Running exploration without proof mode, but goals were given
08:33:59 [WARN] Proof mode: true
08:33:59 [WARN]  ex is: zero
08:33:59 [WARN]  ex is: (succ zero)
08:33:59 [WARN]  ex is: (succ (succ zero))
08:33:59 [WARN]  ex is: (V autovar_Nat_0)
08:33:59 [WARN]  ex is: (P autovar_Nat_1 (V autovar_Nat_0))
08:33:59 [WARN]  ex is: (C (V autovar_Nat_0) (V autovar_Nat_0))
08:33:59 [WARN]  ex is: (P autovar_Nat_2 (C (V autovar_Nat_0) (V autovar_Nat_0)))
08:33:59 [WARN]  ex is: (C (C (V autovar_Nat_0) (V autovar_Nat_0)) (C (V autovar_Nat_0) (V autovar_Nat_0)))
08:33:59 [WARN]  ex is: nil
08:33:59 [WARN]  ex is: (cons autovar_Nat_0 nil)
08:33:59 [WARN]  ex is: (cons autovar_Nat_1 (cons autovar_Nat_0 nil))
08:33:59 [WARN] Running exploration without proof mode, but goals were given
08:33:59 [WARN] Proof mode: true
08:33:59 [WARN] proved: (append ?ts_ph_Lst_0 nil) => ?ts_ph_Lst_0
08:34:07 [WARN] generalized case_split proof as: (append (append ?ts_ph_Lst_0 ?ts_ph_Lst_1) ?ts_ph_Lst_2) -- (append ?ts_ph_Lst_0 (append ?ts_ph_Lst_1 ?ts_ph_Lst_2))
08:34:07 [WARN] proved: (append (append ?ts_ph_Lst_0 ?ts_ph_Lst_1) ?ts_ph_Lst_2) => (append ?ts_ph_Lst_0 (append ?ts_ph_Lst_1 ?ts_ph_Lst_2))
08:34:07 [WARN] proved: (append ?ts_ph_Lst_0 (append ?ts_ph_Lst_1 ?ts_ph_Lst_2)) => (append (append ?ts_ph_Lst_0 ?ts_ph_Lst_1) ?ts_ph_Lst_2)
08:34:07 [WARN] proved: (deleteAll (deleteAll ?ts_ph_Lst_0 ?ts_ph_Nat_1) ?ts_ph_Nat_1) => (deleteAll ?ts_ph_Lst_0 ?ts_ph_Nat_1)
08:34:07 [WARN] proved: (deleteAll ?ts_ph_Lst_0 ?ts_ph_Nat_1) => (deleteAll (deleteAll ?ts_ph_Lst_0 ?ts_ph_Nat_1) ?ts_ph_Nat_1)
08:34:08 [WARN] proved: (append
  (deleteAll ?ts_ph_Lst_0 ?ts_ph_Nat_1)
  (deleteAll ?ts_ph_Lst_1 ?ts_ph_Nat_1)) => (deleteAll (append ?ts_ph_Lst_0 ?ts_ph_Lst_1) ?ts_ph_Nat_1)
08:34:08 [WARN] proved: (deleteAll (append ?ts_ph_Lst_0 ?ts_ph_Lst_1) ?ts_ph_Nat_1) => (append
  (deleteAll ?ts_ph_Lst_0 ?ts_ph_Nat_1)
  (deleteAll ?ts_ph_Lst_1 ?ts_ph_Nat_1))
