Proving begin add1-add2: (add1 n m) === (add2 n m)
Property accepted by cvec analysis
proved lemma forall n: Nat. m: Nat. (add1 n m) === (add2 n m) (add1 (S n_40) (S m_90)) === (add2 (S n_40) (S m_90))
(uncyclic) Theorized 0 lemmas, fully attempted 0 lemmas, proved 0 lemmas
add1-add2 uncyclic: VALID (4 ms)
Proving begin add1-add3: (add1 n m) === (add3 n m)
Property accepted by cvec analysis
proved lemma forall n: Nat. m: Nat. (add1 n m) === (add3 n m) (add1 (S (S n_40_120)) m) === (add3 (S (S n_40_120)) m)
(uncyclic) Theorized 0 lemmas, fully attempted 0 lemmas, proved 0 lemmas
add1-add3 uncyclic: VALID (3 ms)
Proving begin add1-add4: (add1 n m) === (add4 n m)
Property accepted by cvec analysis
proved lemma forall v0: Nat. v1: Nat. (S (add4 v0 v1)) === (add4 (S v0) v1) (S (add4 v0 (S v1_60))) === (add4 (S v0) (S v1_60))
proved lemma forall n: Nat. m: Nat. (add1 n m) === (add4 n m) (add1 Z (S (S m_50_110))) === (add4 Z (S (S m_50_110)))
(uncyclic) Theorized 2 lemmas, fully attempted 1 lemmas, proved 1 lemmas
add1-add4 uncyclic: VALID (10 ms)
Proving begin mul1-mul2: (mul1 n m) === (mul2 n m)
Property accepted by cvec analysis
proved lemma forall v0: Nat. Z === (mul1 v0 Z) Z === (mul1 (S v0_30) Z)
proved lemma forall v0: Nat. v1: Nat. (add1 v0 v1) === (add1 v1 v0) (add1 (S v0_40) (S v1_90)) === (add1 (S v1_90) (S v0_40))
proved lemma forall n: Nat. m: Nat. (mul1 n m) === (mul2 n m)
(uncyclic) Theorized 5 lemmas, fully attempted 2 lemmas, proved 2 lemmas
mul1-mul2 uncyclic: VALID (15 ms)
Proving begin mul1-mul3: (mul1 n m) === (mul3 n m)
Property accepted by cvec analysis
proved lemma forall v0: Nat. v1: Nat. (add1 v0 v1) === (add3 v0 v1) (add1 (S (S v0_40_120)) v1) === (add3 (S (S v0_40_120)) v1)
proved lemma forall n: Nat. m: Nat. (mul1 n m) === (mul3 n m)
(uncyclic) Theorized 2 lemmas, fully attempted 1 lemmas, proved 1 lemmas
mul1-mul3 uncyclic: VALID (10 ms)
Proving begin mul1-mul4: (mul1 n m) === (mul4 n m)
Property accepted by cvec analysis
proved lemma forall v0: Nat. Z === (mul4 v0 Z) Z === (mul4 (S v0_30) Z)
proved lemma forall v0: Nat. v1: Nat. (S (add3 v0 v1)) === (add3 v0 (S v1)) (S (add3 (S v0_60) v1)) === (add3 (S v0_60) (S v1))
proved lemma forall v0: Nat. v1: Nat. (add1 v0 v1) === (add3 v1 v0) (add1 Z (S (S v1_50_110))) === (add3 (S (S v1_50_110)) Z)
proved lemma forall n: Nat. m: Nat. (mul1 n m) === (mul4 n m)
(uncyclic) Theorized 7 lemmas, fully attempted 3 lemmas, proved 3 lemmas
mul1-mul4 uncyclic: VALID (26 ms)
Proving begin mul1-mul5: (mul1 n m) === (mul5 n m)
Property accepted by cvec analysis
proved lemma forall v0: Nat. v0 === (add1 v0 Z) (S v0_30) === (add1 (S v0_30) Z)
proved lemma forall v0: Nat. Z === (mul5 Z v0) Z === (mul5 Z (S v0_60))
proved lemma forall v0: Nat. v0 === (add1 v0 (mul5 Z v0))
proved lemma forall v0: Nat. v0 === (mul5 (S Z) v0) (S (S v0_80_150)) === (mul5 (S Z) (S (S v0_80_150)))
proved lemma forall v0: Nat. v0 === (mul5 (S (mul5 Z v0)) v0)
Reach the limit
Reach the limit
Reach the limit
Reach the limit
Reach the limit
Reach the limit
Reach the limit
Reach the limit
Reach the limit
(uncyclic) Theorized 11 lemmas, fully attempted 9 lemmas, proved 5 lemmas
mul1-mul5 uncyclic: TIMEOUT (63908 ms)
Proving begin mul1-mul6: (mul1 n m) === (mul6 n m)
Property accepted by cvec analysis
proved lemma forall v0: Nat. v0 === (add1 v0 Z) (S v0_30) === (add1 (S v0_30) Z)
proved lemma forall v0: Nat. Z === (mul6 Z v0) Z === (mul6 Z (S v0_60))
proved lemma forall v0: Nat. v0 === (add1 v0 (mul6 Z v0))
proved lemma forall v0: Nat. (S v0) === (add1 v0 (S Z)) (S (S v0_260)) === (add1 (S v0_260) (S Z))
Reach the limit
Reach the limit
(uncyclic) Theorized 34 lemmas, fully attempted 19 lemmas, proved 4 lemmas
mul1-mul6 uncyclic: TIMEOUT (62098 ms)
Proving begin mul1-mul7: (mul1 n m) === (mul7 n m)
Property accepted by cvec analysis
proved lemma forall v0: Nat. v1: Nat. (S (add1 v0 v1)) === (add1 v0 (S v1)) (S (add1 (S v0_60) v1)) === (add1 (S v0_60) (S v1))
proved lemma forall v0: Nat. v1: Nat. v2: Nat. (add1 v0 (add1 v1 v2)) === (add1 v1 (add1 v0 v2))
proved lemma forall n: Nat. m: Nat. (mul1 n m) === (mul7 n m)
(uncyclic) Theorized 2 lemmas, fully attempted 2 lemmas, proved 2 lemmas
mul1-mul7 uncyclic: VALID (143 ms)
Attempted 9 goals:
  7 solved (no cyclic)
